2024-08-29T17:00:52.984Z - info: Website generation (lazy) started at 1:00:46 am
2024-08-29T17:01:04.848Z - warn: ENOENT: no such file or directory, open 'C:\repos\nus-cs2103\cs2103-website-base\cache\gh-pages\https!github.com!nus-cs2103-AY2425S1!website.git\book\_markbind\variables.md'
2024-08-29T17:01:04.851Z - warn: ENOENT: no such file or directory, open 'C:\repos\nus-cs2103\cs2103-website-base\cache\gh-pages\https!github.com!nus-cs2103-AY2425S1!website.git\_markbind\variables.md'
2024-08-29T17:01:04.923Z - info: Building assets...
2024-08-29T17:02:05.610Z - info: Assets built
2024-08-29T17:02:05.611Z - info: Generating landing page...
2024-08-29T17:02:07.404Z - info: Landing page built, other pages will be built as you navigate to them!
2024-08-29T17:02:08.718Z - info: Site data built
2024-08-29T17:02:08.719Z - info: Website generation (lazy) complete! Total build time: 82.693s
2024-08-29T17:02:09.164Z - info: Serving "C:\repos\nus-cs2103\cs2103-website-base\_site" at http://127.0.0.1:8080
2024-08-29T17:02:09.165Z - info: Press CTRL+C to stop ...
2024-08-30T01:40:17.917Z - info: Website generation started at 9:39:52 am
2024-08-30T01:40:38.484Z - info: Building assets...
2024-08-30T01:40:48.261Z - info: Assets built
2024-08-30T01:40:48.262Z - info: Generating pages...
2024-08-30T01:41:20.115Z - debug:  
2024-08-30T01:41:20.116Z - debug:  
2024-08-30T01:41:20.117Z - debug:  
2024-08-30T01:41:20.118Z - debug:  
2024-08-30T01:41:20.119Z - debug:  
2024-08-30T01:41:20.120Z - debug:  
2024-08-30T01:41:20.120Z - debug:  
2024-08-30T01:41:20.120Z - debug:  
2024-08-30T01:41:20.121Z - debug:  
2024-08-30T01:41:20.123Z - debug:  
2024-08-30T01:41:20.126Z - debug:  
2024-08-30T01:41:20.131Z - debug:  
2024-08-30T01:41:20.232Z - debug:  
2024-08-30T01:41:20.294Z - debug:  
2024-08-30T01:41:20.371Z - debug:  
2024-08-30T01:41:25.549Z - debug:  
2024-08-30T01:41:25.549Z - debug:  
2024-08-30T01:43:46.371Z - error: Invalid HTML in C:\repos\nus-cs2103\cs2103-website-base\schedule\week5\tutorial.md.
Table must have a tbody tag. Please correct this to avoid Vue hydration issues.

2024-08-30T01:44:33.211Z - error: Invalid HTML in C:\repos\nus-cs2103\cs2103-website-base\schedule\week4\project.md.
Table must have a tbody tag. Please correct this to avoid Vue hydration issues.

2024-08-30T01:44:33.213Z - error: Invalid HTML in C:\repos\nus-cs2103\cs2103-website-base\schedule\week4\project.md.
Table must have a tbody tag. Please correct this to avoid Vue hydration issues.

2024-08-30T01:45:15.571Z - debug:  
2024-08-30T01:45:46.658Z - debug:  
2024-08-30T01:45:46.924Z - debug:  
2024-08-30T01:45:59.549Z - error: Invalid HTML in C:\repos\nus-cs2103\cs2103-website-base\admin\ip-w4.md.
Table must have a tbody tag. Please correct this to avoid Vue hydration issues.

2024-08-30T01:45:59.550Z - error: Invalid HTML in C:\repos\nus-cs2103\cs2103-website-base\admin\ip-w4.md.
Table must have a tbody tag. Please correct this to avoid Vue hydration issues.

2024-08-30T01:46:03.036Z - info: Pages built
2024-08-30T01:46:04.806Z - info: Site data built
2024-08-30T01:46:04.807Z - info: Website generation complete! Total build time: 372.652s
2024-08-30T01:46:04.808Z - info: Build success!
2024-08-30T01:50:34.703Z - info: The website has been deployed at: https://nus-cs2103-ay2425s1.github.io/website
2024-08-30T03:45:50.947Z - info: Website generation (lazy) started at 11:45:41 am
2024-08-30T03:46:04.587Z - warn: ENOENT: no such file or directory, open 'C:\repos\nus-cs2103\cs2103-website-base\cache\gh-pages\https!github.com!nus-cs2103-AY2425S1!website.git\book\_markbind\variables.md'
2024-08-30T03:46:04.590Z - warn: ENOENT: no such file or directory, open 'C:\repos\nus-cs2103\cs2103-website-base\cache\gh-pages\https!github.com!nus-cs2103-AY2425S1!website.git\_markbind\variables.md'
2024-08-30T03:46:04.667Z - info: Building assets...
2024-08-30T03:47:04.134Z - info: Assets built
2024-08-30T03:47:04.136Z - info: Generating landing page...
2024-08-30T03:47:05.604Z - info: Landing page built, other pages will be built as you navigate to them!
2024-08-30T03:47:07.161Z - info: Site data built
2024-08-30T03:47:07.161Z - info: Website generation (lazy) complete! Total build time: 85.63s
2024-08-30T03:47:07.605Z - info: Serving "C:\repos\nus-cs2103\cs2103-website-base\_site" at http://127.0.0.1:8080
2024-08-30T03:47:07.605Z - info: Press CTRL+C to stop ...
2024-08-30T03:48:11.060Z - info: [11:48:11 am] Reload for file change: C:\repos\nus-cs2103\cs2103-website-base\admin\ip-tasks-fragment.md
2024-08-30T03:48:11.061Z - info: Synchronizing opened pages list before reload
2024-08-30T03:48:11.062Z - info: Current opened pages, from most-to-least recent:
2024-08-30T03:48:11.062Z - info: 1. index
2024-08-30T03:48:12.070Z - info: Rebuilding 1 pages
2024-08-30T03:48:13.296Z - info: Site data built
2024-08-30T03:48:13.296Z - info: Pages rebuilt
2024-08-30T03:48:13.297Z - info: Website regeneration complete! Total build time: 1.228s
2024-08-30T03:48:14.169Z - info: Building C:\repos\nus-cs2103\cs2103-website-base\schedule\week3\project as some of its dependencies were changed since the last visit
2024-08-30T03:48:16.745Z - info: Site data built
2024-08-30T03:48:16.746Z - info: Lazy website regeneration complete! Total build time: 2.577s
2024-08-30T03:48:30.675Z - info: [11:48:30 am] Reload for file change: C:\repos\nus-cs2103\cs2103-website-base\admin\ip-tasks-fragment.md
2024-08-30T03:48:30.676Z - info: Synchronizing opened pages list before reload
2024-08-30T03:48:30.677Z - info: Current opened pages, from most-to-least recent:
2024-08-30T03:48:30.678Z - info: 1. schedule/week3/project
2024-08-30T03:48:31.726Z - info: Rebuilding 1 pages
2024-08-30T03:48:34.334Z - info: [11:48:34 am] Reload for file change: C:\repos\nus-cs2103\cs2103-website-base\admin\ip-tasks-fragment.md
2024-08-30T03:48:34.335Z - info: Synchronizing opened pages list before reload
2024-08-30T03:48:34.335Z - info: Current opened pages, from most-to-least recent:
2024-08-30T03:48:34.336Z - info: 1. schedule/week3/project
2024-08-30T03:48:34.448Z - info: Site data built
2024-08-30T03:48:34.448Z - info: Pages rebuilt
2024-08-30T03:48:34.448Z - info: Website regeneration complete! Total build time: 2.731s
2024-08-30T03:48:35.342Z - info: Rebuilding 1 pages
2024-08-30T03:48:37.329Z - info: Site data built
2024-08-30T03:48:37.330Z - info: Pages rebuilt
2024-08-30T03:48:37.330Z - info: Website regeneration complete! Total build time: 1.989s
2024-08-30T03:49:53.120Z - info: [11:49:53 am] Reload for file change: C:\repos\nus-cs2103\cs2103-website-base\admin\ip-tasks-fragment.md
2024-08-30T03:49:53.120Z - info: Synchronizing opened pages list before reload
2024-08-30T03:49:53.121Z - info: Current opened pages, from most-to-least recent:
2024-08-30T03:49:53.121Z - info: 1. schedule/week3/project
2024-08-30T03:49:54.133Z - info: Rebuilding 1 pages
2024-08-30T03:49:56.420Z - info: Site data built
2024-08-30T03:49:56.420Z - info: Pages rebuilt
2024-08-30T03:49:56.420Z - info: Website regeneration complete! Total build time: 2.288s
2024-08-30T03:50:12.086Z - info: Building C:\repos\nus-cs2103\cs2103-website-base\schedule\week3\topics as some of its dependencies were changed since the last visit
2024-08-30T03:50:13.927Z - info: Site data built
2024-08-30T03:50:13.928Z - info: Lazy website regeneration complete! Total build time: 1.842s
2024-08-30T03:50:40.916Z - info: [11:50:40 am] Reload for file change: C:\repos\nus-cs2103\cs2103-website-base\admin\ip-tasks-fragment.md
2024-08-30T03:50:40.916Z - info: Synchronizing opened pages list before reload
2024-08-30T03:50:40.917Z - info: Current opened pages, from most-to-least recent:
2024-08-30T03:50:40.917Z - info: 1. schedule/week3/topics
2024-08-30T03:50:41.922Z - info: Rebuilding 1 pages
2024-08-30T03:50:43.531Z - info: Site data built
2024-08-30T03:50:43.531Z - info: Pages rebuilt
2024-08-30T03:50:43.531Z - info: Website regeneration complete! Total build time: 1.61s
2024-08-30T03:50:52.623Z - info: Building C:\repos\nus-cs2103\cs2103-website-base\schedule\week3\project as some of its dependencies were changed since the last visit
2024-08-30T03:50:54.828Z - info: Site data built
2024-08-30T03:50:54.828Z - info: Lazy website regeneration complete! Total build time: 2.206s
2024-08-30T03:51:32.508Z - info: [11:51:32 am] Reload for file change: C:\repos\nus-cs2103\cs2103-website-base\book\gitAndGithub\branch\sourcetree_4.md
2024-08-30T03:51:32.508Z - info: Synchronizing opened pages list before reload
2024-08-30T03:51:32.509Z - info: Current opened pages, from most-to-least recent:
2024-08-30T03:51:32.509Z - info: 1. schedule/week3/topics
2024-08-30T03:51:33.526Z - info: Rebuilding 1 pages
2024-08-30T03:52:42.014Z - info: Website generation started at 11:52:28 am
2024-08-30T03:52:49.100Z - info: Building assets...
2024-08-30T03:52:55.609Z - info: Assets built
2024-08-30T03:52:55.610Z - info: Generating pages...
2024-08-30T03:53:16.916Z - debug:  
2024-08-30T03:53:16.917Z - debug:  
2024-08-30T03:53:16.918Z - debug:  
2024-08-30T03:53:16.919Z - debug:  
2024-08-30T03:53:17.599Z - debug:  
2024-08-30T03:53:17.604Z - debug:  
2024-08-30T03:53:17.606Z - debug:  
2024-08-30T03:53:17.606Z - debug:  
2024-08-30T03:53:17.606Z - debug:  
2024-08-30T03:53:17.607Z - debug:  
2024-08-30T03:53:17.607Z - debug:  
2024-08-30T03:53:17.607Z - debug:  
2024-08-30T03:53:17.607Z - debug:  
2024-08-30T03:53:17.608Z - debug:  
2024-08-30T03:53:17.608Z - debug:  
2024-08-30T03:53:20.495Z - debug:  
2024-08-30T03:53:20.495Z - debug:  
2024-08-30T03:54:45.320Z - error: Invalid HTML in C:\repos\nus-cs2103\cs2103-website-base\schedule\week5\tutorial.md.
Table must have a tbody tag. Please correct this to avoid Vue hydration issues.

2024-08-30T03:55:15.754Z - error: Invalid HTML in C:\repos\nus-cs2103\cs2103-website-base\schedule\week4\project.md.
Table must have a tbody tag. Please correct this to avoid Vue hydration issues.

2024-08-30T03:55:15.754Z - error: Invalid HTML in C:\repos\nus-cs2103\cs2103-website-base\schedule\week4\project.md.
Table must have a tbody tag. Please correct this to avoid Vue hydration issues.

2024-08-30T03:55:46.595Z - debug:  
2024-08-30T03:56:05.406Z - debug:  
2024-08-30T03:56:05.569Z - debug:  
2024-08-30T03:56:13.909Z - error: Invalid HTML in C:\repos\nus-cs2103\cs2103-website-base\admin\ip-w4.md.
Table must have a tbody tag. Please correct this to avoid Vue hydration issues.

2024-08-30T03:56:13.910Z - error: Invalid HTML in C:\repos\nus-cs2103\cs2103-website-base\admin\ip-w4.md.
Table must have a tbody tag. Please correct this to avoid Vue hydration issues.

2024-08-30T03:56:16.097Z - info: Pages built
2024-08-30T03:56:17.411Z - info: Site data built
2024-08-30T03:56:17.411Z - info: Website generation complete! Total build time: 228.624s
2024-08-30T03:56:17.412Z - info: Build success!
2024-08-30T04:00:24.855Z - info: The website has been deployed at: https://nus-cs2103-ay2425s1.github.io/website
2024-08-30T04:42:39.052Z - info: Website generation (lazy) started at 12:42:32 pm
2024-08-30T04:42:49.251Z - warn: ENOENT: no such file or directory, open 'C:\repos\nus-cs2103\cs2103-website-base\cache\gh-pages\https!github.com!nus-cs2103-AY2425S1!website.git\book\_markbind\variables.md'
2024-08-30T04:42:49.253Z - warn: ENOENT: no such file or directory, open 'C:\repos\nus-cs2103\cs2103-website-base\cache\gh-pages\https!github.com!nus-cs2103-AY2425S1!website.git\_markbind\variables.md'
2024-08-30T04:42:49.330Z - info: Building assets...
2024-08-30T04:43:51.836Z - info: Assets built
2024-08-30T04:43:51.837Z - info: Generating landing page...
2024-08-30T04:43:53.370Z - info: Landing page built, other pages will be built as you navigate to them!
2024-08-30T04:43:54.619Z - info: Site data built
2024-08-30T04:43:54.619Z - info: Website generation (lazy) complete! Total build time: 82.581s
2024-08-30T04:43:54.705Z - info: Serving "C:\repos\nus-cs2103\cs2103-website-base\_site" at http://127.0.0.1:8080
2024-08-30T04:43:54.705Z - info: Press CTRL+C to stop ...
2024-08-30T04:44:20.189Z - info: Building C:\repos\nus-cs2103\cs2103-website-base\schedule\week3\project as some of its dependencies were changed since the last visit
2024-08-30T04:44:22.852Z - info: Site data built
2024-08-30T04:44:22.853Z - info: Lazy website regeneration complete! Total build time: 2.664s
2024-08-30T04:50:30.559Z - info: [12:50:30 pm] Reload for file change: C:\repos\nus-cs2103\cs2103-website-base\admin\ip-tasks-fragment.md
2024-08-30T04:50:30.560Z - info: Synchronizing opened pages list before reload
2024-08-30T04:50:30.562Z - info: Current opened pages, from most-to-least recent:
2024-08-30T04:50:30.563Z - info: 1. schedule/week3/project
2024-08-30T04:50:31.589Z - info: Rebuilding 1 pages
2024-08-30T04:50:34.274Z - info: Site data built
2024-08-30T04:50:34.274Z - info: Pages rebuilt
2024-08-30T04:50:34.275Z - info: Website regeneration complete! Total build time: 2.686s
2024-08-30T04:50:53.677Z - info: [12:50:53 pm] Reload for file change: C:\repos\nus-cs2103\cs2103-website-base\admin\ip-tasks-fragment.md
2024-08-30T04:50:53.680Z - info: Synchronizing opened pages list before reload
2024-08-30T04:50:53.680Z - info: Current opened pages, from most-to-least recent:
2024-08-30T04:50:53.681Z - info: 1. schedule/week3/project
2024-08-30T04:50:54.687Z - info: Rebuilding 1 pages
2024-08-30T04:50:57.183Z - info: Site data built
2024-08-30T04:50:57.183Z - info: Pages rebuilt
2024-08-30T04:50:57.184Z - info: Website regeneration complete! Total build time: 2.498s
2024-08-30T04:53:01.447Z - info: [12:53:01 pm] Reload for file change: C:\repos\nus-cs2103\cs2103-website-base\admin\ip-tasks-fragment.md
2024-08-30T04:53:01.448Z - info: Synchronizing opened pages list before reload
2024-08-30T04:53:01.449Z - info: Current opened pages, from most-to-least recent:
2024-08-30T04:53:01.449Z - info: 1. schedule/week3/project
2024-08-30T04:53:02.455Z - info: Rebuilding 1 pages
2024-08-30T04:53:04.996Z - info: Site data built
2024-08-30T04:53:04.996Z - info: Pages rebuilt
2024-08-30T04:53:04.996Z - info: Website regeneration complete! Total build time: 2.542s
2024-08-30T04:53:18.626Z - info: [12:53:18 pm] Reload for file change: C:\repos\nus-cs2103\cs2103-website-base\admin\ip-tasks-fragment.md
2024-08-30T04:53:18.627Z - info: Synchronizing opened pages list before reload
2024-08-30T04:53:18.628Z - info: Current opened pages, from most-to-least recent:
2024-08-30T04:53:18.628Z - info: 1. schedule/week3/project
2024-08-30T04:53:19.638Z - info: Rebuilding 1 pages
2024-08-30T04:53:21.747Z - info: Site data built
2024-08-30T04:53:21.747Z - info: Pages rebuilt
2024-08-30T04:53:21.747Z - info: Website regeneration complete! Total build time: 2.11s
2024-08-30T04:56:28.215Z - info: Website generation started at 12:55:56 pm
2024-08-30T04:56:42.848Z - info: Building assets...
