2024-08-25T08:48:00.019Z - info: Website generation (lazy) started at 4:47:51 pm
2024-08-25T08:48:13.561Z - warn: ENOENT: no such file or directory, open 'C:\repos\nus-cs2103\cs2103-website-base\cache\gh-pages\https!github.com!nus-cs2103-AY2425S1!website.git\book\_markbind\variables.md'
2024-08-25T08:48:13.563Z - warn: ENOENT: no such file or directory, open 'C:\repos\nus-cs2103\cs2103-website-base\cache\gh-pages\https!github.com!nus-cs2103-AY2425S1!website.git\_markbind\variables.md'
2024-08-25T08:48:13.653Z - info: Building assets...
2024-08-25T08:49:13.284Z - info: Assets built
2024-08-25T08:49:13.285Z - info: Generating landing page...
2024-08-25T08:49:14.645Z - info: Landing page built, other pages will be built as you navigate to them!
2024-08-25T08:49:15.820Z - info: Site data built
2024-08-25T08:49:15.821Z - info: Website generation (lazy) complete! Total build time: 84.54s
2024-08-25T08:49:16.223Z - info: Serving "C:\repos\nus-cs2103\cs2103-website-base\_site" at http://127.0.0.1:8080
2024-08-25T08:49:16.224Z - info: Press CTRL+C to stop ...
2024-08-25T08:50:17.952Z - info: [4:50:17 pm] Reload for file change: C:\repos\nus-cs2103\cs2103-website-base\_markbind\variables.md
2024-08-25T08:50:17.953Z - info: Synchronizing opened pages list before reload
2024-08-25T08:50:17.953Z - info: Current opened pages, from most-to-least recent:
2024-08-25T08:50:17.954Z - info: 1. index
2024-08-25T08:50:17.987Z - info: [4:50:17 pm] Reload for file change: C:\repos\nus-cs2103\cs2103-website-base\admin\standardsAndConventions.md
2024-08-25T08:50:17.987Z - info: Synchronizing opened pages list before reload
2024-08-25T08:50:17.988Z - info: Current opened pages, from most-to-least recent:
2024-08-25T08:50:17.988Z - info: 1. index
2024-08-25T08:50:19.011Z - warn: ENOENT: no such file or directory, open 'C:\repos\nus-cs2103\cs2103-website-base\cache\gh-pages\https!github.com!nus-cs2103-AY2425S1!website.git\book\_markbind\variables.md'
2024-08-25T08:50:19.013Z - warn: ENOENT: no such file or directory, open 'C:\repos\nus-cs2103\cs2103-website-base\cache\gh-pages\https!github.com!nus-cs2103-AY2425S1!website.git\_markbind\variables.md'
2024-08-25T08:50:19.088Z - warn: Rebuilding all pages as variables file was changed, or the --force-reload flag was set
2024-08-25T08:50:19.092Z - info: Rebuilding 1 pages
2024-08-25T08:50:20.186Z - info: Site data built
2024-08-25T08:50:20.186Z - info: Pages rebuilt
2024-08-25T08:50:20.186Z - info: Website regeneration complete! Total build time: 1.213s
2024-08-25T08:50:23.094Z - info: Building C:\repos\nus-cs2103\cs2103-website-base\admin\index as some of its dependencies were changed since the last visit
2024-08-25T08:50:23.416Z - info: Site data built
2024-08-25T08:50:23.417Z - info: Lazy website regeneration complete! Total build time: 0.323s
2024-08-25T08:50:26.215Z - info: Building C:\repos\nus-cs2103\cs2103-website-base\admin\standardsAndConventions as some of its dependencies were changed since the last visit
2024-08-25T08:50:26.409Z - info: Site data built
2024-08-25T08:50:26.410Z - info: Lazy website regeneration complete! Total build time: 0.196s
2024-08-25T08:53:09.237Z - info: Website generation started at 4:52:53 pm
2024-08-25T08:53:16.924Z - info: Building assets...
2024-08-25T08:53:22.458Z - info: Assets built
2024-08-25T08:53:22.459Z - info: Generating pages...
2024-08-25T08:54:32.123Z - info: Website generation started at 4:54:30 pm
2024-08-25T08:54:39.115Z - info: Building assets...
