2024-09-11T16:02:27.191Z - info: [12:02:27 am] Reload for file change: C:\repos\nus-cs2103\cs2103-website-base\admin\faq-fragment.md
2024-09-11T16:02:27.209Z - info: Synchronizing opened pages list before reload
2024-09-11T16:02:27.210Z - info: Current opened pages, from most-to-least recent:
2024-09-11T16:02:27.210Z - info: 1. schedule/week6/project
2024-09-11T16:02:28.229Z - info: Rebuilding 1 pages
2024-09-11T16:02:30.960Z - info: Site data built
2024-09-11T16:02:30.960Z - info: Pages rebuilt
2024-09-11T16:02:30.960Z - info: Website regeneration complete! Total build time: 2.733s
2024-09-11T16:04:04.070Z - info: [12:04:04 am] Reload for file change: C:\repos\nus-cs2103\cs2103-website-base\admin\tp-tasks-fragment.md
2024-09-11T16:04:04.071Z - info: Synchronizing opened pages list before reload
2024-09-11T16:04:04.071Z - info: Current opened pages, from most-to-least recent:
2024-09-11T16:04:04.071Z - info: 1. schedule/week6/project
2024-09-11T16:04:04.111Z - info: [12:04:04 am] Reload for file change: C:\repos\nus-cs2103\cs2103-website-base\admin\faq-fragment.md
2024-09-11T16:04:04.112Z - info: Synchronizing opened pages list before reload
2024-09-11T16:04:04.112Z - info: Current opened pages, from most-to-least recent:
2024-09-11T16:04:04.112Z - info: 1. schedule/week6/project
2024-09-11T16:04:05.084Z - info: Rebuilding 1 pages
2024-09-11T16:04:07.646Z - info: Site data built
2024-09-11T16:04:07.646Z - info: Pages rebuilt
2024-09-11T16:04:07.646Z - info: Website regeneration complete! Total build time: 2.563s
2024-09-11T16:04:48.652Z - info: [12:04:48 am] Reload for file change: C:\repos\nus-cs2103\cs2103-website-base\admin\tp-tasks-fragment.md
2024-09-11T16:04:48.652Z - info: Synchronizing opened pages list before reload
2024-09-11T16:04:48.653Z - info: Current opened pages, from most-to-least recent:
2024-09-11T16:04:48.653Z - info: 1. schedule/week6/project
2024-09-11T16:04:49.661Z - info: Rebuilding 1 pages
2024-09-11T16:04:52.612Z - info: Site data built
2024-09-11T16:04:52.613Z - info: Pages rebuilt
2024-09-11T16:04:52.613Z - info: Website regeneration complete! Total build time: 2.953s
2024-09-11T16:05:04.961Z - info: Building C:\repos\nus-cs2103\cs2103-website-base\schedule\week6\tutorial as some of its dependencies were changed since the last visit
2024-09-11T16:05:05.236Z - info: Site data built
2024-09-11T16:05:05.236Z - info: Lazy website regeneration complete! Total build time: 0.276s
2024-09-11T16:16:21.962Z - info: Building C:\repos\nus-cs2103\cs2103-website-base\schedule\week7\index as some of its dependencies were changed since the last visit
2024-09-11T16:16:23.175Z - info: Site data built
2024-09-11T16:16:23.175Z - info: Lazy website regeneration complete! Total build time: 1.214s
2024-09-11T16:16:49.720Z - info: Building C:\repos\nus-cs2103\cs2103-website-base\schedule\week6\index as some of its dependencies were changed since the last visit
2024-09-11T16:16:50.602Z - info: Site data built
2024-09-11T16:16:50.602Z - info: Lazy website regeneration complete! Total build time: 0.883s
2024-09-11T16:17:57.466Z - info: Website generation started at 12:17:44 am
2024-09-11T16:18:06.988Z - warn: ENOENT: no such file or directory, open 'C:\repos\nus-cs2103\cs2103-website-base\node_modules\.cache\gh-pages\https!github.com!nus-tee3201!2024.git\book\_markbind\variables.md'
2024-09-11T16:18:06.990Z - warn: ENOENT: no such file or directory, open 'C:\repos\nus-cs2103\cs2103-website-base\node_modules\.cache\gh-pages\https!github.com!nus-tee3201!2024.git\_markbind\variables.md'
2024-09-11T16:18:07.059Z - info: Building assets...
2024-09-11T16:18:53.951Z - info: Assets built
2024-09-11T16:18:53.952Z - info: Generating pages...
2024-09-11T16:19:12.331Z - debug:  
2024-09-11T16:19:12.332Z - debug:  
2024-09-11T16:19:12.419Z - debug:  
2024-09-11T16:19:12.500Z - debug:  
2024-09-11T16:19:12.500Z - debug:  
2024-09-11T16:19:12.532Z - debug:  
2024-09-11T16:19:12.532Z - debug:  
2024-09-11T16:19:14.737Z - debug:  
2024-09-11T16:19:14.738Z - debug:  
2024-09-11T16:19:14.738Z - debug:  
2024-09-11T16:19:14.738Z - debug:  
2024-09-11T16:19:14.738Z - debug:  
2024-09-11T16:19:14.738Z - debug:  
2024-09-11T16:19:14.739Z - debug:  
2024-09-11T16:19:14.739Z - debug:  
2024-09-11T16:19:14.739Z - debug:  
2024-09-11T16:19:14.739Z - debug:  
2024-09-11T16:19:40.876Z - debug:  
2024-09-11T16:21:27.415Z - debug:  
2024-09-11T16:21:53.099Z - debug:  
2024-09-11T16:21:53.140Z - debug:  
2024-09-11T16:22:06.549Z - info: Pages built
2024-09-11T16:22:07.814Z - info: Site data built
2024-09-11T16:22:07.815Z - info: Website generation complete! Total build time: 263.072s
2024-09-11T16:22:07.815Z - info: Build success!
2024-09-11T16:25:24.836Z - info: The website has been deployed at: https://nus-cs2103-ay2425s1.github.io/website
2024-09-12T05:05:10.183Z - info: Website generation (lazy) started at 1:04:47 pm
2024-09-12T05:05:21.674Z - warn: ENOENT: no such file or directory, open 'C:\repos\nus-cs2103\cs2103-website-base\node_modules\.cache\gh-pages\https!github.com!nus-cs2103-AY2425S1!website.git\book\_markbind\variables.md'
2024-09-12T05:05:21.675Z - warn: ENOENT: no such file or directory, open 'C:\repos\nus-cs2103\cs2103-website-base\node_modules\.cache\gh-pages\https!github.com!nus-cs2103-AY2425S1!website.git\_markbind\variables.md'
2024-09-12T05:05:21.947Z - info: Building assets...
2024-09-12T05:06:21.320Z - info: Assets built
2024-09-12T05:06:21.321Z - info: Generating landing page...
2024-09-12T05:06:22.964Z - info: Landing page built, other pages will be built as you navigate to them!
2024-09-12T05:06:24.102Z - info: Site data built
2024-09-12T05:06:24.103Z - info: Website generation (lazy) complete! Total build time: 96.403s
2024-09-12T05:06:24.512Z - info: Serving "C:\repos\nus-cs2103\cs2103-website-base\_site" at http://127.0.0.1:8080
2024-09-12T05:06:24.513Z - info: Press CTRL+C to stop ...
2024-09-12T05:06:28.267Z - info: [1:06:28 pm] Reload for file change: C:\repos\nus-cs2103\cs2103-website-base\admin\faq-fragment.md
2024-09-12T05:06:28.269Z - info: Synchronizing opened pages list before reload
2024-09-12T05:06:28.269Z - info: No pages are currently opened
2024-09-12T05:06:29.886Z - info: Assets built
2024-09-12T05:17:51.346Z - info: [1:17:51 pm] Reload for file change: C:\repos\nus-cs2103\cs2103-website-base\admin\appendixC-faq.md
2024-09-12T05:17:51.347Z - info: Synchronizing opened pages list before reload
2024-09-12T05:17:51.349Z - info: Current opened pages, from most-to-least recent:
2024-09-12T05:17:51.349Z - info: 1. index
2024-09-12T05:17:51.388Z - info: [1:17:51 pm] Reload for file change: C:\repos\nus-cs2103\cs2103-website-base\admin\ip-tasks-fragment.md
2024-09-12T05:17:51.389Z - info: Synchronizing opened pages list before reload
2024-09-12T05:17:51.389Z - info: Current opened pages, from most-to-least recent:
2024-09-12T05:17:51.390Z - info: 1. index
2024-09-12T05:17:52.355Z - info: Rebuilding 1 pages
2024-09-12T05:17:53.732Z - info: Site data built
2024-09-12T05:17:53.733Z - info: Pages rebuilt
2024-09-12T05:17:53.734Z - info: Website regeneration complete! Total build time: 1.381s
2024-09-12T05:17:54.582Z - info: Building C:\repos\nus-cs2103\cs2103-website-base\admin\index as some of its dependencies were changed since the last visit
2024-09-12T05:17:54.933Z - info: Site data built
2024-09-12T05:17:54.934Z - info: Lazy website regeneration complete! Total build time: 0.352s
2024-09-12T05:17:58.830Z - info: Building C:\repos\nus-cs2103\cs2103-website-base\admin\appendixC-faq as some of its dependencies were changed since the last visit
2024-09-12T05:18:00.010Z - info: Site data built
2024-09-12T05:18:00.011Z - info: Lazy website regeneration complete! Total build time: 1.181s
2024-09-12T05:19:04.748Z - info: Building C:\repos\nus-cs2103\cs2103-website-base\schedule\week5\project as some of its dependencies were changed since the last visit
2024-09-12T05:19:07.122Z - info: Site data built
2024-09-12T05:19:07.123Z - info: Lazy website regeneration complete! Total build time: 2.376s
2024-09-12T05:19:23.746Z - info: Building C:\repos\nus-cs2103\cs2103-website-base\schedule\week4\project as some of its dependencies were changed since the last visit
2024-09-12T05:19:27.075Z - info: Site data built
2024-09-12T05:19:27.075Z - info: Lazy website regeneration complete! Total build time: 3.33s
2024-09-12T05:19:51.341Z - info: Building C:\repos\nus-cs2103\cs2103-website-base\schedule\week3\project as some of its dependencies were changed since the last visit
2024-09-12T05:19:53.868Z - info: Site data built
2024-09-12T05:19:53.868Z - info: Lazy website regeneration complete! Total build time: 2.528s
2024-09-12T05:20:52.057Z - info: [1:20:52 pm] Reload for file change: C:\repos\nus-cs2103\cs2103-website-base\admin\ip-tasks-fragment.md
2024-09-12T05:20:52.058Z - info: Synchronizing opened pages list before reload
2024-09-12T05:20:52.058Z - info: Current opened pages, from most-to-least recent:
2024-09-12T05:20:52.059Z - info: 1. schedule/week3/project
2024-09-12T05:20:53.068Z - info: Rebuilding 1 pages
2024-09-12T05:20:55.338Z - info: Site data built
2024-09-12T05:20:55.338Z - info: Pages rebuilt
2024-09-12T05:20:55.339Z - info: Website regeneration complete! Total build time: 2.271s
2024-09-12T05:21:55.017Z - info: Building C:\repos\nus-cs2103\cs2103-website-base\schedule\week5\project as some of its dependencies were changed since the last visit
2024-09-12T05:21:56.947Z - info: Site data built
2024-09-12T05:21:56.947Z - info: Lazy website regeneration complete! Total build time: 1.931s
2024-09-12T05:24:02.445Z - info: [1:24:02 pm] Reload for file change: C:\repos\nus-cs2103\cs2103-website-base\admin\ip-tasks-fragment.md
2024-09-12T05:24:02.446Z - info: Synchronizing opened pages list before reload
2024-09-12T05:24:02.446Z - info: Current opened pages, from most-to-least recent:
2024-09-12T05:24:02.446Z - info: 1. schedule/week5/project
2024-09-12T05:24:03.463Z - info: Rebuilding 1 pages
2024-09-12T05:24:05.362Z - info: Site data built
2024-09-12T05:24:05.362Z - info: Pages rebuilt
2024-09-12T05:24:05.362Z - info: Website regeneration complete! Total build time: 1.9s
2024-09-12T05:24:32.559Z - info: [1:24:32 pm] Reload for file change: C:\repos\nus-cs2103\cs2103-website-base\admin\ip-tasks-fragment.md
2024-09-12T05:24:32.560Z - info: Synchronizing opened pages list before reload
2024-09-12T05:24:32.561Z - info: Current opened pages, from most-to-least recent:
2024-09-12T05:24:32.561Z - info: 1. schedule/week5/project
2024-09-12T05:24:33.579Z - info: Rebuilding 1 pages
2024-09-12T05:24:35.367Z - info: Site data built
2024-09-12T05:24:35.367Z - info: Pages rebuilt
2024-09-12T05:24:35.367Z - info: Website regeneration complete! Total build time: 1.789s
2024-09-12T05:29:06.064Z - info: [1:29:06 pm] Reload for file change: C:\repos\nus-cs2103\cs2103-website-base\admin\faq-fragment.md
2024-09-12T05:29:06.066Z - info: Synchronizing opened pages list before reload
2024-09-12T05:29:06.066Z - info: Current opened pages, from most-to-least recent:
2024-09-12T05:29:06.066Z - info: 1. schedule/week5/project
2024-09-12T05:29:07.079Z - info: Rebuilding 1 pages
2024-09-12T05:29:09.171Z - info: Site data built
2024-09-12T05:29:09.172Z - info: Pages rebuilt
2024-09-12T05:29:09.172Z - info: Website regeneration complete! Total build time: 2.094s
2024-09-12T05:29:23.830Z - info: [1:29:23 pm] Reload for file change: C:\repos\nus-cs2103\cs2103-website-base\admin\faq-fragment.md
2024-09-12T05:29:23.831Z - info: Synchronizing opened pages list before reload
2024-09-12T05:29:23.831Z - info: Current opened pages, from most-to-least recent:
2024-09-12T05:29:23.832Z - info: 1. schedule/week5/project
2024-09-12T05:29:24.843Z - info: Rebuilding 1 pages
2024-09-12T05:29:26.528Z - info: Site data built
2024-09-12T05:29:26.528Z - info: Pages rebuilt
2024-09-12T05:29:26.528Z - info: Website regeneration complete! Total build time: 1.685s
2024-09-12T05:30:36.896Z - info: [1:30:36 pm] Reload for file change: C:\repos\nus-cs2103\cs2103-website-base\admin\faq-fragment.md
2024-09-12T05:30:36.897Z - info: Synchronizing opened pages list before reload
2024-09-12T05:30:36.897Z - info: Current opened pages, from most-to-least recent:
2024-09-12T05:30:36.898Z - info: 1. schedule/week5/project
2024-09-12T05:30:37.904Z - info: Rebuilding 1 pages
2024-09-12T05:30:39.623Z - info: Site data built
2024-09-12T05:30:39.623Z - info: Pages rebuilt
2024-09-12T05:30:39.624Z - info: Website regeneration complete! Total build time: 1.72s
2024-09-12T05:35:33.293Z - info: Building C:\repos\nus-cs2103\cs2103-website-base\se-book-adapted\index as some of its dependencies were changed since the last visit
2024-09-12T05:35:33.759Z - info: Site data built
2024-09-12T05:35:33.760Z - info: Lazy website regeneration complete! Total build time: 0.472s
2024-09-12T05:35:49.213Z - info: Building C:\repos\nus-cs2103\cs2103-website-base\se-book-adapted\chapters\codeQuality as some of its dependencies were changed since the last visit
2024-09-12T05:35:50.491Z - info: Site data built
2024-09-12T05:35:50.491Z - info: Lazy website regeneration complete! Total build time: 1.278s
2024-09-12T05:39:38.525Z - info: [1:39:38 pm] Reload for file change: C:\repos\nus-cs2103\cs2103-website-base\book\codeQuality\maximizeReadability\intermediate\slapHard\text.md
2024-09-12T05:39:38.525Z - info: Synchronizing opened pages list before reload
2024-09-12T05:39:38.525Z - info: Current opened pages, from most-to-least recent:
2024-09-12T05:39:38.526Z - info: 1. se-book-adapted/chapters/codeQuality
2024-09-12T05:39:39.538Z - info: Rebuilding 1 pages
2024-09-12T05:39:40.551Z - info: Site data built
2024-09-12T05:39:40.551Z - info: Pages rebuilt
2024-09-12T05:39:40.552Z - info: Website regeneration complete! Total build time: 1.014s
2024-09-12T05:42:54.947Z - info: [1:42:54 pm] Reload for file change: C:\repos\nus-cs2103\cs2103-website-base\book\codeQuality\maximizeReadability\intermediate\slapHard\text.md
2024-09-12T05:42:54.948Z - info: Synchronizing opened pages list before reload
2024-09-12T05:42:54.948Z - info: Current opened pages, from most-to-least recent:
2024-09-12T05:42:54.948Z - info: 1. se-book-adapted/chapters/codeQuality
2024-09-12T05:42:55.953Z - info: Rebuilding 1 pages
2024-09-12T05:42:56.981Z - info: Site data built
2024-09-12T05:42:56.982Z - info: Pages rebuilt
2024-09-12T05:42:56.982Z - info: Website regeneration complete! Total build time: 1.03s
2024-09-12T05:43:45.974Z - info: [1:43:45 pm] Reload for file change: C:\repos\nus-cs2103\cs2103-website-base\book\codeQuality\maximizeReadability\intermediate\slapHard\text.md
2024-09-12T05:43:45.975Z - info: Synchronizing opened pages list before reload
2024-09-12T05:43:45.975Z - info: Current opened pages, from most-to-least recent:
2024-09-12T05:43:45.976Z - info: 1. se-book-adapted/chapters/codeQuality
2024-09-12T05:43:46.983Z - info: Rebuilding 1 pages
2024-09-12T05:43:47.931Z - info: Site data built
2024-09-12T05:43:47.931Z - info: Pages rebuilt
2024-09-12T05:43:47.931Z - info: Website regeneration complete! Total build time: 0.948s
2024-09-12T05:44:17.842Z - info: [1:44:17 pm] Reload for file change: C:\repos\nus-cs2103\cs2103-website-base\book\codeQuality\maximizeReadability\intermediate\slapHard\text.md
2024-09-12T05:44:17.842Z - info: Synchronizing opened pages list before reload
2024-09-12T05:44:17.843Z - info: Current opened pages, from most-to-least recent:
2024-09-12T05:44:17.843Z - info: 1. se-book-adapted/chapters/codeQuality
2024-09-12T05:44:18.859Z - info: Rebuilding 1 pages
2024-09-12T05:44:19.788Z - info: Site data built
2024-09-12T05:44:19.788Z - info: Pages rebuilt
2024-09-12T05:44:19.788Z - info: Website regeneration complete! Total build time: 0.93s
2024-09-12T05:45:03.778Z - info: [1:45:03 pm] Reload for file change: C:\repos\nus-cs2103\cs2103-website-base\book\codeQuality\maximizeReadability\intermediate\slapHard\text.md
2024-09-12T05:45:03.779Z - info: Synchronizing opened pages list before reload
2024-09-12T05:45:03.779Z - info: Current opened pages, from most-to-least recent:
2024-09-12T05:45:03.779Z - info: 1. se-book-adapted/chapters/codeQuality
2024-09-12T05:45:04.783Z - info: Rebuilding 1 pages
2024-09-12T05:45:05.725Z - info: Site data built
2024-09-12T05:45:05.725Z - info: Pages rebuilt
2024-09-12T05:45:05.725Z - info: Website regeneration complete! Total build time: 0.943s
2024-09-12T05:45:47.543Z - info: [1:45:47 pm] Reload for file change: C:\repos\nus-cs2103\cs2103-website-base\book\codeQuality\maximizeReadability\intermediate\slapHard\text.md
2024-09-12T05:45:47.544Z - info: Synchronizing opened pages list before reload
2024-09-12T05:45:47.544Z - info: Current opened pages, from most-to-least recent:
2024-09-12T05:45:47.544Z - info: 1. se-book-adapted/chapters/codeQuality
2024-09-12T05:45:48.560Z - info: Rebuilding 1 pages
2024-09-12T05:45:49.445Z - info: Site data built
2024-09-12T05:45:49.445Z - info: Pages rebuilt
2024-09-12T05:45:49.446Z - info: Website regeneration complete! Total build time: 0.886s
2024-09-12T05:45:55.980Z - info: [1:45:55 pm] Reload for file change: C:\repos\nus-cs2103\cs2103-website-base\book\codeQuality\maximizeReadability\intermediate\slapHard\text.md
2024-09-12T05:45:55.981Z - info: Synchronizing opened pages list before reload
2024-09-12T05:45:55.981Z - info: Current opened pages, from most-to-least recent:
2024-09-12T05:45:55.981Z - info: 1. se-book-adapted/chapters/codeQuality
2024-09-12T05:45:56.988Z - info: Rebuilding 1 pages
2024-09-12T05:45:57.846Z - info: Site data built
2024-09-12T05:45:57.846Z - info: Pages rebuilt
2024-09-12T05:45:57.846Z - info: Website regeneration complete! Total build time: 0.86s
2024-09-12T05:46:48.986Z - info: Website generation started at 1:46:33 pm
2024-09-12T05:47:00.517Z - warn: ENOENT: no such file or directory, open 'C:\repos\nus-cs2103\cs2103-website-base\node_modules\.cache\gh-pages\https!github.com!nus-cs2103-AY2425S1!website.git\book\_markbind\variables.md'
2024-09-12T05:47:00.519Z - warn: ENOENT: no such file or directory, open 'C:\repos\nus-cs2103\cs2103-website-base\node_modules\.cache\gh-pages\https!github.com!nus-cs2103-AY2425S1!website.git\_markbind\variables.md'
2024-09-12T05:47:00.598Z - info: Building assets...
2024-09-12T05:47:56.048Z - info: Assets built
2024-09-12T05:47:56.049Z - info: Generating pages...
2024-09-12T05:48:16.291Z - debug:  
2024-09-12T05:48:16.292Z - debug:  
2024-09-12T05:48:16.296Z - debug:  
2024-09-12T05:48:16.300Z - debug:  
2024-09-12T05:48:16.300Z - debug:  
2024-09-12T05:48:16.347Z - debug:  
2024-09-12T05:48:16.347Z - debug:  
2024-09-12T05:48:16.356Z - debug:  
2024-09-12T05:48:16.403Z - debug:  
2024-09-12T05:48:16.422Z - debug:  
2024-09-12T05:48:16.434Z - debug:  
2024-09-12T05:48:16.522Z - debug:  
2024-09-12T05:48:16.586Z - debug:  
2024-09-12T05:48:16.599Z - debug:  
2024-09-12T05:48:16.628Z - debug:  
2024-09-12T05:48:18.635Z - debug:  
2024-09-12T05:48:18.635Z - debug:  
2024-09-12T05:48:46.315Z - debug:  
2024-09-12T05:50:42.037Z - debug:  
2024-09-12T05:51:01.493Z - debug:  
2024-09-12T05:51:01.501Z - debug:  
2024-09-12T05:51:15.903Z - info: Pages built
2024-09-12T05:51:17.149Z - info: Site data built
2024-09-12T05:51:17.149Z - info: Website generation complete! Total build time: 283.3s
2024-09-12T05:51:17.149Z - info: Build success!
2024-09-12T05:53:48.370Z - info: The website has been deployed at: https://nus-cs2103-ay2425s1.github.io/website
