2024-12-14T07:07:44.034Z - info: Website generation started at 15:07:43
2024-12-14T07:07:44.330Z - warn: ENOENT: no such file or directory, open '/Users/damithch/Repos/nus-cs2103/cs2103-website-base/node_modules/.cache/gh-pages/https!github.com!nus-cs2103-AY2425S1!website.git/book/_markbind/variables.md'
2024-12-14T07:07:44.331Z - warn: ENOENT: no such file or directory, open '/Users/damithch/Repos/nus-cs2103/cs2103-website-base/node_modules/.cache/gh-pages/https!github.com!nus-cs2103-AY2425S1!website.git/_markbind/variables.md'
2024-12-14T07:07:44.349Z - info: Building assets...
2024-12-14T07:07:45.911Z - info: Assets built
2024-12-14T07:07:45.911Z - info: Generating pages...
2024-12-14T07:07:52.937Z - debug:  
2024-12-14T07:07:52.937Z - debug: 2024-12-14 15:07:47.924 java[24669:758599] +[IMKClient subclass]: chose IMKClient_Modern
2024-12-14 15:07:47.924 java[24669:758599] +[IMKInputSession subclass]: chose IMKInputSession_Modern

2024-12-14T07:07:52.938Z - debug:  
2024-12-14T07:07:52.938Z - debug:  
2024-12-14T07:07:52.938Z - debug:  
2024-12-14T07:07:52.938Z - debug:  
2024-12-14T07:07:52.938Z - debug:  
2024-12-14T07:07:52.938Z - debug: 2024-12-14 15:07:48.894 java[24699:758870] +[IMKClient subclass]: chose IMKClient_Modern
2024-12-14 15:07:48.894 java[24699:758870] +[IMKInputSession subclass]: chose IMKInputSession_Modern

2024-12-14T07:07:52.992Z - debug:  
2024-12-14T07:07:52.992Z - debug:  
2024-12-14T07:07:53.460Z - debug:  
2024-12-14T07:07:53.460Z - debug:  
2024-12-14T07:07:53.460Z - debug:  
2024-12-14T07:07:53.460Z - debug:  
2024-12-14T07:07:53.460Z - debug:  
2024-12-14T07:07:53.460Z - debug:  
2024-12-14T07:07:53.696Z - debug: 2024-12-14 15:07:53.286 java[24729:759691] +[IMKClient subclass]: chose IMKClient_Modern
2024-12-14 15:07:53.286 java[24729:759691] +[IMKInputSession subclass]: chose IMKInputSession_Modern

2024-12-14T07:08:01.008Z - debug: 2024-12-14 15:08:00.645 java[24747:760040] +[IMKClient subclass]: chose IMKClient_Modern
2024-12-14 15:08:00.645 java[24747:760040] +[IMKInputSession subclass]: chose IMKInputSession_Modern

2024-12-14T07:08:39.418Z - debug: 2024-12-14 15:08:39.092 java[24803:761047] +[IMKClient subclass]: chose IMKClient_Modern
2024-12-14 15:08:39.092 java[24803:761047] +[IMKInputSession subclass]: chose IMKInputSession_Modern

2024-12-14T07:08:51.715Z - debug: 2024-12-14 15:08:51.055 java[24814:761346] +[IMKClient subclass]: chose IMKClient_Modern
2024-12-14 15:08:51.055 java[24814:761346] +[IMKInputSession subclass]: chose IMKInputSession_Modern

2024-12-14T07:08:51.970Z - debug:  
2024-12-14T07:08:58.395Z - info: Pages built
2024-12-14T07:08:58.465Z - info: Site data built
2024-12-14T07:08:58.465Z - info: Website generation complete! Total build time: 75.28s
2024-12-14T07:08:58.474Z - info: Serving "/Users/damithch/Repos/nus-cs2103/cs2103-website-base/_site" at http://127.0.0.1:8080
2024-12-14T07:08:58.474Z - info: Press CTRL+C to stop ...
2024-12-14T07:15:53.101Z - info: Website generation (lazy) started at 15:15:52
2024-12-14T07:15:53.366Z - warn: ENOENT: no such file or directory, open '/Users/damithch/Repos/nus-cs2103/cs2103-website-base/node_modules/.cache/gh-pages/https!github.com!nus-cs2103-AY2425S1!website.git/book/_markbind/variables.md'
2024-12-14T07:15:53.366Z - warn: ENOENT: no such file or directory, open '/Users/damithch/Repos/nus-cs2103/cs2103-website-base/node_modules/.cache/gh-pages/https!github.com!nus-cs2103-AY2425S1!website.git/_markbind/variables.md'
2024-12-14T07:15:53.385Z - info: Building assets...
2024-12-14T07:15:54.917Z - info: Assets built
2024-12-14T07:15:54.918Z - info: Generating landing page...
2024-12-14T07:15:55.103Z - info: Landing page built, other pages will be built as you navigate to them!
2024-12-14T07:15:55.164Z - info: Site data built
2024-12-14T07:15:55.164Z - info: Website generation (lazy) complete! Total build time: 2.935s
2024-12-14T07:15:55.173Z - info: Serving "/Users/damithch/Repos/nus-cs2103/cs2103-website-base/_site" at http://127.0.0.1:8080
2024-12-14T07:15:55.173Z - info: Press CTRL+C to stop ...
2024-12-14T07:16:59.090Z - info: Website generation started at 15:16:58
2024-12-14T07:16:59.357Z - warn: ENOENT: no such file or directory, open '/Users/damithch/Repos/nus-cs2103/cs2103-website-base/node_modules/.cache/gh-pages/https!github.com!nus-cs2103-AY2425S1!website.git/book/_markbind/variables.md'
2024-12-14T07:16:59.357Z - warn: ENOENT: no such file or directory, open '/Users/damithch/Repos/nus-cs2103/cs2103-website-base/node_modules/.cache/gh-pages/https!github.com!nus-cs2103-AY2425S1!website.git/_markbind/variables.md'
2024-12-14T07:16:59.376Z - info: Building assets...
