2024-11-15T05:53:53.984Z - info: Website generation (lazy) started at 13:53:53
2024-11-15T05:53:54.259Z - warn: ENOENT: no such file or directory, open '/Users/damithch/Repos/nus-cs2103/cs2103-website-base/node_modules/.cache/gh-pages/https!github.com!nus-tee3201!2024.git/book/_markbind/variables.md'
2024-11-15T05:53:54.260Z - warn: ENOENT: no such file or directory, open '/Users/damithch/Repos/nus-cs2103/cs2103-website-base/node_modules/.cache/gh-pages/https!github.com!nus-tee3201!2024.git/_markbind/variables.md'
2024-11-15T05:53:54.278Z - info: Building assets...
2024-11-15T05:53:55.496Z - info: Assets built
2024-11-15T05:53:55.497Z - info: Generating landing page...
2024-11-15T05:53:55.923Z - info: Landing page built, other pages will be built as you navigate to them!
2024-11-15T05:53:55.996Z - info: Site data built
2024-11-15T05:53:55.996Z - info: Website generation (lazy) complete! Total build time: 2.955s
2024-11-15T05:53:56.005Z - info: Serving "/Users/damithch/Repos/nus-cs2103/cs2103-website-base/_site" at http://127.0.0.1:8080
2024-11-15T05:53:56.005Z - info: Press CTRL+C to stop ...
2024-11-15T05:54:06.156Z - info: Building /Users/damithch/Repos/nus-cs2103/cs2103-website-base/admin/index as some of its dependencies were changed since the last visit
2024-11-15T05:54:06.324Z - info: Site data built
2024-11-15T05:54:06.324Z - info: Lazy website regeneration complete! Total build time: 0.169s
2024-11-15T05:54:13.911Z - info: Building /Users/damithch/Repos/nus-cs2103/cs2103-website-base/admin/appendixC-faq as some of its dependencies were changed since the last visit
2024-11-15T05:54:14.803Z - info: Site data built
2024-11-15T05:54:14.804Z - info: Lazy website regeneration complete! Total build time: 0.894s
2024-11-15T05:55:15.837Z - info: [13:55:15] Reload for file change: /Users/damithch/Repos/nus-cs2103/cs2103-website-base/admin/faq-fragment.md
2024-11-15T05:55:15.837Z - info: Synchronizing opened pages list before reload
2024-11-15T05:55:15.838Z - info: Current opened pages, from most-to-least recent:
2024-11-15T05:55:15.838Z - info: 1. admin/appendixC-faq
2024-11-15T05:55:16.846Z - info: Rebuilding 1 pages
2024-11-15T05:55:17.779Z - info: Site data built
2024-11-15T05:55:17.779Z - info: Pages rebuilt
2024-11-15T05:55:17.779Z - info: Website regeneration complete! Total build time: 0.936s
2024-11-15T05:56:11.060Z - info: [13:56:11] Reload for file change: /Users/damithch/Repos/nus-cs2103/cs2103-website-base/admin/faq-fragment.md
2024-11-15T05:56:11.061Z - info: Synchronizing opened pages list before reload
2024-11-15T05:56:11.061Z - info: Current opened pages, from most-to-least recent:
2024-11-15T05:56:11.061Z - info: 1. admin/appendixC-faq
2024-11-15T05:56:12.066Z - info: Rebuilding 1 pages
2024-11-15T05:56:12.999Z - info: Site data built
2024-11-15T05:56:12.999Z - info: Pages rebuilt
2024-11-15T05:56:12.999Z - info: Website regeneration complete! Total build time: 0.936s
2024-11-15T05:56:24.890Z - info: Website generation started at 13:56:24
2024-11-15T05:56:25.147Z - warn: ENOENT: no such file or directory, open '/Users/damithch/Repos/nus-cs2103/cs2103-website-base/node_modules/.cache/gh-pages/https!github.com!nus-tee3201!2024.git/book/_markbind/variables.md'
2024-11-15T05:56:25.147Z - warn: ENOENT: no such file or directory, open '/Users/damithch/Repos/nus-cs2103/cs2103-website-base/node_modules/.cache/gh-pages/https!github.com!nus-tee3201!2024.git/_markbind/variables.md'
2024-11-15T05:56:25.165Z - info: Building assets...
2024-11-15T05:56:26.491Z - info: Assets built
2024-11-15T05:56:26.493Z - info: Generating pages...
2024-11-15T05:56:32.374Z - debug:  
2024-11-15T05:56:32.374Z - debug: 2024-11-15 13:56:28.462 java[75588:3628059] +[IMKClient subclass]: chose IMKClient_Modern
2024-11-15 13:56:28.462 java[75588:3628059] +[IMKInputSession subclass]: chose IMKInputSession_Modern

2024-11-15T05:56:32.374Z - debug:  
2024-11-15T05:56:32.374Z - debug:  
2024-11-15T05:56:32.374Z - debug:  
2024-11-15T05:56:32.374Z - debug: 2024-11-15 13:56:29.454 java[75603:3628220] +[IMKClient subclass]: chose IMKClient_Modern
2024-11-15 13:56:29.454 java[75603:3628220] +[IMKInputSession subclass]: chose IMKInputSession_Modern

2024-11-15T05:56:32.375Z - debug:  
2024-11-15T05:56:32.375Z - debug:  
2024-11-15T05:56:32.375Z - debug:  
2024-11-15T05:56:32.375Z - debug:  
2024-11-15T05:56:32.375Z - debug:  
2024-11-15T05:56:32.375Z - debug:  
2024-11-15T05:56:32.375Z - debug:  
2024-11-15T05:56:32.375Z - debug:  
2024-11-15T05:56:32.375Z - debug:  
2024-11-15T05:56:32.375Z - debug:  
2024-11-15T05:56:33.102Z - debug: 2024-11-15 13:56:32.747 java[75665:3629235] +[IMKClient subclass]: chose IMKClient_Modern
2024-11-15 13:56:32.747 java[75665:3629235] +[IMKInputSession subclass]: chose IMKInputSession_Modern

2024-11-15T05:56:40.076Z - debug: 2024-11-15 13:56:39.708 java[75679:3629426] +[IMKClient subclass]: chose IMKClient_Modern
2024-11-15 13:56:39.708 java[75679:3629426] +[IMKInputSession subclass]: chose IMKInputSession_Modern

2024-11-15T05:57:17.150Z - debug: 2024-11-15 13:57:16.760 java[75695:3629875] +[IMKClient subclass]: chose IMKClient_Modern
2024-11-15 13:57:16.760 java[75695:3629875] +[IMKInputSession subclass]: chose IMKInputSession_Modern

2024-11-15T05:57:28.761Z - debug: 2024-11-15 13:57:28.318 java[75703:3630098] +[IMKClient subclass]: chose IMKClient_Modern
2024-11-15 13:57:28.318 java[75703:3630098] +[IMKInputSession subclass]: chose IMKInputSession_Modern

2024-11-15T05:57:29.093Z - debug:  
2024-11-15T05:57:34.969Z - info: Pages built
2024-11-15T05:57:35.032Z - info: Site data built
2024-11-15T05:57:35.032Z - info: Website generation complete! Total build time: 70.88s
2024-11-15T05:57:35.032Z - info: Build success!
2024-11-15T05:57:56.765Z - info: The website has been deployed at: https://nus-cs2103-ay2425s1.github.io/website
2024-11-15T06:50:32.498Z - info: Website generation started at 14:50:31
2024-11-15T06:50:32.762Z - warn: ENOENT: no such file or directory, open '/Users/damithch/Repos/nus-cs2103/cs2103-website-base/node_modules/.cache/gh-pages/https!github.com!nus-cs2103-AY2425S1!website.git/book/_markbind/variables.md'
2024-11-15T06:50:32.762Z - warn: ENOENT: no such file or directory, open '/Users/damithch/Repos/nus-cs2103/cs2103-website-base/node_modules/.cache/gh-pages/https!github.com!nus-cs2103-AY2425S1!website.git/_markbind/variables.md'
2024-11-15T06:50:32.781Z - info: Building assets...
2024-11-15T06:50:34.105Z - info: Assets built
2024-11-15T06:50:34.106Z - info: Generating pages...
2024-11-15T06:50:39.080Z - debug:  
2024-11-15T06:50:39.080Z - debug: 2024-11-15 14:50:36.020 java[76223:3653941] +[IMKClient subclass]: chose IMKClient_Modern
2024-11-15 14:50:36.020 java[76223:3653941] +[IMKInputSession subclass]: chose IMKInputSession_Modern

2024-11-15T06:50:39.080Z - debug:  
2024-11-15T06:50:39.080Z - debug:  
2024-11-15T06:50:39.080Z - debug:  
2024-11-15T06:50:39.080Z - debug:  
2024-11-15T06:50:39.366Z - debug:  
2024-11-15T06:50:39.366Z - debug:  
2024-11-15T06:50:39.366Z - debug:  
2024-11-15T06:50:39.366Z - debug:  
2024-11-15T06:50:39.366Z - debug:  
2024-11-15T06:50:39.366Z - debug:  
2024-11-15T06:50:39.366Z - debug:  
2024-11-15T06:50:39.366Z - debug: 2024-11-15 14:50:37.073 java[76256:3654162] +[IMKClient subclass]: chose IMKClient_Modern
2024-11-15 14:50:37.073 java[76256:3654162] +[IMKInputSession subclass]: chose IMKInputSession_Modern

2024-11-15T06:50:39.409Z - debug:  
2024-11-15T06:50:39.877Z - debug:  
2024-11-15T06:50:40.047Z - debug: 2024-11-15 14:50:39.665 java[76295:3654999] +[IMKClient subclass]: chose IMKClient_Modern
2024-11-15 14:50:39.665 java[76295:3654999] +[IMKInputSession subclass]: chose IMKInputSession_Modern

2024-11-15T06:50:48.050Z - debug: 2024-11-15 14:50:47.683 java[76311:3655252] +[IMKClient subclass]: chose IMKClient_Modern
2024-11-15 14:50:47.683 java[76311:3655252] +[IMKInputSession subclass]: chose IMKInputSession_Modern

2024-11-15T06:51:28.884Z - debug: 2024-11-15 14:51:26.571 java[76350:3656272] +[IMKClient subclass]: chose IMKClient_Modern
2024-11-15 14:51:26.571 java[76350:3656272] +[IMKInputSession subclass]: chose IMKInputSession_Modern

2024-11-15T06:51:38.182Z - debug: 2024-11-15 14:51:37.756 java[76361:3656586] +[IMKClient subclass]: chose IMKClient_Modern
2024-11-15 14:51:37.756 java[76361:3656586] +[IMKInputSession subclass]: chose IMKInputSession_Modern

2024-11-15T06:51:38.563Z - debug:  
2024-11-15T06:51:44.912Z - info: Pages built
2024-11-15T06:51:44.989Z - info: Site data built
2024-11-15T06:51:44.989Z - info: Website generation complete! Total build time: 73.343s
2024-11-15T06:51:44.989Z - info: Build success!
2024-11-15T06:52:05.066Z - info: The website has been deployed at: https://nus-cs2103-ay2425s1.github.io/website
2024-11-15T15:36:39.734Z - info: Website generation (lazy) started at 23:36:38
2024-11-15T15:36:40.021Z - warn: ENOENT: no such file or directory, open '/Users/damithch/Repos/nus-cs2103/cs2103-website-base/node_modules/.cache/gh-pages/https!github.com!nus-cs2103-AY2425S1!website.git/book/_markbind/variables.md'
2024-11-15T15:36:40.022Z - warn: ENOENT: no such file or directory, open '/Users/damithch/Repos/nus-cs2103/cs2103-website-base/node_modules/.cache/gh-pages/https!github.com!nus-cs2103-AY2425S1!website.git/_markbind/variables.md'
2024-11-15T15:36:40.040Z - info: Building assets...
2024-11-15T15:36:41.543Z - info: Assets built
2024-11-15T15:36:41.544Z - info: Generating landing page...
2024-11-15T15:36:41.986Z - info: Landing page built, other pages will be built as you navigate to them!
2024-11-15T15:36:42.061Z - info: Site data built
2024-11-15T15:36:42.061Z - info: Website generation (lazy) complete! Total build time: 3.227s
2024-11-15T15:36:42.072Z - info: Serving "/Users/damithch/Repos/nus-cs2103/cs2103-website-base/_site" at http://127.0.0.1:8080
2024-11-15T15:36:42.072Z - info: Press CTRL+C to stop ...
2024-11-15T15:36:46.160Z - info: Building /Users/damithch/Repos/nus-cs2103/cs2103-website-base/admin/tp-pe as some of its dependencies were changed since the last visit
2024-11-15T15:36:46.785Z - info: Site data built
2024-11-15T15:36:46.785Z - info: Lazy website regeneration complete! Total build time: 0.625s
2024-11-15T15:37:53.426Z - info: [23:37:53] Reload for file change: /Users/damithch/Repos/nus-cs2103/cs2103-website-base/admin/tp-grading.md
2024-11-15T15:37:53.429Z - info: Synchronizing opened pages list before reload
2024-11-15T15:37:53.429Z - info: Current opened pages, from most-to-least recent:
2024-11-15T15:37:53.430Z - info: 1. admin/tp-pe
2024-11-15T15:37:54.435Z - info: No pages needed to be rebuilt
2024-11-15T15:41:27.783Z - info: [23:41:27] Reload for file change: /Users/damithch/Repos/nus-cs2103/cs2103-website-base/admin/tp-pe-fragment.md
2024-11-15T15:41:27.788Z - info: Synchronizing opened pages list before reload
2024-11-15T15:41:27.789Z - info: Current opened pages, from most-to-least recent:
2024-11-15T15:41:27.790Z - info: 1. admin/tp-pe
2024-11-15T15:41:28.798Z - info: Rebuilding 1 pages
2024-11-15T15:41:29.449Z - info: Site data built
2024-11-15T15:41:29.449Z - info: Pages rebuilt
2024-11-15T15:41:29.449Z - info: Website regeneration complete! Total build time: 0.655s
2024-11-15T15:42:19.764Z - info: [23:42:19] Reload for file change: /Users/damithch/Repos/nus-cs2103/cs2103-website-base/admin/tp-pe-fragment.md
2024-11-15T15:42:19.764Z - info: Synchronizing opened pages list before reload
2024-11-15T15:42:19.765Z - info: Current opened pages, from most-to-least recent:
2024-11-15T15:42:19.766Z - info: 1. admin/tp-pe
2024-11-15T15:42:20.777Z - info: Rebuilding 1 pages
2024-11-15T15:42:21.398Z - info: Site data built
2024-11-15T15:42:21.398Z - info: Pages rebuilt
2024-11-15T15:42:21.398Z - info: Website regeneration complete! Total build time: 0.623s
2024-11-15T15:42:53.684Z - info: Website generation started at 23:42:52
2024-11-15T15:42:53.941Z - warn: ENOENT: no such file or directory, open '/Users/damithch/Repos/nus-cs2103/cs2103-website-base/node_modules/.cache/gh-pages/https!github.com!nus-cs2103-AY2425S1!website.git/book/_markbind/variables.md'
2024-11-15T15:42:53.941Z - warn: ENOENT: no such file or directory, open '/Users/damithch/Repos/nus-cs2103/cs2103-website-base/node_modules/.cache/gh-pages/https!github.com!nus-cs2103-AY2425S1!website.git/_markbind/variables.md'
2024-11-15T15:42:53.960Z - info: Building assets...
