2024-10-02T14:30:19.150Z - info: Website generation started at 10:29:35 pm
2024-10-02T14:30:41.128Z - warn: ENOENT: no such file or directory, open 'C:\repos\nus-cs2103\cs2103-website-base\node_modules\.cache\gh-pages\https!github.com!nus-cs2103-AY2425S1!website.git\book\_markbind\variables.md'
2024-10-02T14:30:41.131Z - warn: ENOENT: no such file or directory, open 'C:\repos\nus-cs2103\cs2103-website-base\node_modules\.cache\gh-pages\https!github.com!nus-cs2103-AY2425S1!website.git\cache\gh-pages\https!github.com!nus-cs2103-AY2425S1!website.git\book\_markbind\variables.md'
2024-10-02T14:30:41.134Z - warn: ENOENT: no such file or directory, open 'C:\repos\nus-cs2103\cs2103-website-base\node_modules\.cache\gh-pages\https!github.com!nus-cs2103-AY2425S1!website.git\cache\gh-pages\https!github.com!nus-cs2103-AY2425S1!website.git\_markbind\variables.md'
2024-10-02T14:30:41.137Z - warn: ENOENT: no such file or directory, open 'C:\repos\nus-cs2103\cs2103-website-base\node_modules\.cache\gh-pages\https!github.com!nus-cs2103-AY2425S1!website.git\_markbind\variables.md'
2024-10-02T14:30:41.283Z - info: Building assets...
2024-10-02T14:32:16.315Z - info: Assets built
2024-10-02T14:32:16.317Z - info: Generating pages...
2024-10-02T14:32:41.784Z - debug:  
2024-10-02T14:32:41.836Z - debug:  
2024-10-02T14:32:41.934Z - debug:  
2024-10-02T14:32:41.935Z - debug:  
2024-10-02T14:32:41.997Z - debug:  
2024-10-02T14:32:42.298Z - debug:  
2024-10-02T14:32:42.422Z - debug:  
2024-10-02T14:32:42.458Z - debug:  
2024-10-02T14:32:42.463Z - debug:  
2024-10-02T14:32:42.493Z - debug:  
2024-10-02T14:32:42.521Z - debug:  
2024-10-02T14:32:42.526Z - debug:  
2024-10-02T14:32:57.408Z - debug:  
2024-10-02T14:32:57.445Z - debug:  
2024-10-02T14:33:02.936Z - debug:  
2024-10-02T14:33:25.370Z - debug:  
2024-10-02T14:33:35.256Z - debug:  
2024-10-02T14:33:52.659Z - debug:  
2024-10-02T14:34:56.194Z - info: Pages built
2024-10-02T14:34:57.699Z - info: Site data built
2024-10-02T14:34:57.699Z - info: Website generation complete! Total build time: 321.756s
2024-10-02T14:34:57.700Z - info: Build success!
2024-10-02T14:38:54.926Z - info: The website has been deployed at: https://nus-tee3201.github.io/2024
