2024-09-04T12:36:08.053Z - info: Website generation started at 8:36:01 pm
2024-09-04T12:36:16.372Z - info: Building assets...
2024-09-04T12:36:21.836Z - info: Assets built
2024-09-04T12:36:21.837Z - info: Generating pages...
2024-09-04T12:36:36.548Z - debug:  
2024-09-04T12:36:36.552Z - debug:  
2024-09-04T12:36:36.605Z - debug:  
2024-09-04T12:36:37.026Z - debug:  
2024-09-04T12:36:37.052Z - debug:  
2024-09-04T12:36:37.599Z - debug:  
2024-09-04T12:36:37.715Z - debug:  
2024-09-04T12:36:37.740Z - debug:  
2024-09-04T12:36:37.755Z - debug:  
2024-09-04T12:36:37.773Z - debug:  
2024-09-04T12:36:37.790Z - debug:  
2024-09-04T12:36:37.816Z - debug:  
2024-09-04T12:36:45.882Z - debug:  
2024-09-04T12:36:45.951Z - debug:  
2024-09-04T12:36:49.491Z - debug:  
2024-09-04T12:37:08.144Z - debug:  
2024-09-04T12:37:15.688Z - debug:  
2024-09-04T12:37:29.984Z - debug:  
2024-09-04T12:38:22.033Z - info: Pages built
2024-09-04T12:38:23.467Z - info: Site data built
2024-09-04T12:38:23.467Z - info: Website generation complete! Total build time: 141.549s
2024-09-04T12:38:23.468Z - info: Build success!
2024-09-04T12:40:54.578Z - info: The website has been deployed at: https://nus-tee3201.github.io/2024
