2024-09-18T04:23:10.910Z - info: Website generation (lazy) started at 12:22:34 pm
2024-09-18T04:23:34.984Z - warn: ENOENT: no such file or directory, open 'C:\repos\nus-cs2103\cs2103-website-base\cache\gh-pages\https!github.com!nus-tic2002-AY2425S1!website.git\book\_markbind\variables.md'
2024-09-18T04:23:34.986Z - warn: ENOENT: no such file or directory, open 'C:\repos\nus-cs2103\cs2103-website-base\cache\gh-pages\https!github.com!nus-tic2002-AY2425S1!website.git\_markbind\variables.md'
2024-09-18T04:23:34.988Z - warn: ENOENT: no such file or directory, open 'C:\repos\nus-cs2103\cs2103-website-base\node_modules\.cache\gh-pages\https!github.com!nus-cs2103-AY2425S1!website.git\book\_markbind\variables.md'
2024-09-18T04:23:34.989Z - warn: ENOENT: no such file or directory, open 'C:\repos\nus-cs2103\cs2103-website-base\node_modules\.cache\gh-pages\https!github.com!nus-cs2103-AY2425S1!website.git\cache\gh-pages\https!github.com!nus-cs2103-AY2425S1!website.git\book\_markbind\variables.md'
2024-09-18T04:23:34.991Z - warn: ENOENT: no such file or directory, open 'C:\repos\nus-cs2103\cs2103-website-base\node_modules\.cache\gh-pages\https!github.com!nus-cs2103-AY2425S1!website.git\cache\gh-pages\https!github.com!nus-cs2103-AY2425S1!website.git\_markbind\variables.md'
2024-09-18T04:23:34.993Z - warn: ENOENT: no such file or directory, open 'C:\repos\nus-cs2103\cs2103-website-base\node_modules\.cache\gh-pages\https!github.com!nus-cs2103-AY2425S1!website.git\_markbind\variables.md'
2024-09-18T04:23:35.201Z - info: Building assets...
2024-09-18T04:26:12.456Z - info: Assets built
2024-09-18T04:26:12.459Z - info: Generating landing page...
2024-09-18T04:26:14.227Z - info: Landing page built, other pages will be built as you navigate to them!
2024-09-18T04:26:15.819Z - info: Site data built
2024-09-18T04:26:15.820Z - info: Website generation (lazy) complete! Total build time: 221.389s
2024-09-18T04:26:16.305Z - info: Serving "C:\repos\nus-cs2103\cs2103-website-base\_site" at http://127.0.0.1:8080
2024-09-18T04:26:16.305Z - info: Press CTRL+C to stop ...
2024-09-18T04:28:31.649Z - info: [12:28:31 pm] Reload for file change: C:\repos\nus-cs2103\cs2103-website-base\admin\appendixC-faq.md
2024-09-18T04:28:31.651Z - info: Synchronizing opened pages list before reload
2024-09-18T04:28:31.652Z - info: Current opened pages, from most-to-least recent:
2024-09-18T04:28:31.652Z - info: 1. index
2024-09-18T04:28:31.697Z - info: [12:28:31 pm] Reload for file change: C:\repos\nus-cs2103\cs2103-website-base\admin\faq-fragment.md
2024-09-18T04:28:31.698Z - info: Synchronizing opened pages list before reload
2024-09-18T04:28:31.698Z - info: Current opened pages, from most-to-least recent:
2024-09-18T04:28:31.698Z - info: 1. index
2024-09-18T04:28:32.675Z - info: No pages needed to be rebuilt
2024-09-18T04:28:32.678Z - info: Building C:\repos\nus-cs2103\cs2103-website-base\admin\index as some of its dependencies were changed since the last visit
2024-09-18T04:28:33.731Z - info: Assets built
2024-09-18T04:28:34.353Z - info: Site data built
2024-09-18T04:28:34.354Z - info: Lazy website regeneration complete! Total build time: 1.676s
2024-09-18T04:28:47.109Z - info: Building C:\repos\nus-cs2103\cs2103-website-base\admin\appendixC-faq as some of its dependencies were changed since the last visit
2024-09-18T04:28:48.564Z - info: Site data built
2024-09-18T04:28:48.565Z - info: Lazy website regeneration complete! Total build time: 1.456s
2024-09-18T04:31:02.055Z - info: [12:31:02 pm] Reload for file change: C:\repos\nus-cs2103\cs2103-website-base\admin\appendixC-faq.md
2024-09-18T04:31:02.055Z - info: Synchronizing opened pages list before reload
2024-09-18T04:31:02.056Z - info: Current opened pages, from most-to-least recent:
2024-09-18T04:31:02.056Z - info: 1. admin/appendixC-faq
2024-09-18T04:31:03.070Z - info: Rebuilding 1 pages
2024-09-18T04:31:04.867Z - info: Site data built
2024-09-18T04:31:04.867Z - info: Pages rebuilt
2024-09-18T04:31:04.868Z - info: Website regeneration complete! Total build time: 1.8s
2024-09-18T04:32:46.911Z - info: [12:32:46 pm] Reload for file change: C:\repos\nus-cs2103\cs2103-website-base\admin\appendixC-faq.md
2024-09-18T04:32:46.912Z - info: Synchronizing opened pages list before reload
2024-09-18T04:32:46.912Z - info: Current opened pages, from most-to-least recent:
2024-09-18T04:32:46.913Z - info: 1. admin/appendixC-faq
2024-09-18T04:32:47.930Z - info: Rebuilding 1 pages
2024-09-18T04:32:49.533Z - info: Site data built
2024-09-18T04:32:49.533Z - info: Pages rebuilt
2024-09-18T04:32:49.534Z - info: Website regeneration complete! Total build time: 1.604s
2024-09-18T04:33:12.652Z - info: Building C:\repos\nus-cs2103\cs2103-website-base\schedule\week6\project as some of its dependencies were changed since the last visit
2024-09-18T04:33:15.806Z - info: Site data built
2024-09-18T04:33:15.806Z - info: Lazy website regeneration complete! Total build time: 3.155s
2024-09-18T04:35:23.682Z - info: [12:35:23 pm] Reload for file change: C:\repos\nus-cs2103\cs2103-website-base\admin\tp-tasks-fragment.md
2024-09-18T04:35:23.682Z - info: Synchronizing opened pages list before reload
2024-09-18T04:35:23.683Z - info: Current opened pages, from most-to-least recent:
2024-09-18T04:35:23.683Z - info: 1. schedule/week6/project
2024-09-18T04:35:24.692Z - info: Rebuilding 1 pages
2024-09-18T04:35:28.372Z - error:  Error: No such segment '#faq--Q' in file: C:\repos\nus-cs2103\cs2103-website-base\admin\faq-fragment.md
Missing reference in C:\repos\nus-cs2103\cs2103-website-base\admin\tp-tasks-fragment.md
    at processInclude (C:\Users\dcsdcr\AppData\Roaming\npm\node_modules\markbind-cli\node_modules\@markbind\core\src\html\includePanelProcessor.js:238:27)
    at NodeProcessor.processNode (C:\Users\dcsdcr\AppData\Roaming\npm\node_modules\markbind-cli\node_modules\@markbind\core\src\html\NodeProcessor.js:173:71)
    at NodeProcessor.traverse (C:\Users\dcsdcr\AppData\Roaming\npm\node_modules\markbind-cli\node_modules\@markbind\core\src\html\NodeProcessor.js:342:24)
    at C:\Users\dcsdcr\AppData\Roaming\npm\node_modules\markbind-cli\node_modules\@markbind\core\src\html\NodeProcessor.js:346:22
    at Array.forEach (<anonymous>)
    at NodeProcessor.traverse (C:\Users\dcsdcr\AppData\Roaming\npm\node_modules\markbind-cli\node_modules\@markbind\core\src\html\NodeProcessor.js:345:27)
    at C:\Users\dcsdcr\AppData\Roaming\npm\node_modules\markbind-cli\node_modules\@markbind\core\src\html\NodeProcessor.js:346:22
    at Array.forEach (<anonymous>)
    at NodeProcessor.traverse (C:\Users\dcsdcr\AppData\Roaming\npm\node_modules\markbind-cli\node_modules\@markbind\core\src\html\NodeProcessor.js:345:27)
    at C:\Users\dcsdcr\AppData\Roaming\npm\node_modules\markbind-cli\node_modules\@markbind\core\src\html\NodeProcessor.js:346:22
    at Array.forEach (<anonymous>)
    at NodeProcessor.traverse (C:\Users\dcsdcr\AppData\Roaming\npm\node_modules\markbind-cli\node_modules\@markbind\core\src\html\NodeProcessor.js:345:27)
    at C:\Users\dcsdcr\AppData\Roaming\npm\node_modules\markbind-cli\node_modules\@markbind\core\src\html\NodeProcessor.js:346:22
    at Array.forEach (<anonymous>)
    at NodeProcessor.traverse (C:\Users\dcsdcr\AppData\Roaming\npm\node_modules\markbind-cli\node_modules\@markbind\core\src\html\NodeProcessor.js:345:27)
    at C:\Users\dcsdcr\AppData\Roaming\npm\node_modules\markbind-cli\node_modules\@markbind\core\src\html\NodeProcessor.js:346:22
2024-09-18T04:35:28.384Z - error:  Error: No such segment '#faq--A' in file: C:\repos\nus-cs2103\cs2103-website-base\admin\faq-fragment.md
Missing reference in C:\repos\nus-cs2103\cs2103-website-base\admin\tp-tasks-fragment.md
    at processInclude (C:\Users\dcsdcr\AppData\Roaming\npm\node_modules\markbind-cli\node_modules\@markbind\core\src\html\includePanelProcessor.js:238:27)
    at NodeProcessor.processNode (C:\Users\dcsdcr\AppData\Roaming\npm\node_modules\markbind-cli\node_modules\@markbind\core\src\html\NodeProcessor.js:173:71)
    at NodeProcessor.traverse (C:\Users\dcsdcr\AppData\Roaming\npm\node_modules\markbind-cli\node_modules\@markbind\core\src\html\NodeProcessor.js:342:24)
    at C:\Users\dcsdcr\AppData\Roaming\npm\node_modules\markbind-cli\node_modules\@markbind\core\src\html\NodeProcessor.js:346:22
    at Array.forEach (<anonymous>)
    at NodeProcessor.traverse (C:\Users\dcsdcr\AppData\Roaming\npm\node_modules\markbind-cli\node_modules\@markbind\core\src\html\NodeProcessor.js:345:27)
    at C:\Users\dcsdcr\AppData\Roaming\npm\node_modules\markbind-cli\node_modules\@markbind\core\src\html\NodeProcessor.js:346:22
    at Array.forEach (<anonymous>)
    at NodeProcessor.traverse (C:\Users\dcsdcr\AppData\Roaming\npm\node_modules\markbind-cli\node_modules\@markbind\core\src\html\NodeProcessor.js:345:27)
    at C:\Users\dcsdcr\AppData\Roaming\npm\node_modules\markbind-cli\node_modules\@markbind\core\src\html\NodeProcessor.js:346:22
    at Array.forEach (<anonymous>)
    at NodeProcessor.traverse (C:\Users\dcsdcr\AppData\Roaming\npm\node_modules\markbind-cli\node_modules\@markbind\core\src\html\NodeProcessor.js:345:27)
    at C:\Users\dcsdcr\AppData\Roaming\npm\node_modules\markbind-cli\node_modules\@markbind\core\src\html\NodeProcessor.js:346:22
    at Array.forEach (<anonymous>)
    at NodeProcessor.traverse (C:\Users\dcsdcr\AppData\Roaming\npm\node_modules\markbind-cli\node_modules\@markbind\core\src\html\NodeProcessor.js:345:27)
    at C:\Users\dcsdcr\AppData\Roaming\npm\node_modules\markbind-cli\node_modules\@markbind\core\src\html\NodeProcessor.js:346:22
2024-09-18T04:35:29.569Z - info: Site data built
2024-09-18T04:35:29.570Z - info: Pages rebuilt
2024-09-18T04:35:29.570Z - info: Website regeneration complete! Total build time: 4.88s
2024-09-18T04:35:50.092Z - info: [12:35:50 pm] Reload for file change: C:\repos\nus-cs2103\cs2103-website-base\admin\tp-tasks-fragment.md
2024-09-18T04:35:50.093Z - info: Synchronizing opened pages list before reload
2024-09-18T04:35:50.093Z - info: Current opened pages, from most-to-least recent:
2024-09-18T04:35:50.094Z - info: 1. schedule/week6/project
2024-09-18T04:35:51.100Z - info: Rebuilding 1 pages
2024-09-18T04:35:54.802Z - info: Site data built
2024-09-18T04:35:54.802Z - info: Pages rebuilt
2024-09-18T04:35:54.802Z - info: Website regeneration complete! Total build time: 3.704s
2024-09-18T04:37:28.371Z - info: [12:37:28 pm] Reload for file change: C:\repos\nus-cs2103\cs2103-website-base\admin\faq-fragment.md
2024-09-18T04:37:28.372Z - info: Synchronizing opened pages list before reload
2024-09-18T04:37:28.372Z - info: Current opened pages, from most-to-least recent:
2024-09-18T04:37:28.372Z - info: 1. schedule/week6/project
2024-09-18T04:37:29.379Z - info: Rebuilding 1 pages
2024-09-18T04:37:32.961Z - info: Site data built
2024-09-18T04:37:32.962Z - info: Pages rebuilt
2024-09-18T04:37:32.962Z - info: Website regeneration complete! Total build time: 3.585s
2024-09-18T04:40:08.352Z - info: Website generation started at 12:39:33 pm
2024-09-18T04:40:22.695Z - warn: ENOENT: no such file or directory, open 'C:\repos\nus-cs2103\cs2103-website-base\node_modules\.cache\gh-pages\https!github.com!nus-cs2103-AY2425S1!website.git\book\_markbind\variables.md'
2024-09-18T04:40:22.698Z - warn: ENOENT: no such file or directory, open 'C:\repos\nus-cs2103\cs2103-website-base\node_modules\.cache\gh-pages\https!github.com!nus-cs2103-AY2425S1!website.git\cache\gh-pages\https!github.com!nus-cs2103-AY2425S1!website.git\book\_markbind\variables.md'
2024-09-18T04:40:22.700Z - warn: ENOENT: no such file or directory, open 'C:\repos\nus-cs2103\cs2103-website-base\node_modules\.cache\gh-pages\https!github.com!nus-cs2103-AY2425S1!website.git\cache\gh-pages\https!github.com!nus-cs2103-AY2425S1!website.git\_markbind\variables.md'
2024-09-18T04:40:22.702Z - warn: ENOENT: no such file or directory, open 'C:\repos\nus-cs2103\cs2103-website-base\node_modules\.cache\gh-pages\https!github.com!nus-cs2103-AY2425S1!website.git\_markbind\variables.md'
2024-09-18T04:40:22.861Z - info: Building assets...
