2024-10-02T17:00:11.504Z - info: Website generation (lazy) started at 12:59:46 am
2024-10-02T17:00:29.941Z - warn: ENOENT: no such file or directory, open 'C:\repos\nus-cs2103\cs2103-website-base\cache\gh-pages\https!github.com!nus-tee3201!2024.git\book\_markbind\variables.md'
2024-10-02T17:00:29.943Z - warn: ENOENT: no such file or directory, open 'C:\repos\nus-cs2103\cs2103-website-base\cache\gh-pages\https!github.com!nus-tee3201!2024.git\_markbind\variables.md'
2024-10-02T17:00:29.944Z - warn: ENOENT: no such file or directory, open 'C:\repos\nus-cs2103\cs2103-website-base\node_modules\.cache\gh-pages\https!github.com!nus-cs2103-AY2425S1!website.git\book\_markbind\variables.md'
2024-10-02T17:00:29.945Z - warn: ENOENT: no such file or directory, open 'C:\repos\nus-cs2103\cs2103-website-base\node_modules\.cache\gh-pages\https!github.com!nus-cs2103-AY2425S1!website.git\cache\gh-pages\https!github.com!nus-cs2103-AY2425S1!website.git\book\_markbind\variables.md'
2024-10-02T17:00:29.948Z - warn: ENOENT: no such file or directory, open 'C:\repos\nus-cs2103\cs2103-website-base\node_modules\.cache\gh-pages\https!github.com!nus-cs2103-AY2425S1!website.git\cache\gh-pages\https!github.com!nus-cs2103-AY2425S1!website.git\_markbind\variables.md'
2024-10-02T17:00:29.950Z - warn: ENOENT: no such file or directory, open 'C:\repos\nus-cs2103\cs2103-website-base\node_modules\.cache\gh-pages\https!github.com!nus-cs2103-AY2425S1!website.git\_markbind\variables.md'
2024-10-02T17:00:30.041Z - info: Building assets...
2024-10-02T17:02:20.154Z - info: Assets built
2024-10-02T17:02:20.156Z - info: Generating landing page...
2024-10-02T17:02:21.618Z - info: Landing page built, other pages will be built as you navigate to them!
2024-10-02T17:02:22.859Z - info: Site data built
2024-10-02T17:02:22.860Z - info: Website generation (lazy) complete! Total build time: 155.94s
2024-10-02T17:02:23.365Z - info: Serving "C:\repos\nus-cs2103\cs2103-website-base\_site" at http://127.0.0.1:8080
2024-10-02T17:02:23.365Z - info: Press CTRL+C to stop ...
2024-10-02T17:05:26.884Z - info: [1:05:26 am] Reload for file change: C:\repos\nus-cs2103\cs2103-website-base\schedule\week8\commentary-cs2103-fragment.md
2024-10-02T17:05:26.885Z - info: Synchronizing opened pages list before reload
2024-10-02T17:05:26.886Z - info: Current opened pages, from most-to-least recent:
2024-10-02T17:05:26.886Z - info: 1. index
2024-10-02T17:05:27.898Z - info: Assets built
2024-10-02T17:05:27.958Z - info: Building C:\repos\nus-cs2103\cs2103-website-base\schedule\week8\index as some of its dependencies were changed since the last visit
2024-10-02T17:05:29.275Z - info: Site data built
2024-10-02T17:05:29.276Z - info: Lazy website regeneration complete! Total build time: 1.318s
2024-10-02T17:05:42.436Z - info: Building C:\repos\nus-cs2103\cs2103-website-base\schedule\week8\topics as some of its dependencies were changed since the last visit
2024-10-02T17:05:56.469Z - debug:  
2024-10-02T17:05:56.472Z - debug:  
2024-10-02T17:05:56.473Z - debug:  
2024-10-02T17:05:56.473Z - debug:  
2024-10-02T17:05:56.483Z - debug:  
2024-10-02T17:05:56.513Z - debug:  
2024-10-02T17:05:56.685Z - debug:  
2024-10-02T17:05:56.688Z - debug:  
2024-10-02T17:05:56.692Z - debug:  
2024-10-02T17:05:56.692Z - debug:  
2024-10-02T17:05:56.869Z - debug:  
2024-10-02T17:05:57.200Z - debug:  
2024-10-02T17:05:57.710Z - debug:  
2024-10-02T17:05:57.931Z - debug:  
2024-10-02T17:05:57.951Z - debug:  
2024-10-02T17:05:58.340Z - info: Site data built
2024-10-02T17:05:58.341Z - info: Lazy website regeneration complete! Total build time: 15.904s
2024-10-02T17:13:21.173Z - info: Building C:\repos\nus-cs2103\cs2103-website-base\schedule\week8\project as some of its dependencies were changed since the last visit
2024-10-02T17:13:23.116Z - info: Site data built
2024-10-02T17:13:23.117Z - info: Lazy website regeneration complete! Total build time: 1.943s
2024-10-02T17:15:50.980Z - info: [1:15:50 am] Reload for file change: C:\repos\nus-cs2103\cs2103-website-base\admin\faq-fragment.md
2024-10-02T17:15:50.981Z - info: Synchronizing opened pages list before reload
2024-10-02T17:15:50.981Z - info: Current opened pages, from most-to-least recent:
2024-10-02T17:15:50.982Z - info: 1. schedule/week8/project
2024-10-02T17:15:51.010Z - info: [1:15:51 am] Reload for file change: C:\repos\nus-cs2103\cs2103-website-base\admin\ip-tasks-fragment.md
2024-10-02T17:15:51.011Z - info: Synchronizing opened pages list before reload
2024-10-02T17:15:51.011Z - info: Current opened pages, from most-to-least recent:
2024-10-02T17:15:51.011Z - info: 1. schedule/week8/project
2024-10-02T17:15:51.995Z - info: Rebuilding 1 pages
2024-10-02T17:15:53.771Z - info: Site data built
2024-10-02T17:15:53.772Z - info: Pages rebuilt
2024-10-02T17:15:53.772Z - info: Website regeneration complete! Total build time: 1.778s
2024-10-02T17:16:01.952Z - info: [1:16:01 am] Reload for file change: C:\repos\nus-cs2103\cs2103-website-base\admin\ip-tasks-fragment.md
2024-10-02T17:16:01.953Z - info: Synchronizing opened pages list before reload
2024-10-02T17:16:01.954Z - info: Current opened pages, from most-to-least recent:
2024-10-02T17:16:01.954Z - info: 1. schedule/week8/project
2024-10-02T17:16:02.974Z - info: Rebuilding 1 pages
2024-10-02T17:16:04.474Z - info: Site data built
2024-10-02T17:16:04.474Z - info: Pages rebuilt
2024-10-02T17:16:04.474Z - info: Website regeneration complete! Total build time: 1.501s
2024-10-02T17:17:12.738Z - info: [1:17:12 am] Reload for file change: C:\repos\nus-cs2103\cs2103-website-base\admin\ip-tasks-fragment.md
2024-10-02T17:17:12.739Z - info: Synchronizing opened pages list before reload
2024-10-02T17:17:12.739Z - info: Current opened pages, from most-to-least recent:
2024-10-02T17:17:12.740Z - info: 1. schedule/week8/project
2024-10-02T17:17:13.751Z - info: Rebuilding 1 pages
2024-10-02T17:17:15.703Z - info: Site data built
2024-10-02T17:17:15.704Z - info: Pages rebuilt
2024-10-02T17:17:15.704Z - info: Website regeneration complete! Total build time: 1.955s
2024-10-02T17:17:37.320Z - info: [1:17:37 am] Reload for file change: C:\repos\nus-cs2103\cs2103-website-base\admin\ip-tasks-fragment.md
2024-10-02T17:17:37.320Z - info: Synchronizing opened pages list before reload
2024-10-02T17:17:37.321Z - info: Current opened pages, from most-to-least recent:
2024-10-02T17:17:37.321Z - info: 1. schedule/week8/project
2024-10-02T17:17:38.331Z - info: Rebuilding 1 pages
2024-10-02T17:17:40.315Z - info: Site data built
2024-10-02T17:17:40.315Z - info: Pages rebuilt
2024-10-02T17:17:40.316Z - info: Website regeneration complete! Total build time: 1.985s
2024-10-02T17:19:38.239Z - info: [1:19:38 am] Reload for file change: C:\repos\nus-cs2103\cs2103-website-base\admin\tp-tasks-fragment.md
2024-10-02T17:19:38.240Z - info: Synchronizing opened pages list before reload
2024-10-02T17:19:38.240Z - info: Current opened pages, from most-to-least recent:
2024-10-02T17:19:38.240Z - info: 1. schedule/week8/project
2024-10-02T17:19:39.252Z - info: Rebuilding 1 pages
2024-10-02T17:19:41.191Z - info: Site data built
2024-10-02T17:19:41.191Z - info: Pages rebuilt
2024-10-02T17:19:41.191Z - info: Website regeneration complete! Total build time: 1.94s
2024-10-02T17:20:26.101Z - info: [1:20:26 am] Reload for file change: C:\repos\nus-cs2103\cs2103-website-base\admin\tp-tasks-fragment.md
2024-10-02T17:20:26.101Z - info: Synchronizing opened pages list before reload
2024-10-02T17:20:26.102Z - info: Current opened pages, from most-to-least recent:
2024-10-02T17:20:26.102Z - info: 1. schedule/week8/project
2024-10-02T17:20:27.107Z - info: Rebuilding 1 pages
2024-10-02T17:20:29.032Z - info: Site data built
2024-10-02T17:20:29.032Z - info: Pages rebuilt
2024-10-02T17:20:29.032Z - info: Website regeneration complete! Total build time: 1.926s
2024-10-02T17:20:48.659Z - info: [1:20:48 am] Reload for file change: C:\repos\nus-cs2103\cs2103-website-base\admin\tp-tasks-fragment.md
2024-10-02T17:20:48.660Z - info: Synchronizing opened pages list before reload
2024-10-02T17:20:48.660Z - info: Current opened pages, from most-to-least recent:
2024-10-02T17:20:48.660Z - info: 1. schedule/week8/project
2024-10-02T17:20:49.666Z - info: Rebuilding 1 pages
2024-10-02T17:20:51.437Z - info: Site data built
2024-10-02T17:20:51.437Z - info: Pages rebuilt
2024-10-02T17:20:51.438Z - info: Website regeneration complete! Total build time: 1.773s
2024-10-02T17:38:16.274Z - info: [1:38:16 am] Reload for file change: C:\repos\nus-cs2103\cs2103-website-base\admin\tp-tasks-fragment.md
2024-10-02T17:38:16.274Z - info: Synchronizing opened pages list before reload
2024-10-02T17:38:16.275Z - info: Current opened pages, from most-to-least recent:
2024-10-02T17:38:16.275Z - info: 1. schedule/week8/project
2024-10-02T17:38:17.286Z - info: Rebuilding 1 pages
2024-10-02T17:38:19.160Z - info: Site data built
2024-10-02T17:38:19.160Z - info: Pages rebuilt
2024-10-02T17:38:19.160Z - info: Website regeneration complete! Total build time: 1.874s
2024-10-02T17:40:48.077Z - info: [1:40:48 am] Reload for file change: C:\repos\nus-cs2103\cs2103-website-base\admin\tp-pe-bug-triaging-guidelines-fragment.md
2024-10-02T17:40:48.077Z - info: Synchronizing opened pages list before reload
2024-10-02T17:40:48.078Z - info: Current opened pages, from most-to-least recent:
2024-10-02T17:40:48.078Z - info: 1. schedule/week8/project
2024-10-02T17:40:49.086Z - info: Rebuilding 1 pages
2024-10-02T17:40:50.879Z - info: Site data built
2024-10-02T17:40:50.879Z - info: Pages rebuilt
2024-10-02T17:40:50.879Z - info: Website regeneration complete! Total build time: 1.795s
2024-10-02T17:42:37.777Z - info: [1:42:37 am] Reload for file change: C:\repos\nus-cs2103\cs2103-website-base\admin\tp-pe-bug-triaging-guidelines-fragment.md
2024-10-02T17:42:37.778Z - info: Synchronizing opened pages list before reload
2024-10-02T17:42:37.779Z - info: Current opened pages, from most-to-least recent:
2024-10-02T17:42:37.779Z - info: 1. schedule/week8/project
2024-10-02T17:42:38.795Z - info: Rebuilding 1 pages
2024-10-02T17:42:40.518Z - info: Site data built
2024-10-02T17:42:40.518Z - info: Pages rebuilt
2024-10-02T17:42:40.518Z - info: Website regeneration complete! Total build time: 1.724s
2024-10-02T17:48:15.011Z - info: [1:48:15 am] Reload for file change: C:\repos\nus-cs2103\cs2103-website-base\admin\tp-pe-bug-triaging-guidelines-fragment.md
2024-10-02T17:48:15.013Z - info: Synchronizing opened pages list before reload
2024-10-02T17:48:15.013Z - info: Current opened pages, from most-to-least recent:
2024-10-02T17:48:15.013Z - info: 1. schedule/week8/project
2024-10-02T17:48:16.033Z - info: Rebuilding 1 pages
2024-10-02T17:48:18.020Z - info: Site data built
2024-10-02T17:48:18.021Z - info: Pages rebuilt
2024-10-02T17:48:18.021Z - info: Website regeneration complete! Total build time: 1.989s
2024-10-02T17:56:11.331Z - info: [1:56:11 am] Reload for file change: C:\repos\nus-cs2103\cs2103-website-base\admin\tp-tasks-fragment.md
2024-10-02T17:56:11.332Z - info: Synchronizing opened pages list before reload
2024-10-02T17:56:11.332Z - info: Current opened pages, from most-to-least recent:
2024-10-02T17:56:11.332Z - info: 1. schedule/week8/project
2024-10-02T17:56:12.339Z - info: Rebuilding 1 pages
2024-10-02T17:56:14.240Z - info: Site data built
2024-10-02T17:56:14.240Z - info: Pages rebuilt
2024-10-02T17:56:14.240Z - info: Website regeneration complete! Total build time: 1.902s
2024-10-02T17:56:25.711Z - info: [1:56:25 am] Reload for file change: C:\repos\nus-cs2103\cs2103-website-base\admin\tp-tasks-fragment.md
2024-10-02T17:56:25.711Z - info: Synchronizing opened pages list before reload
2024-10-02T17:56:25.711Z - info: Current opened pages, from most-to-least recent:
2024-10-02T17:56:25.711Z - info: 1. schedule/week8/project
2024-10-02T17:56:26.720Z - info: Rebuilding 1 pages
2024-10-02T17:56:28.225Z - info: Site data built
2024-10-02T17:56:28.225Z - info: Pages rebuilt
2024-10-02T17:56:28.225Z - info: Website regeneration complete! Total build time: 1.506s
2024-10-02T17:57:15.464Z - info: [1:57:15 am] Reload for file change: C:\repos\nus-cs2103\cs2103-website-base\admin\tp-tasks-fragment.md
2024-10-02T17:57:15.465Z - info: Synchronizing opened pages list before reload
2024-10-02T17:57:15.465Z - info: Current opened pages, from most-to-least recent:
2024-10-02T17:57:15.466Z - info: 1. schedule/week8/project
2024-10-02T17:57:16.479Z - info: Rebuilding 1 pages
2024-10-02T17:57:18.288Z - info: Site data built
2024-10-02T17:57:18.288Z - info: Pages rebuilt
2024-10-02T17:57:18.288Z - info: Website regeneration complete! Total build time: 1.809s
2024-10-02T17:58:35.771Z - info: [1:58:35 am] Reload for file change: C:\repos\nus-cs2103\cs2103-website-base\admin\tp-tasks-fragment.md
2024-10-02T17:58:35.771Z - info: Synchronizing opened pages list before reload
2024-10-02T17:58:35.771Z - info: Current opened pages, from most-to-least recent:
2024-10-02T17:58:35.772Z - info: 1. schedule/week8/project
2024-10-02T17:58:36.788Z - info: Rebuilding 1 pages
2024-10-02T17:58:38.529Z - info: Site data built
2024-10-02T17:58:38.529Z - info: Pages rebuilt
2024-10-02T17:58:38.529Z - info: Website regeneration complete! Total build time: 1.742s
2024-10-02T17:59:09.727Z - info: [1:59:09 am] Reload for file change: C:\repos\nus-cs2103\cs2103-website-base\admin\tp-tasks-fragment.md
2024-10-02T17:59:09.729Z - info: Synchronizing opened pages list before reload
2024-10-02T17:59:09.729Z - info: Current opened pages, from most-to-least recent:
2024-10-02T17:59:09.729Z - info: 1. schedule/week8/project
2024-10-02T17:59:10.745Z - info: Rebuilding 1 pages
2024-10-02T17:59:12.783Z - info: Site data built
2024-10-02T17:59:12.784Z - info: Pages rebuilt
2024-10-02T17:59:12.784Z - info: Website regeneration complete! Total build time: 2.04s
2024-10-02T17:59:45.705Z - info: Building C:\repos\nus-cs2103\cs2103-website-base\schedule\week8\tutorial as some of its dependencies were changed since the last visit
2024-10-02T17:59:46.260Z - info: Site data built
2024-10-02T17:59:46.261Z - info: Lazy website regeneration complete! Total build time: 0.557s
2024-10-02T18:01:32.656Z - info: [2:01:32 am] Reload for file change: C:\repos\nus-cs2103\cs2103-website-base\admin\common-tutorials-fragment.md
2024-10-02T18:01:32.656Z - info: Synchronizing opened pages list before reload
2024-10-02T18:01:32.657Z - info: Current opened pages, from most-to-least recent:
2024-10-02T18:01:32.657Z - info: 1. schedule/week8/tutorial
2024-10-02T18:01:33.667Z - info: Rebuilding 1 pages
2024-10-02T18:01:34.264Z - info: Site data built
2024-10-02T18:01:34.264Z - info: Pages rebuilt
2024-10-02T18:01:34.264Z - info: Website regeneration complete! Total build time: 0.598s
2024-10-02T18:02:49.900Z - info: Building C:\repos\nus-cs2103\cs2103-website-base\schedule\week9\index as some of its dependencies were changed since the last visit
2024-10-02T18:02:50.999Z - info: Site data built
2024-10-02T18:02:50.999Z - info: Lazy website regeneration complete! Total build time: 1.1s
2024-10-02T18:03:16.149Z - info: Building C:\repos\nus-cs2103\cs2103-website-base\schedule\week8\index as some of its dependencies were changed since the last visit
2024-10-02T18:03:17.350Z - info: Site data built
2024-10-02T18:03:17.350Z - info: Lazy website regeneration complete! Total build time: 1.201s
2024-10-02T18:03:32.726Z - info: Building C:\repos\nus-cs2103\cs2103-website-base\schedule\week9\admin as some of its dependencies were changed since the last visit
2024-10-02T18:03:32.930Z - info: Site data built
2024-10-02T18:03:32.930Z - info: Lazy website regeneration complete! Total build time: 0.204s
2024-10-02T18:13:57.064Z - info: Website generation started at 2:13:16 am
2024-10-02T18:14:11.718Z - warn: ENOENT: no such file or directory, open 'C:\repos\nus-cs2103\cs2103-website-base\node_modules\.cache\gh-pages\https!github.com!nus-cs2103-AY2425S1!website.git\book\_markbind\variables.md'
2024-10-02T18:14:11.720Z - warn: ENOENT: no such file or directory, open 'C:\repos\nus-cs2103\cs2103-website-base\node_modules\.cache\gh-pages\https!github.com!nus-cs2103-AY2425S1!website.git\cache\gh-pages\https!github.com!nus-cs2103-AY2425S1!website.git\book\_markbind\variables.md'
2024-10-02T18:14:11.721Z - warn: ENOENT: no such file or directory, open 'C:\repos\nus-cs2103\cs2103-website-base\node_modules\.cache\gh-pages\https!github.com!nus-cs2103-AY2425S1!website.git\cache\gh-pages\https!github.com!nus-cs2103-AY2425S1!website.git\_markbind\variables.md'
2024-10-02T18:14:11.723Z - warn: ENOENT: no such file or directory, open 'C:\repos\nus-cs2103\cs2103-website-base\node_modules\.cache\gh-pages\https!github.com!nus-cs2103-AY2425S1!website.git\_markbind\variables.md'
2024-10-02T18:14:11.804Z - info: Building assets...
