2024-09-11T12:20:25.170Z - info: Website generation started at 8:20:03 pm
2024-09-11T12:20:35.409Z - warn: ENOENT: no such file or directory, open 'C:\repos\nus-cs2103\cs2103-website-base\node_modules\.cache\gh-pages\https!github.com!nus-tic2002-AY2425S1!website.git\book\_markbind\variables.md'
2024-09-11T12:20:35.411Z - warn: ENOENT: no such file or directory, open 'C:\repos\nus-cs2103\cs2103-website-base\node_modules\.cache\gh-pages\https!github.com!nus-tic2002-AY2425S1!website.git\_markbind\variables.md'
2024-09-11T12:20:35.480Z - info: Building assets...
2024-09-11T12:21:24.396Z - info: Assets built
2024-09-11T12:21:24.396Z - info: Generating pages...
2024-09-11T12:21:37.984Z - debug:  
2024-09-11T12:21:38.030Z - debug:  
2024-09-11T12:21:38.047Z - debug:  
2024-09-11T12:21:38.063Z - debug:  
2024-09-11T12:21:38.064Z - debug:  
2024-09-11T12:21:40.184Z - debug:  
2024-09-11T12:21:40.204Z - debug:  
2024-09-11T12:21:40.220Z - debug:  
2024-09-11T12:21:40.220Z - debug:  
2024-09-11T12:21:40.235Z - debug:  
2024-09-11T12:21:40.249Z - debug:  
2024-09-11T12:21:40.299Z - debug:  
2024-09-11T12:21:47.760Z - debug:  
2024-09-11T12:21:47.774Z - debug:  
2024-09-11T12:21:50.850Z - debug:  
2024-09-11T12:22:07.722Z - debug:  
2024-09-11T12:22:15.126Z - debug:  
2024-09-11T12:22:28.118Z - debug:  
2024-09-11T12:23:16.644Z - info: Pages built
2024-09-11T12:23:17.776Z - info: Site data built
2024-09-11T12:23:17.776Z - info: Website generation complete! Total build time: 194.35s
2024-09-11T12:23:17.776Z - info: Build success!
2024-09-11T12:25:37.051Z - info: The website has been deployed at: https://nus-tee3201.github.io/2024
2024-09-11T15:06:43.274Z - info: Website generation (lazy) started at 11:06:10 pm
2024-09-11T15:06:56.898Z - warn: ENOENT: no such file or directory, open 'C:\repos\nus-cs2103\cs2103-website-base\node_modules\.cache\gh-pages\https!github.com!nus-tee3201!2024.git\book\_markbind\variables.md'
2024-09-11T15:06:56.900Z - warn: ENOENT: no such file or directory, open 'C:\repos\nus-cs2103\cs2103-website-base\node_modules\.cache\gh-pages\https!github.com!nus-tee3201!2024.git\_markbind\variables.md'
2024-09-11T15:06:56.986Z - info: Building assets...
2024-09-11T15:07:58.985Z - info: Assets built
2024-09-11T15:07:58.986Z - info: Generating landing page...
2024-09-11T15:08:00.951Z - info: Landing page built, other pages will be built as you navigate to them!
2024-09-11T15:08:02.471Z - info: Site data built
2024-09-11T15:08:02.471Z - info: Website generation (lazy) complete! Total build time: 111.898s
2024-09-11T15:08:03.014Z - info: Serving "C:\repos\nus-cs2103\cs2103-website-base\_site" at http://127.0.0.1:8080
2024-09-11T15:08:03.015Z - info: Press CTRL+C to stop ...
2024-09-11T15:24:01.806Z - info: Building C:\repos\nus-cs2103\cs2103-website-base\schedule\week6\index as some of its dependencies were changed since the last visit
2024-09-11T15:24:02.926Z - info: Site data built
2024-09-11T15:24:02.927Z - info: Lazy website regeneration complete! Total build time: 1.121s
2024-09-11T15:30:30.580Z - info: Building C:\repos\nus-cs2103\cs2103-website-base\schedule\week6\admin as some of its dependencies were changed since the last visit
2024-09-11T15:30:31.049Z - info: Site data built
2024-09-11T15:30:31.050Z - info: Lazy website regeneration complete! Total build time: 0.47s
2024-09-11T15:30:44.008Z - info: Building C:\repos\nus-cs2103\cs2103-website-base\schedule\week6\topics as some of its dependencies were changed since the last visit
2024-09-11T15:30:47.922Z - debug:  
2024-09-11T15:30:47.940Z - debug:  
2024-09-11T15:30:48.143Z - info: Site data built
2024-09-11T15:30:48.144Z - info: Lazy website regeneration complete! Total build time: 4.137s
2024-09-11T15:32:04.831Z - info: Building C:\repos\nus-cs2103\cs2103-website-base\schedule\week6\project as some of its dependencies were changed since the last visit
2024-09-11T15:32:07.484Z - info: Site data built
2024-09-11T15:32:07.484Z - info: Lazy website regeneration complete! Total build time: 2.653s
2024-09-11T15:33:41.073Z - info: [11:33:41 pm] Reload for file change: C:\repos\nus-cs2103\cs2103-website-base\admin\ip-tasks-fragment.md
2024-09-11T15:33:41.074Z - info: Synchronizing opened pages list before reload
2024-09-11T15:33:41.074Z - info: Current opened pages, from most-to-least recent:
2024-09-11T15:33:41.075Z - info: 1. schedule/week6/project
2024-09-11T15:33:42.087Z - info: Rebuilding 1 pages
2024-09-11T15:33:44.767Z - info: Site data built
2024-09-11T15:33:44.768Z - info: Pages rebuilt
2024-09-11T15:33:44.768Z - info: Website regeneration complete! Total build time: 2.682s
2024-09-11T15:35:06.835Z - info: [11:35:06 pm] Reload for file change: C:\repos\nus-cs2103\cs2103-website-base\admin\ip-tasks-fragment.md
2024-09-11T15:35:06.836Z - info: Synchronizing opened pages list before reload
2024-09-11T15:35:06.836Z - info: Current opened pages, from most-to-least recent:
2024-09-11T15:35:06.837Z - info: 1. schedule/week6/project
2024-09-11T15:35:07.846Z - info: Rebuilding 1 pages
2024-09-11T15:35:10.356Z - info: Site data built
2024-09-11T15:35:10.356Z - info: Pages rebuilt
2024-09-11T15:35:10.357Z - info: Website regeneration complete! Total build time: 2.512s
2024-09-11T15:36:13.469Z - info: [11:36:13 pm] Reload for file change: C:\repos\nus-cs2103\cs2103-website-base\admin\ip-tasks-fragment.md
2024-09-11T15:36:13.470Z - info: Synchronizing opened pages list before reload
2024-09-11T15:36:13.471Z - info: Current opened pages, from most-to-least recent:
2024-09-11T15:36:13.472Z - info: 1. schedule/week6/project
2024-09-11T15:36:14.487Z - info: Rebuilding 1 pages
2024-09-11T15:36:17.088Z - info: Site data built
2024-09-11T15:36:17.089Z - info: Pages rebuilt
2024-09-11T15:36:17.089Z - info: Website regeneration complete! Total build time: 2.603s
2024-09-11T15:38:51.467Z - info: [11:38:51 pm] Reload for file change: C:\repos\nus-cs2103\cs2103-website-base\book\projectDuke\extensions-fragment.md
2024-09-11T15:38:51.467Z - info: Synchronizing opened pages list before reload
2024-09-11T15:38:51.468Z - info: Current opened pages, from most-to-least recent:
2024-09-11T15:38:51.468Z - info: 1. schedule/week6/project
2024-09-11T15:38:52.472Z - info: Rebuilding 1 pages
2024-09-11T15:38:55.261Z - info: Site data built
2024-09-11T15:38:55.262Z - info: Pages rebuilt
2024-09-11T15:38:55.262Z - info: Website regeneration complete! Total build time: 2.792s
2024-09-11T15:40:09.704Z - info: Building C:\repos\nus-cs2103\cs2103-website-base\admin\ip-showcase as some of its dependencies were changed since the last visit
2024-09-11T15:40:11.826Z - info: Site data built
2024-09-11T15:40:11.827Z - info: Lazy website regeneration complete! Total build time: 2.123s
2024-09-11T15:43:52.809Z - info: [11:43:52 pm] Reload for file change: C:\repos\nus-cs2103\cs2103-website-base\admin\tp-tasks-fragment.md
2024-09-11T15:43:52.809Z - info: Synchronizing opened pages list before reload
2024-09-11T15:43:52.810Z - info: Current opened pages, from most-to-least recent:
2024-09-11T15:43:52.810Z - info: 1. schedule/week6/project
2024-09-11T15:43:53.828Z - info: Rebuilding 1 pages
2024-09-11T15:43:56.478Z - info: Site data built
2024-09-11T15:43:56.479Z - info: Pages rebuilt
2024-09-11T15:43:56.479Z - info: Website regeneration complete! Total build time: 2.651s
2024-09-11T15:45:43.118Z - info: [11:45:43 pm] Reload for file change: C:\repos\nus-cs2103\cs2103-website-base\admin\tp-tasks-fragment.md
2024-09-11T15:45:43.119Z - info: Synchronizing opened pages list before reload
2024-09-11T15:45:43.119Z - info: Current opened pages, from most-to-least recent:
2024-09-11T15:45:43.119Z - info: 1. schedule/week6/project
2024-09-11T15:45:44.133Z - info: Rebuilding 1 pages
2024-09-11T15:45:46.680Z - info: Site data built
2024-09-11T15:45:46.680Z - info: Pages rebuilt
2024-09-11T15:45:46.680Z - info: Website regeneration complete! Total build time: 2.551s
2024-09-11T15:47:04.875Z - info: [11:47:04 pm] Reload for file change: C:\repos\nus-cs2103\cs2103-website-base\admin\tp-tasks-fragment.md
2024-09-11T15:47:04.876Z - info: Synchronizing opened pages list before reload
2024-09-11T15:47:04.877Z - info: Current opened pages, from most-to-least recent:
2024-09-11T15:47:04.878Z - info: 1. schedule/week6/project
2024-09-11T15:47:05.897Z - info: Rebuilding 1 pages
2024-09-11T15:47:09.393Z - info: Site data built
2024-09-11T15:47:09.394Z - info: Pages rebuilt
2024-09-11T15:47:09.394Z - info: Website regeneration complete! Total build time: 3.499s
2024-09-11T15:48:42.479Z - info: [11:48:42 pm] Reload for file change: C:\repos\nus-cs2103\cs2103-website-base\admin\tp-tasks-fragment.md
2024-09-11T15:48:42.480Z - info: Synchronizing opened pages list before reload
2024-09-11T15:48:42.480Z - info: Current opened pages, from most-to-least recent:
2024-09-11T15:48:42.480Z - info: 1. schedule/week6/project
2024-09-11T15:48:43.499Z - info: Rebuilding 1 pages
2024-09-11T15:48:46.166Z - info: Site data built
2024-09-11T15:48:46.166Z - info: Pages rebuilt
2024-09-11T15:48:46.166Z - info: Website regeneration complete! Total build time: 2.669s
2024-09-11T15:49:06.856Z - info: [11:49:06 pm] Reload for file change: C:\repos\nus-cs2103\cs2103-website-base\admin\tp-tasks-fragment.md
2024-09-11T15:49:06.857Z - info: Synchronizing opened pages list before reload
2024-09-11T15:49:06.858Z - info: Current opened pages, from most-to-least recent:
2024-09-11T15:49:06.858Z - info: 1. schedule/week6/project
2024-09-11T15:49:07.872Z - info: Rebuilding 1 pages
2024-09-11T15:49:10.536Z - info: Site data built
2024-09-11T15:49:10.537Z - info: Pages rebuilt
2024-09-11T15:49:10.537Z - info: Website regeneration complete! Total build time: 2.666s
2024-09-11T15:50:39.302Z - info: [11:50:39 pm] Reload for file change: C:\repos\nus-cs2103\cs2103-website-base\admin\tp-tasks-fragment.md
2024-09-11T15:50:39.303Z - info: Synchronizing opened pages list before reload
2024-09-11T15:50:39.303Z - info: Current opened pages, from most-to-least recent:
2024-09-11T15:50:39.304Z - info: 1. schedule/week6/project
2024-09-11T15:50:40.319Z - info: Rebuilding 1 pages
2024-09-11T15:50:42.836Z - info: Site data built
2024-09-11T15:50:42.836Z - info: Pages rebuilt
2024-09-11T15:50:42.836Z - info: Website regeneration complete! Total build time: 2.519s
2024-09-11T15:53:36.953Z - info: [11:53:36 pm] Reload for file change: C:\repos\nus-cs2103\cs2103-website-base\admin\tp-tasks-fragment.md
2024-09-11T15:53:36.953Z - info: Synchronizing opened pages list before reload
2024-09-11T15:53:36.954Z - info: Current opened pages, from most-to-least recent:
2024-09-11T15:53:36.954Z - info: 1. schedule/week6/project
2024-09-11T15:53:37.974Z - info: Rebuilding 1 pages
2024-09-11T15:53:40.681Z - info: Site data built
2024-09-11T15:53:40.681Z - info: Pages rebuilt
2024-09-11T15:53:40.681Z - info: Website regeneration complete! Total build time: 2.708s
2024-09-11T15:54:00.976Z - info: [11:54:00 pm] Reload for file change: C:\repos\nus-cs2103\cs2103-website-base\admin\tp-tasks-fragment.md
2024-09-11T15:54:00.977Z - info: Synchronizing opened pages list before reload
2024-09-11T15:54:00.978Z - info: Current opened pages, from most-to-least recent:
2024-09-11T15:54:00.978Z - info: 1. schedule/week6/project
2024-09-11T15:54:01.995Z - info: Rebuilding 1 pages
2024-09-11T15:54:04.647Z - info: Site data built
2024-09-11T15:54:04.647Z - info: Pages rebuilt
2024-09-11T15:54:04.647Z - info: Website regeneration complete! Total build time: 2.653s
2024-09-11T15:54:58.841Z - info: [11:54:58 pm] Reload for file change: C:\repos\nus-cs2103\cs2103-website-base\admin\tp-expectations.md
2024-09-11T15:54:58.842Z - info: Synchronizing opened pages list before reload
2024-09-11T15:54:58.843Z - info: Current opened pages, from most-to-least recent:
2024-09-11T15:54:58.844Z - info: 1. schedule/week6/project
2024-09-11T15:54:59.853Z - info: Rebuilding 1 pages
2024-09-11T15:55:02.534Z - info: Site data built
2024-09-11T15:55:02.534Z - info: Pages rebuilt
2024-09-11T15:55:02.534Z - info: Website regeneration complete! Total build time: 2.682s
2024-09-11T15:55:34.992Z - info: [11:55:34 pm] Reload for file change: C:\repos\nus-cs2103\cs2103-website-base\admin\tp-expectations.md
2024-09-11T15:55:34.993Z - info: Synchronizing opened pages list before reload
2024-09-11T15:55:34.994Z - info: Current opened pages, from most-to-least recent:
2024-09-11T15:55:34.994Z - info: 1. schedule/week6/project
2024-09-11T15:55:36.001Z - info: Rebuilding 1 pages
2024-09-11T15:55:38.537Z - info: Site data built
2024-09-11T15:55:38.538Z - info: Pages rebuilt
2024-09-11T15:55:38.538Z - info: Website regeneration complete! Total build time: 2.538s
2024-09-11T15:56:16.121Z - info: [11:56:16 pm] Reload for file change: C:\repos\nus-cs2103\cs2103-website-base\admin\tp-expectations.md
2024-09-11T15:56:16.122Z - info: Synchronizing opened pages list before reload
2024-09-11T15:56:16.123Z - info: Current opened pages, from most-to-least recent:
2024-09-11T15:56:16.124Z - info: 1. schedule/week6/project
2024-09-11T15:56:17.133Z - info: Rebuilding 1 pages
2024-09-11T15:56:19.630Z - info: Site data built
2024-09-11T15:56:19.630Z - info: Pages rebuilt
2024-09-11T15:56:19.630Z - info: Website regeneration complete! Total build time: 2.498s
2024-09-11T15:57:32.479Z - info: [11:57:32 pm] Reload for file change: C:\repos\nus-cs2103\cs2103-website-base\admin\tp-expectations.md
2024-09-11T15:57:32.479Z - info: Synchronizing opened pages list before reload
2024-09-11T15:57:32.480Z - info: Current opened pages, from most-to-least recent:
2024-09-11T15:57:32.480Z - info: 1. schedule/week6/project
2024-09-11T15:57:33.494Z - info: Rebuilding 1 pages
2024-09-11T15:57:35.976Z - info: Site data built
2024-09-11T15:57:35.977Z - info: Pages rebuilt
2024-09-11T15:57:35.977Z - info: Website regeneration complete! Total build time: 2.484s
