2024-09-22T04:24:34.510Z - info: Website generation (lazy) started at 12:24:07 pm
2024-09-22T04:24:49.454Z - warn: ENOENT: no such file or directory, open 'C:\repos\nus-cs2103\cs2103-website-base\cache\gh-pages\https!github.com!nus-cs2103-AY2425S1!website.git\book\_markbind\variables.md'
2024-09-22T04:24:49.455Z - warn: ENOENT: no such file or directory, open 'C:\repos\nus-cs2103\cs2103-website-base\cache\gh-pages\https!github.com!nus-cs2103-AY2425S1!website.git\_markbind\variables.md'
2024-09-22T04:24:49.457Z - warn: ENOENT: no such file or directory, open 'C:\repos\nus-cs2103\cs2103-website-base\node_modules\.cache\gh-pages\https!github.com!nus-cs2103-AY2425S1!website.git\book\_markbind\variables.md'
2024-09-22T04:24:49.459Z - warn: ENOENT: no such file or directory, open 'C:\repos\nus-cs2103\cs2103-website-base\node_modules\.cache\gh-pages\https!github.com!nus-cs2103-AY2425S1!website.git\cache\gh-pages\https!github.com!nus-cs2103-AY2425S1!website.git\book\_markbind\variables.md'
2024-09-22T04:24:49.460Z - warn: ENOENT: no such file or directory, open 'C:\repos\nus-cs2103\cs2103-website-base\node_modules\.cache\gh-pages\https!github.com!nus-cs2103-AY2425S1!website.git\cache\gh-pages\https!github.com!nus-cs2103-AY2425S1!website.git\_markbind\variables.md'
2024-09-22T04:24:49.461Z - warn: ENOENT: no such file or directory, open 'C:\repos\nus-cs2103\cs2103-website-base\node_modules\.cache\gh-pages\https!github.com!nus-cs2103-AY2425S1!website.git\_markbind\variables.md'
2024-09-22T04:24:49.539Z - info: Building assets...
2024-09-22T04:26:51.751Z - info: Assets built
2024-09-22T04:26:51.752Z - info: Generating landing page...
2024-09-22T04:26:53.438Z - info: Landing page built, other pages will be built as you navigate to them!
2024-09-22T04:26:54.564Z - info: Site data built
2024-09-22T04:26:54.565Z - info: Website generation (lazy) complete! Total build time: 167.221s
2024-09-22T04:26:54.992Z - info: Serving "C:\repos\nus-cs2103\cs2103-website-base\_site" at http://127.0.0.1:8080
2024-09-22T04:26:54.992Z - info: Press CTRL+C to stop ...
2024-09-22T05:01:28.204Z - info: Building C:\repos\nus-cs2103\cs2103-website-base\schedule\week6\index as some of its dependencies were changed since the last visit
2024-09-22T05:01:29.593Z - info: Site data built
2024-09-22T05:01:29.593Z - info: Lazy website regeneration complete! Total build time: 1.396s
2024-09-22T05:01:37.054Z - info: Building C:\repos\nus-cs2103\cs2103-website-base\schedule\week6\project as some of its dependencies were changed since the last visit
2024-09-22T05:01:40.001Z - info: Site data built
2024-09-22T05:01:40.002Z - info: Lazy website regeneration complete! Total build time: 2.948s
2024-09-22T05:31:22.827Z - info: Website generation started at 1:30:50 pm
2024-09-22T05:31:35.508Z - warn: ENOENT: no such file or directory, open 'C:\repos\nus-cs2103\cs2103-website-base\node_modules\.cache\gh-pages\https!github.com!nus-cs2103-AY2425S1!website.git\book\_markbind\variables.md'
2024-09-22T05:31:35.509Z - warn: ENOENT: no such file or directory, open 'C:\repos\nus-cs2103\cs2103-website-base\node_modules\.cache\gh-pages\https!github.com!nus-cs2103-AY2425S1!website.git\cache\gh-pages\https!github.com!nus-cs2103-AY2425S1!website.git\book\_markbind\variables.md'
2024-09-22T05:31:35.511Z - warn: ENOENT: no such file or directory, open 'C:\repos\nus-cs2103\cs2103-website-base\node_modules\.cache\gh-pages\https!github.com!nus-cs2103-AY2425S1!website.git\cache\gh-pages\https!github.com!nus-cs2103-AY2425S1!website.git\_markbind\variables.md'
2024-09-22T05:31:35.512Z - warn: ENOENT: no such file or directory, open 'C:\repos\nus-cs2103\cs2103-website-base\node_modules\.cache\gh-pages\https!github.com!nus-cs2103-AY2425S1!website.git\_markbind\variables.md'
2024-09-22T05:31:35.584Z - info: Building assets...
2024-09-22T05:32:41.166Z - info: Assets built
2024-09-22T05:32:41.167Z - info: Generating pages...
2024-09-22T05:33:03.878Z - debug:  
2024-09-22T05:33:03.889Z - debug:  
2024-09-22T05:33:03.916Z - debug:  
2024-09-22T05:33:03.936Z - debug:  
2024-09-22T05:33:03.981Z - debug:  
2024-09-22T05:33:04.044Z - debug:  
2024-09-22T05:33:04.056Z - debug:  
2024-09-22T05:33:04.074Z - debug:  
2024-09-22T05:33:04.156Z - debug:  
2024-09-22T05:33:04.249Z - debug:  
2024-09-22T05:33:07.291Z - debug:  
2024-09-22T05:33:07.292Z - debug:  
2024-09-22T05:33:07.292Z - debug:  
2024-09-22T05:33:07.292Z - debug:  
2024-09-22T05:33:07.292Z - debug:  
2024-09-22T05:33:07.292Z - debug:  
2024-09-22T05:33:07.292Z - debug:  
2024-09-22T05:33:39.118Z - debug:  
2024-09-22T05:35:50.662Z - debug:  
2024-09-22T05:36:17.015Z - debug:  
2024-09-22T05:36:17.034Z - debug:  
2024-09-22T05:36:33.325Z - info: Pages built
2024-09-22T05:36:34.726Z - info: Site data built
2024-09-22T05:36:34.727Z - info: Website generation complete! Total build time: 343.834s
2024-09-22T05:36:34.727Z - info: Build success!
2024-09-22T05:40:19.674Z - info: The website has been deployed at: https://nus-cs2103-ay2425s1.github.io/website
2024-09-22T08:36:18.643Z - info: Website generation (lazy) started at 4:35:50 pm
2024-09-22T08:36:35.793Z - warn: ENOENT: no such file or directory, open 'C:\repos\nus-cs2103\cs2103-website-base\cache\gh-pages\https!github.com!nus-cs2103-AY2425S1!website.git\book\_markbind\variables.md'
2024-09-22T08:36:35.796Z - warn: ENOENT: no such file or directory, open 'C:\repos\nus-cs2103\cs2103-website-base\cache\gh-pages\https!github.com!nus-cs2103-AY2425S1!website.git\_markbind\variables.md'
2024-09-22T08:36:35.797Z - warn: ENOENT: no such file or directory, open 'C:\repos\nus-cs2103\cs2103-website-base\node_modules\.cache\gh-pages\https!github.com!nus-cs2103-AY2425S1!website.git\book\_markbind\variables.md'
2024-09-22T08:36:35.799Z - warn: ENOENT: no such file or directory, open 'C:\repos\nus-cs2103\cs2103-website-base\node_modules\.cache\gh-pages\https!github.com!nus-cs2103-AY2425S1!website.git\cache\gh-pages\https!github.com!nus-cs2103-AY2425S1!website.git\book\_markbind\variables.md'
2024-09-22T08:36:35.801Z - warn: ENOENT: no such file or directory, open 'C:\repos\nus-cs2103\cs2103-website-base\node_modules\.cache\gh-pages\https!github.com!nus-cs2103-AY2425S1!website.git\cache\gh-pages\https!github.com!nus-cs2103-AY2425S1!website.git\_markbind\variables.md'
2024-09-22T08:36:35.802Z - warn: ENOENT: no such file or directory, open 'C:\repos\nus-cs2103\cs2103-website-base\node_modules\.cache\gh-pages\https!github.com!nus-cs2103-AY2425S1!website.git\_markbind\variables.md'
2024-09-22T08:36:35.875Z - info: Building assets...
2024-09-22T08:38:32.660Z - info: Assets built
2024-09-22T08:38:32.662Z - info: Generating landing page...
2024-09-22T08:38:34.223Z - info: Landing page built, other pages will be built as you navigate to them!
2024-09-22T08:38:35.466Z - info: Site data built
2024-09-22T08:38:35.467Z - info: Website generation (lazy) complete! Total build time: 164.562s
2024-09-22T08:38:35.527Z - info: Serving "C:\repos\nus-cs2103\cs2103-website-base\_site" at http://127.0.0.1:8080
2024-09-22T08:38:35.527Z - info: Press CTRL+C to stop ...
2024-09-22T08:45:26.120Z - info: Building C:\repos\nus-cs2103\cs2103-website-base\schedule\timeline as some of its dependencies were changed since the last visit
2024-09-22T08:45:33.974Z - info: Site data built
2024-09-22T08:45:33.974Z - info: Lazy website regeneration complete! Total build time: 7.855s
2024-09-22T08:45:49.041Z - info: Building C:\repos\nus-cs2103\cs2103-website-base\schedule\week5\project as some of its dependencies were changed since the last visit
2024-09-22T08:45:51.654Z - info: Site data built
2024-09-22T08:45:51.655Z - info: Lazy website regeneration complete! Total build time: 2.614s
2024-09-22T09:00:28.439Z - info: [5:00:28 pm] Reload for file change: C:\repos\nus-cs2103\cs2103-website-base\book\projectDuke\extensions-fragment.md
2024-09-22T09:00:28.440Z - info: Synchronizing opened pages list before reload
2024-09-22T09:00:28.440Z - info: Current opened pages, from most-to-least recent:
2024-09-22T09:00:28.441Z - info: 1. schedule/week5/project
2024-09-22T09:00:29.450Z - info: Rebuilding 1 pages
2024-09-22T09:00:31.643Z - info: Site data built
2024-09-22T09:00:31.644Z - info: Pages rebuilt
2024-09-22T09:00:31.644Z - info: Website regeneration complete! Total build time: 2.195s
2024-09-22T09:03:18.222Z - info: [5:03:18 pm] Reload for file change: C:\repos\nus-cs2103\cs2103-website-base\book\projectDuke\extensions-fragment.md
2024-09-22T09:03:18.222Z - info: Synchronizing opened pages list before reload
2024-09-22T09:03:18.222Z - info: Current opened pages, from most-to-least recent:
2024-09-22T09:03:18.223Z - info: 1. schedule/week5/project
2024-09-22T09:03:19.234Z - info: Rebuilding 1 pages
2024-09-22T09:03:21.348Z - info: Site data built
2024-09-22T09:03:21.348Z - info: Pages rebuilt
2024-09-22T09:03:21.349Z - info: Website regeneration complete! Total build time: 2.116s
2024-09-22T09:08:22.653Z - info: [5:08:22 pm] Reload for file change: C:\repos\nus-cs2103\cs2103-website-base\book\projectDuke\extensions-fragment.md
2024-09-22T09:08:22.654Z - info: Synchronizing opened pages list before reload
2024-09-22T09:08:22.654Z - info: Current opened pages, from most-to-least recent:
2024-09-22T09:08:22.655Z - info: 1. schedule/week5/project
2024-09-22T09:08:23.674Z - info: Rebuilding 1 pages
2024-09-22T09:08:26.117Z - info: Site data built
2024-09-22T09:08:26.118Z - info: Pages rebuilt
2024-09-22T09:08:26.118Z - info: Website regeneration complete! Total build time: 2.447s
2024-09-22T09:09:21.485Z - info: [5:09:21 pm] Reload for file change: C:\repos\nus-cs2103\cs2103-website-base\book\projectDuke\extensions-fragment.md
2024-09-22T09:09:21.486Z - info: Synchronizing opened pages list before reload
2024-09-22T09:09:21.486Z - info: Current opened pages, from most-to-least recent:
2024-09-22T09:09:21.486Z - info: 1. schedule/week5/project
2024-09-22T09:09:22.496Z - info: Rebuilding 1 pages
2024-09-22T09:09:24.501Z - info: Site data built
2024-09-22T09:09:24.501Z - info: Pages rebuilt
2024-09-22T09:09:24.501Z - info: Website regeneration complete! Total build time: 2.006s
2024-09-22T10:13:13.108Z - info: [6:13:13 pm] Reload for file change: C:\repos\nus-cs2103\cs2103-website-base\admin\tp-tasks-fragment.md
2024-09-22T10:13:13.127Z - info: Synchronizing opened pages list before reload
2024-09-22T10:13:13.132Z - info: Current opened pages, from most-to-least recent:
2024-09-22T10:13:13.133Z - info: 1. schedule/week5/project
2024-09-22T10:13:14.171Z - info: Rebuilding 1 pages
2024-09-22T10:14:27.590Z - info: Website generation started at 6:13:48 pm
2024-09-22T10:14:39.599Z - warn: ENOENT: no such file or directory, open 'C:\repos\nus-cs2103\cs2103-website-base\node_modules\.cache\gh-pages\https!github.com!nus-cs2103-AY2425S1!website.git\book\_markbind\variables.md'
2024-09-22T10:14:39.600Z - warn: ENOENT: no such file or directory, open 'C:\repos\nus-cs2103\cs2103-website-base\node_modules\.cache\gh-pages\https!github.com!nus-cs2103-AY2425S1!website.git\cache\gh-pages\https!github.com!nus-cs2103-AY2425S1!website.git\book\_markbind\variables.md'
2024-09-22T10:14:39.602Z - warn: ENOENT: no such file or directory, open 'C:\repos\nus-cs2103\cs2103-website-base\node_modules\.cache\gh-pages\https!github.com!nus-cs2103-AY2425S1!website.git\cache\gh-pages\https!github.com!nus-cs2103-AY2425S1!website.git\_markbind\variables.md'
2024-09-22T10:14:39.603Z - warn: ENOENT: no such file or directory, open 'C:\repos\nus-cs2103\cs2103-website-base\node_modules\.cache\gh-pages\https!github.com!nus-cs2103-AY2425S1!website.git\_markbind\variables.md'
2024-09-22T10:14:39.678Z - info: Building assets...
2024-09-22T10:15:42.282Z - info: Assets built
2024-09-22T10:15:42.284Z - info: Generating pages...
2024-09-22T10:16:03.222Z - debug:  
2024-09-22T10:16:03.226Z - debug:  
2024-09-22T10:16:03.227Z - debug:  
2024-09-22T10:16:03.785Z - debug:  
2024-09-22T10:16:03.787Z - debug:  
2024-09-22T10:16:03.792Z - debug:  
2024-09-22T10:16:03.793Z - debug:  
2024-09-22T10:16:03.794Z - debug:  
2024-09-22T10:16:03.794Z - debug:  
2024-09-22T10:16:03.797Z - debug:  
2024-09-22T10:16:03.798Z - debug:  
2024-09-22T10:16:03.799Z - debug:  
2024-09-22T10:16:03.799Z - debug:  
2024-09-22T10:16:03.809Z - debug:  
2024-09-22T10:16:03.855Z - debug:  
2024-09-22T10:16:06.106Z - debug:  
2024-09-22T10:16:06.106Z - debug:  
2024-09-22T10:16:42.366Z - debug:  
2024-09-22T10:19:10.274Z - debug:  
2024-09-22T10:19:33.996Z - debug:  
2024-09-22T10:19:34.167Z - debug:  
2024-09-22T10:19:51.842Z - info: Pages built
2024-09-22T10:19:53.284Z - info: Site data built
2024-09-22T10:19:53.285Z - info: Website generation complete! Total build time: 364.328s
2024-09-22T10:19:53.285Z - info: Build success!
2024-09-22T10:24:10.879Z - info: The website has been deployed at: https://nus-cs2103-ay2425s1.github.io/website
2024-09-22T12:02:27.054Z - info: Website generation (lazy) started at 8:02:03 pm
2024-09-22T12:02:41.869Z - warn: ENOENT: no such file or directory, open 'C:\repos\nus-cs2103\cs2103-website-base\cache\gh-pages\https!github.com!nus-cs2103-AY2425S1!website.git\book\_markbind\variables.md'
2024-09-22T12:02:41.870Z - warn: ENOENT: no such file or directory, open 'C:\repos\nus-cs2103\cs2103-website-base\cache\gh-pages\https!github.com!nus-cs2103-AY2425S1!website.git\_markbind\variables.md'
2024-09-22T12:02:41.872Z - warn: ENOENT: no such file or directory, open 'C:\repos\nus-cs2103\cs2103-website-base\node_modules\.cache\gh-pages\https!github.com!nus-cs2103-AY2425S1!website.git\book\_markbind\variables.md'
2024-09-22T12:02:41.873Z - warn: ENOENT: no such file or directory, open 'C:\repos\nus-cs2103\cs2103-website-base\node_modules\.cache\gh-pages\https!github.com!nus-cs2103-AY2425S1!website.git\cache\gh-pages\https!github.com!nus-cs2103-AY2425S1!website.git\book\_markbind\variables.md'
2024-09-22T12:02:41.874Z - warn: ENOENT: no such file or directory, open 'C:\repos\nus-cs2103\cs2103-website-base\node_modules\.cache\gh-pages\https!github.com!nus-cs2103-AY2425S1!website.git\cache\gh-pages\https!github.com!nus-cs2103-AY2425S1!website.git\_markbind\variables.md'
2024-09-22T12:02:41.875Z - warn: ENOENT: no such file or directory, open 'C:\repos\nus-cs2103\cs2103-website-base\node_modules\.cache\gh-pages\https!github.com!nus-cs2103-AY2425S1!website.git\_markbind\variables.md'
2024-09-22T12:02:41.955Z - info: Building assets...
2024-09-22T12:04:31.402Z - info: Assets built
2024-09-22T12:04:31.404Z - info: Generating landing page...
2024-09-22T12:04:32.972Z - info: Landing page built, other pages will be built as you navigate to them!
2024-09-22T12:04:34.370Z - info: Site data built
2024-09-22T12:04:34.371Z - info: Website generation (lazy) complete! Total build time: 150.701s
2024-09-22T12:04:34.470Z - info: Serving "C:\repos\nus-cs2103\cs2103-website-base\_site" at http://127.0.0.1:8080
2024-09-22T12:04:34.471Z - info: Press CTRL+C to stop ...
2024-09-22T12:04:56.301Z - info: Building C:\repos\nus-cs2103\cs2103-website-base\se-book-adapted\index as some of its dependencies were changed since the last visit
2024-09-22T12:04:57.860Z - info: Site data built
2024-09-22T12:04:57.861Z - info: Lazy website regeneration complete! Total build time: 1.559s
2024-09-22T12:05:03.009Z - info: Building C:\repos\nus-cs2103\cs2103-website-base\se-book-adapted\chapters\uml as some of its dependencies were changed since the last visit
2024-09-22T12:05:15.192Z - debug:  
2024-09-22T12:05:15.221Z - debug:  
2024-09-22T12:05:15.250Z - debug:  
2024-09-22T12:05:15.451Z - debug:  
2024-09-22T12:05:15.542Z - debug:  
2024-09-22T12:05:15.581Z - debug:  
2024-09-22T12:05:15.625Z - debug:  
2024-09-22T12:05:15.681Z - debug:  
2024-09-22T12:05:15.786Z - debug:  
2024-09-22T12:05:15.993Z - debug:  
2024-09-22T12:05:16.425Z - debug:  
2024-09-22T12:05:16.542Z - debug:  
2024-09-22T12:05:16.652Z - debug:  
2024-09-22T12:05:17.035Z - debug:  
2024-09-22T12:05:17.065Z - debug:  
2024-09-22T12:05:17.294Z - info: Site data built
2024-09-22T12:05:17.294Z - info: Lazy website regeneration complete! Total build time: 14.285s
2024-09-22T12:09:01.220Z - info: [8:09:01 pm] Reload for file change: C:\repos\nus-cs2103\cs2103-website-base\book\uml\classDiagrams\associations\multiplicity\text.md
2024-09-22T12:09:01.221Z - info: Synchronizing opened pages list before reload
2024-09-22T12:09:01.221Z - info: Current opened pages, from most-to-least recent:
2024-09-22T12:09:01.222Z - info: 1. se-book-adapted/chapters/uml
2024-09-22T12:09:01.247Z - info: [8:09:01 pm] Reload for file change: C:\repos\nus-cs2103\cs2103-website-base\book\uml\classDiagrams\classes\what\text.md
2024-09-22T12:09:01.247Z - info: Synchronizing opened pages list before reload
2024-09-22T12:09:01.247Z - info: Current opened pages, from most-to-least recent:
2024-09-22T12:09:01.248Z - info: 1. se-book-adapted/chapters/uml
2024-09-22T12:09:02.228Z - info: Rebuilding 1 pages
2024-09-22T12:09:03.604Z - info: Site data built
2024-09-22T12:09:03.604Z - info: Pages rebuilt
2024-09-22T12:09:03.605Z - info: Website regeneration complete! Total build time: 1.38s
2024-09-22T12:13:17.409Z - info: [8:13:17 pm] Reload for file change: C:\repos\nus-cs2103\cs2103-website-base\book\oop\associations\navigability\text.md
2024-09-22T12:13:17.410Z - info: Synchronizing opened pages list before reload
2024-09-22T12:13:17.410Z - info: Current opened pages, from most-to-least recent:
2024-09-22T12:13:17.410Z - info: 1. se-book-adapted/chapters/uml
2024-09-22T12:13:18.418Z - info: Assets built
2024-09-22T12:15:16.035Z - info: Building C:\repos\nus-cs2103\cs2103-website-base\se-book-adapted\chapters\oop as some of its dependencies were changed since the last visit
2024-09-22T12:15:18.790Z - debug:  
2024-09-22T12:15:18.951Z - info: Site data built
2024-09-22T12:15:18.952Z - info: Lazy website regeneration complete! Total build time: 2.918s
2024-09-22T12:17:43.817Z - info: [8:17:43 pm] Reload for file change: C:\repos\nus-cs2103\cs2103-website-base\book\oop\associations\navigability\text.md
2024-09-22T12:17:43.817Z - info: Synchronizing opened pages list before reload
2024-09-22T12:17:43.818Z - info: Current opened pages, from most-to-least recent:
2024-09-22T12:17:43.818Z - info: 1. se-book-adapted/chapters/oop
2024-09-22T12:17:44.835Z - info: Rebuilding 1 pages
2024-09-22T12:17:45.930Z - info: Site data built
2024-09-22T12:17:45.931Z - info: Pages rebuilt
2024-09-22T12:17:45.931Z - info: Website regeneration complete! Total build time: 1.096s
2024-09-22T12:18:44.704Z - info: [8:18:44 pm] Reload for file change: C:\repos\nus-cs2103\cs2103-website-base\book\oop\associations\navigability\text.md
2024-09-22T12:18:44.705Z - info: Synchronizing opened pages list before reload
2024-09-22T12:18:44.705Z - info: Current opened pages, from most-to-least recent:
2024-09-22T12:18:44.706Z - info: 1. se-book-adapted/chapters/oop
2024-09-22T12:18:45.720Z - info: Rebuilding 1 pages
2024-09-22T12:18:46.792Z - info: Site data built
2024-09-22T12:18:46.793Z - info: Pages rebuilt
2024-09-22T12:18:46.793Z - info: Website regeneration complete! Total build time: 1.074s
2024-09-22T12:22:57.591Z - info: [8:22:57 pm] Reload for file change: C:\repos\nus-cs2103\cs2103-website-base\book\oop\associations\navigability\text.md
2024-09-22T12:22:57.592Z - info: Synchronizing opened pages list before reload
2024-09-22T12:22:57.593Z - info: Current opened pages, from most-to-least recent:
2024-09-22T12:22:57.593Z - info: 1. se-book-adapted/chapters/oop
2024-09-22T12:22:58.604Z - info: Rebuilding 1 pages
2024-09-22T12:22:59.709Z - info: Site data built
2024-09-22T12:22:59.710Z - info: Pages rebuilt
2024-09-22T12:22:59.710Z - info: Website regeneration complete! Total build time: 1.107s
2024-09-22T12:27:34.583Z - info: [8:27:34 pm] Reload for file change: C:\repos\nus-cs2103\cs2103-website-base\book\oop\associations\navigability\text.md
2024-09-22T12:27:34.584Z - info: Synchronizing opened pages list before reload
2024-09-22T12:27:34.584Z - info: Current opened pages, from most-to-least recent:
2024-09-22T12:27:34.585Z - info: 1. se-book-adapted/chapters/oop
2024-09-22T12:27:35.587Z - info: Rebuilding 1 pages
2024-09-22T12:27:36.723Z - info: Site data built
2024-09-22T12:27:36.723Z - info: Pages rebuilt
2024-09-22T12:27:36.723Z - info: Website regeneration complete! Total build time: 1.137s
2024-09-22T12:37:55.728Z - info: Building C:\repos\nus-cs2103\cs2103-website-base\admin\index as some of its dependencies were changed since the last visit
2024-09-22T12:37:56.481Z - info: Site data built
2024-09-22T12:37:56.482Z - info: Lazy website regeneration complete! Total build time: 0.754s
2024-09-22T12:38:00.612Z - info: Building C:\repos\nus-cs2103\cs2103-website-base\admin\appendixC-faq as some of its dependencies were changed since the last visit
2024-09-22T12:38:02.477Z - info: Site data built
2024-09-22T12:38:02.478Z - info: Lazy website regeneration complete! Total build time: 1.867s
2024-09-22T12:50:48.897Z - info: [8:50:48 pm] Reload for file change: C:\repos\nus-cs2103\cs2103-website-base\admin\faq-fragment.md
2024-09-22T12:50:48.898Z - info: Synchronizing opened pages list before reload
2024-09-22T12:50:48.901Z - info: Current opened pages, from most-to-least recent:
2024-09-22T12:50:48.902Z - info: 1. admin/appendixC-faq
2024-09-22T12:50:49.925Z - info: Rebuilding 1 pages
2024-09-22T12:50:51.903Z - info: Site data built
2024-09-22T12:50:51.903Z - info: Pages rebuilt
2024-09-22T12:50:51.904Z - info: Website regeneration complete! Total build time: 1.979s
2024-09-22T13:08:53.118Z - info: [9:08:53 pm] Reload for file change: C:\repos\nus-cs2103\cs2103-website-base\admin\appendixC-faq.md
2024-09-22T13:08:53.119Z - info: Synchronizing opened pages list before reload
2024-09-22T13:08:53.119Z - info: Current opened pages, from most-to-least recent:
2024-09-22T13:08:53.119Z - info: 1. admin/appendixC-faq
2024-09-22T13:08:54.140Z - info: Rebuilding 1 pages
2024-09-22T13:08:55.565Z - info: Site data built
2024-09-22T13:08:55.566Z - info: Pages rebuilt
2024-09-22T13:08:55.566Z - info: Website regeneration complete! Total build time: 1.431s
2024-09-22T13:10:14.466Z - info: [9:10:14 pm] Reload for file change: C:\repos\nus-cs2103\cs2103-website-base\admin\faq-fragment.md
2024-09-22T13:10:14.466Z - info: Synchronizing opened pages list before reload
2024-09-22T13:10:14.467Z - info: Current opened pages, from most-to-least recent:
2024-09-22T13:10:14.467Z - info: 1. admin/appendixC-faq
2024-09-22T13:10:15.473Z - info: Rebuilding 1 pages
2024-09-22T13:10:17.451Z - info: Site data built
2024-09-22T13:10:17.452Z - info: Pages rebuilt
2024-09-22T13:10:17.452Z - info: Website regeneration complete! Total build time: 1.981s
2024-09-22T13:17:51.828Z - info: [9:17:51 pm] Reload for file change: C:\repos\nus-cs2103\cs2103-website-base\admin\faq-fragment.md
2024-09-22T13:17:51.829Z - info: Synchronizing opened pages list before reload
2024-09-22T13:17:51.829Z - info: Current opened pages, from most-to-least recent:
2024-09-22T13:17:51.830Z - info: 1. admin/appendixC-faq
2024-09-22T13:17:52.843Z - info: Rebuilding 1 pages
2024-09-22T13:17:54.746Z - info: Site data built
2024-09-22T13:17:54.747Z - info: Pages rebuilt
2024-09-22T13:17:54.747Z - info: Website regeneration complete! Total build time: 1.906s
2024-09-22T13:18:34.179Z - info: [9:18:34 pm] Reload for file change: C:\repos\nus-cs2103\cs2103-website-base\admin\faq-fragment.md
2024-09-22T13:18:34.182Z - info: Synchronizing opened pages list before reload
2024-09-22T13:18:34.182Z - info: Current opened pages, from most-to-least recent:
2024-09-22T13:18:34.182Z - info: 1. admin/appendixC-faq
2024-09-22T13:18:35.189Z - info: Rebuilding 1 pages
2024-09-22T13:18:37.200Z - info: Site data built
2024-09-22T13:18:37.200Z - info: Pages rebuilt
2024-09-22T13:18:37.201Z - info: Website regeneration complete! Total build time: 2.013s
2024-09-22T13:18:49.766Z - info: [9:18:49 pm] Reload for file change: C:\repos\nus-cs2103\cs2103-website-base\admin\faq-fragment.md
2024-09-22T13:18:49.767Z - info: Synchronizing opened pages list before reload
2024-09-22T13:18:49.767Z - info: Current opened pages, from most-to-least recent:
2024-09-22T13:18:49.767Z - info: 1. admin/appendixC-faq
2024-09-22T13:18:50.770Z - info: Rebuilding 1 pages
2024-09-22T13:18:52.655Z - info: Site data built
2024-09-22T13:18:52.655Z - info: Pages rebuilt
2024-09-22T13:18:52.656Z - info: Website regeneration complete! Total build time: 1.888s
2024-09-22T13:19:26.328Z - info: [9:19:26 pm] Reload for file change: C:\repos\nus-cs2103\cs2103-website-base\admin\faq-fragment.md
2024-09-22T13:19:26.329Z - info: Synchronizing opened pages list before reload
2024-09-22T13:19:26.330Z - info: Current opened pages, from most-to-least recent:
2024-09-22T13:19:26.330Z - info: 1. admin/appendixC-faq
2024-09-22T13:19:27.340Z - info: Rebuilding 1 pages
2024-09-22T13:19:29.050Z - info: Site data built
2024-09-22T13:19:29.050Z - info: Pages rebuilt
2024-09-22T13:19:29.051Z - info: Website regeneration complete! Total build time: 1.711s
2024-09-22T13:20:13.815Z - info: [9:20:13 pm] Reload for file change: C:\repos\nus-cs2103\cs2103-website-base\admin\faq-fragment.md
2024-09-22T13:20:13.816Z - info: Synchronizing opened pages list before reload
2024-09-22T13:20:13.817Z - info: Current opened pages, from most-to-least recent:
2024-09-22T13:20:13.817Z - info: 1. admin/appendixC-faq
2024-09-22T13:20:14.836Z - info: Rebuilding 1 pages
2024-09-22T13:20:16.772Z - info: Site data built
2024-09-22T13:20:16.772Z - info: Pages rebuilt
2024-09-22T13:20:16.773Z - info: Website regeneration complete! Total build time: 1.939s
2024-09-22T13:20:37.455Z - info: [9:20:37 pm] Reload for file change: C:\repos\nus-cs2103\cs2103-website-base\admin\faq-fragment.md
2024-09-22T13:20:37.456Z - info: Synchronizing opened pages list before reload
2024-09-22T13:20:37.458Z - info: Current opened pages, from most-to-least recent:
2024-09-22T13:20:37.459Z - info: 1. admin/appendixC-faq
2024-09-22T13:20:38.470Z - info: Rebuilding 1 pages
2024-09-22T13:20:40.279Z - info: Site data built
2024-09-22T13:20:40.280Z - info: Pages rebuilt
2024-09-22T13:20:40.280Z - info: Website regeneration complete! Total build time: 1.812s
2024-09-22T13:21:58.442Z - info: [9:21:58 pm] Reload for file change: C:\repos\nus-cs2103\cs2103-website-base\admin\faq-fragment.md
2024-09-22T13:21:58.442Z - info: Synchronizing opened pages list before reload
2024-09-22T13:21:58.443Z - info: Current opened pages, from most-to-least recent:
2024-09-22T13:21:58.443Z - info: 1. admin/appendixC-faq
2024-09-22T13:21:59.450Z - info: Rebuilding 1 pages
2024-09-22T13:22:00.799Z - info: Site data built
2024-09-22T13:22:00.799Z - info: Pages rebuilt
2024-09-22T13:22:00.799Z - info: Website regeneration complete! Total build time: 1.351s
2024-09-22T13:55:16.620Z - info: Building C:\repos\nus-cs2103\cs2103-website-base\schedule\week8\index as some of its dependencies were changed since the last visit
2024-09-22T13:55:18.224Z - info: Site data built
2024-09-22T13:55:18.224Z - info: Lazy website regeneration complete! Total build time: 1.608s
2024-09-22T13:55:20.807Z - info: Building C:\repos\nus-cs2103\cs2103-website-base\schedule\week8\project as some of its dependencies were changed since the last visit
2024-09-22T13:55:22.570Z - info: Site data built
2024-09-22T13:55:22.570Z - info: Lazy website regeneration complete! Total build time: 1.763s
2024-09-22T14:05:23.768Z - info: [10:05:23 pm] Reload for file change: C:\repos\nus-cs2103\cs2103-website-base\admin\tp-tasks-fragment.md
2024-09-22T14:05:23.771Z - info: Synchronizing opened pages list before reload
2024-09-22T14:05:23.771Z - info: Current opened pages, from most-to-least recent:
2024-09-22T14:05:23.771Z - info: 1. schedule/week8/project
2024-09-22T14:05:24.785Z - info: Rebuilding 1 pages
2024-09-22T14:05:26.802Z - info: Site data built
2024-09-22T14:05:26.803Z - info: Pages rebuilt
2024-09-22T14:05:26.803Z - info: Website regeneration complete! Total build time: 2.019s
2024-09-22T14:07:49.958Z - info: [10:07:49 pm] Reload for file change: C:\repos\nus-cs2103\cs2103-website-base\admin\tp-tasks-fragment.md
2024-09-22T14:07:49.959Z - info: Synchronizing opened pages list before reload
2024-09-22T14:07:49.960Z - info: Current opened pages, from most-to-least recent:
2024-09-22T14:07:49.960Z - info: 1. schedule/week8/project
2024-09-22T14:07:50.980Z - info: Rebuilding 1 pages
2024-09-22T14:07:52.720Z - info: Site data built
2024-09-22T14:07:52.721Z - info: Pages rebuilt
2024-09-22T14:07:52.721Z - info: Website regeneration complete! Total build time: 1.742s
2024-09-22T14:08:58.892Z - info: [10:08:58 pm] Reload for file change: C:\repos\nus-cs2103\cs2103-website-base\admin\tp-tasks-fragment.md
2024-09-22T14:08:58.892Z - info: Synchronizing opened pages list before reload
2024-09-22T14:08:58.893Z - info: Current opened pages, from most-to-least recent:
2024-09-22T14:08:58.895Z - info: 1. schedule/week8/project
2024-09-22T14:08:59.904Z - info: Rebuilding 1 pages
2024-09-22T14:09:01.640Z - info: Site data built
2024-09-22T14:09:01.640Z - info: Pages rebuilt
2024-09-22T14:09:01.640Z - info: Website regeneration complete! Total build time: 1.737s
2024-09-22T14:10:02.895Z - info: [10:10:02 pm] Reload for file change: C:\repos\nus-cs2103\cs2103-website-base\admin\tp-tasks-fragment.md
2024-09-22T14:10:02.896Z - info: Synchronizing opened pages list before reload
2024-09-22T14:10:02.896Z - info: Current opened pages, from most-to-least recent:
2024-09-22T14:10:02.896Z - info: 1. schedule/week8/project
2024-09-22T14:10:03.912Z - info: Rebuilding 1 pages
2024-09-22T14:10:05.621Z - info: Site data built
2024-09-22T14:10:05.622Z - info: Pages rebuilt
2024-09-22T14:10:05.622Z - info: Website regeneration complete! Total build time: 1.712s
2024-09-22T14:11:31.496Z - info: [10:11:31 pm] Reload for file change: C:\repos\nus-cs2103\cs2103-website-base\admin\tp-tasks-fragment.md
2024-09-22T14:11:31.497Z - info: Synchronizing opened pages list before reload
2024-09-22T14:11:31.497Z - info: Current opened pages, from most-to-least recent:
2024-09-22T14:11:31.498Z - info: 1. schedule/week8/project
2024-09-22T14:11:32.514Z - info: Rebuilding 1 pages
2024-09-22T14:11:34.310Z - info: Site data built
2024-09-22T14:11:34.310Z - info: Pages rebuilt
2024-09-22T14:11:34.311Z - info: Website regeneration complete! Total build time: 1.798s
2024-09-22T14:11:50.410Z - info: [10:11:50 pm] Reload for file change: C:\repos\nus-cs2103\cs2103-website-base\admin\tp-tasks-fragment.md
2024-09-22T14:11:50.410Z - info: Synchronizing opened pages list before reload
2024-09-22T14:11:50.411Z - info: Current opened pages, from most-to-least recent:
2024-09-22T14:11:50.411Z - info: 1. schedule/week8/project
2024-09-22T14:11:51.429Z - info: Rebuilding 1 pages
2024-09-22T14:11:53.550Z - info: Site data built
2024-09-22T14:11:53.550Z - info: Pages rebuilt
2024-09-22T14:11:53.550Z - info: Website regeneration complete! Total build time: 2.124s
2024-09-22T14:37:44.851Z - info: [10:37:44 pm] Reload for file change: C:\repos\nus-cs2103\cs2103-website-base\admin\tp-tasks-fragment.md
2024-09-22T14:37:44.852Z - info: Synchronizing opened pages list before reload
2024-09-22T14:37:44.853Z - info: Current opened pages, from most-to-least recent:
2024-09-22T14:37:44.854Z - info: 1. schedule/week8/project
2024-09-22T14:37:45.859Z - info: Rebuilding 1 pages
2024-09-22T14:37:47.568Z - info: Site data built
2024-09-22T14:37:47.568Z - info: Pages rebuilt
2024-09-22T14:37:47.568Z - info: Website regeneration complete! Total build time: 1.71s
2024-09-22T14:39:53.994Z - info: [10:39:53 pm] Reload for file change: C:\repos\nus-cs2103\cs2103-website-base\admin\tp-tasks-fragment.md
2024-09-22T14:39:53.995Z - info: Synchronizing opened pages list before reload
2024-09-22T14:39:53.995Z - info: Current opened pages, from most-to-least recent:
2024-09-22T14:39:53.996Z - info: 1. schedule/week8/project
2024-09-22T14:39:55.007Z - info: Rebuilding 1 pages
2024-09-22T14:39:56.563Z - info: Site data built
2024-09-22T14:39:56.563Z - info: Pages rebuilt
2024-09-22T14:39:56.564Z - info: Website regeneration complete! Total build time: 1.556s
2024-09-22T14:40:51.769Z - info: [10:40:51 pm] Reload for file change: C:\repos\nus-cs2103\cs2103-website-base\admin\tp-tasks-fragment.md
2024-09-22T14:40:51.769Z - info: Synchronizing opened pages list before reload
2024-09-22T14:40:51.770Z - info: Current opened pages, from most-to-least recent:
2024-09-22T14:40:51.770Z - info: 1. schedule/week8/project
2024-09-22T14:40:52.775Z - info: Rebuilding 1 pages
2024-09-22T14:40:54.486Z - info: Site data built
2024-09-22T14:40:54.487Z - info: Pages rebuilt
2024-09-22T14:40:54.487Z - info: Website regeneration complete! Total build time: 1.713s
2024-09-22T14:44:32.323Z - info: [10:44:32 pm] Reload for file change: C:\repos\nus-cs2103\cs2103-website-base\admin\tp-pe-bug-triaging-guidelines-fragment.md
2024-09-22T14:44:32.324Z - info: Synchronizing opened pages list before reload
2024-09-22T14:44:32.324Z - info: Current opened pages, from most-to-least recent:
2024-09-22T14:44:32.324Z - info: 1. schedule/week8/project
2024-09-22T14:44:33.327Z - info: Assets built
2024-09-22T14:47:43.493Z - info: [10:47:43 pm] Reload for file change: C:\repos\nus-cs2103\cs2103-website-base\admin\tp-tasks-fragment.md
2024-09-22T14:47:43.494Z - info: Synchronizing opened pages list before reload
2024-09-22T14:47:43.494Z - info: Current opened pages, from most-to-least recent:
2024-09-22T14:47:43.494Z - info: 1. schedule/week8/project
2024-09-22T14:47:44.507Z - info: Rebuilding 1 pages
2024-09-22T14:47:46.459Z - info: Site data built
2024-09-22T14:47:46.460Z - info: Pages rebuilt
2024-09-22T14:47:46.460Z - info: Website regeneration complete! Total build time: 1.954s
2024-09-22T14:49:02.698Z - info: [10:49:02 pm] Reload for file change: C:\repos\nus-cs2103\cs2103-website-base\admin\tp-tasks-fragment.md
2024-09-22T14:49:02.699Z - info: Synchronizing opened pages list before reload
2024-09-22T14:49:02.699Z - info: Current opened pages, from most-to-least recent:
2024-09-22T14:49:02.699Z - info: 1. schedule/week8/project
2024-09-22T14:49:03.716Z - info: Rebuilding 1 pages
2024-09-22T14:49:05.965Z - info: Site data built
2024-09-22T14:49:05.965Z - info: Pages rebuilt
2024-09-22T14:49:05.965Z - info: Website regeneration complete! Total build time: 2.251s
2024-09-22T14:49:50.683Z - info: [10:49:50 pm] Reload for file change: C:\repos\nus-cs2103\cs2103-website-base\admin\tp-tasks-fragment.md
2024-09-22T14:49:50.683Z - info: Synchronizing opened pages list before reload
2024-09-22T14:49:50.684Z - info: Current opened pages, from most-to-least recent:
2024-09-22T14:49:50.684Z - info: 1. schedule/week8/project
2024-09-22T14:49:51.693Z - info: Rebuilding 1 pages
2024-09-22T14:49:53.524Z - info: Site data built
2024-09-22T14:49:53.524Z - info: Pages rebuilt
2024-09-22T14:49:53.525Z - info: Website regeneration complete! Total build time: 1.835s
2024-09-22T14:55:27.771Z - info: [10:55:27 pm] Reload for file change: C:\repos\nus-cs2103\cs2103-website-base\admin\tp-pe-bug-triaging-guidelines-fragment.md
2024-09-22T14:55:27.771Z - info: Synchronizing opened pages list before reload
2024-09-22T14:55:27.771Z - info: Current opened pages, from most-to-least recent:
2024-09-22T14:55:27.772Z - info: 1. schedule/week8/project
2024-09-22T14:55:28.780Z - info: Rebuilding 1 pages
2024-09-22T14:55:30.557Z - info: Site data built
2024-09-22T14:55:30.558Z - info: Pages rebuilt
2024-09-22T14:55:30.558Z - info: Website regeneration complete! Total build time: 1.779s
2024-09-22T14:57:47.735Z - info: [10:57:47 pm] Reload for file change: C:\repos\nus-cs2103\cs2103-website-base\admin\tp-pe-bug-triaging-guidelines-fragment.md
2024-09-22T14:57:47.736Z - info: Synchronizing opened pages list before reload
2024-09-22T14:57:47.736Z - info: Current opened pages, from most-to-least recent:
2024-09-22T14:57:47.737Z - info: 1. schedule/week8/project
2024-09-22T14:57:48.753Z - info: Rebuilding 1 pages
2024-09-22T14:57:50.519Z - info: Site data built
2024-09-22T14:57:50.519Z - info: Pages rebuilt
2024-09-22T14:57:50.519Z - info: Website regeneration complete! Total build time: 1.767s
2024-09-22T15:01:12.277Z - info: [11:01:12 pm] Reload for file change: C:\repos\nus-cs2103\cs2103-website-base\admin\tp-pe-bug-triaging-guidelines-fragment.md
2024-09-22T15:01:12.278Z - info: Synchronizing opened pages list before reload
2024-09-22T15:01:12.278Z - info: Current opened pages, from most-to-least recent:
2024-09-22T15:01:12.278Z - info: 1. schedule/week8/project
2024-09-22T15:01:13.292Z - info: Rebuilding 1 pages
2024-09-22T15:01:15.528Z - info: Site data built
2024-09-22T15:01:15.529Z - info: Pages rebuilt
2024-09-22T15:01:15.529Z - info: Website regeneration complete! Total build time: 2.238s
2024-09-22T15:08:30.916Z - info: [11:08:30 pm] Reload for file change: C:\repos\nus-cs2103\cs2103-website-base\admin\tp-pe-bug-triaging-guidelines-fragment.md
2024-09-22T15:08:30.917Z - info: Synchronizing opened pages list before reload
2024-09-22T15:08:30.917Z - info: Current opened pages, from most-to-least recent:
2024-09-22T15:08:30.918Z - info: 1. schedule/week8/project
2024-09-22T15:08:31.926Z - info: Rebuilding 1 pages
2024-09-22T15:08:33.762Z - info: Site data built
2024-09-22T15:08:33.763Z - info: Pages rebuilt
2024-09-22T15:08:33.763Z - info: Website regeneration complete! Total build time: 1.838s
2024-09-22T15:11:27.399Z - info: [11:11:27 pm] Reload for file change: C:\repos\nus-cs2103\cs2103-website-base\admin\tp-tasks-fragment.md
2024-09-22T15:11:27.400Z - info: Synchronizing opened pages list before reload
2024-09-22T15:11:27.400Z - info: Current opened pages, from most-to-least recent:
2024-09-22T15:11:27.400Z - info: 1. schedule/week8/project
2024-09-22T15:11:28.411Z - info: Rebuilding 1 pages
2024-09-22T15:11:30.176Z - info: Site data built
2024-09-22T15:11:30.176Z - info: Pages rebuilt
2024-09-22T15:11:30.176Z - info: Website regeneration complete! Total build time: 1.766s
2024-09-22T15:12:10.282Z - info: [11:12:10 pm] Reload for file change: C:\repos\nus-cs2103\cs2103-website-base\admin\tp-tasks-fragment.md
2024-09-22T15:12:10.282Z - info: Synchronizing opened pages list before reload
2024-09-22T15:12:10.283Z - info: Current opened pages, from most-to-least recent:
2024-09-22T15:12:10.283Z - info: 1. schedule/week8/project
2024-09-22T15:12:11.296Z - info: Rebuilding 1 pages
2024-09-22T15:12:13.358Z - info: Site data built
2024-09-22T15:12:13.359Z - info: Pages rebuilt
2024-09-22T15:12:13.359Z - info: Website regeneration complete! Total build time: 2.064s
2024-09-22T15:13:12.685Z - info: [11:13:12 pm] Reload for file change: C:\repos\nus-cs2103\cs2103-website-base\admin\tp-tasks-fragment.md
2024-09-22T15:13:12.687Z - info: Synchronizing opened pages list before reload
2024-09-22T15:13:12.687Z - info: Current opened pages, from most-to-least recent:
2024-09-22T15:13:12.687Z - info: 1. schedule/week8/project
2024-09-22T15:13:13.704Z - info: Rebuilding 1 pages
2024-09-22T15:13:15.470Z - info: Site data built
2024-09-22T15:13:15.471Z - info: Pages rebuilt
2024-09-22T15:13:15.471Z - info: Website regeneration complete! Total build time: 1.769s
2024-09-22T15:15:23.835Z - info: [11:15:23 pm] Reload for file change: C:\repos\nus-cs2103\cs2103-website-base\admin\tp-tasks-fragment.md
2024-09-22T15:15:23.835Z - info: Synchronizing opened pages list before reload
2024-09-22T15:15:23.835Z - info: Current opened pages, from most-to-least recent:
2024-09-22T15:15:23.836Z - info: 1. schedule/week8/project
2024-09-22T15:15:24.853Z - info: Rebuilding 1 pages
2024-09-22T15:15:26.728Z - info: Site data built
2024-09-22T15:15:26.728Z - info: Pages rebuilt
2024-09-22T15:15:26.728Z - info: Website regeneration complete! Total build time: 1.876s
2024-09-22T15:16:18.887Z - info: [11:16:18 pm] Reload for file change: C:\repos\nus-cs2103\cs2103-website-base\admin\tp-tasks-fragment.md
2024-09-22T15:16:18.888Z - info: Synchronizing opened pages list before reload
2024-09-22T15:16:18.888Z - info: Current opened pages, from most-to-least recent:
2024-09-22T15:16:18.888Z - info: 1. schedule/week8/project
2024-09-22T15:16:19.904Z - info: Rebuilding 1 pages
2024-09-22T15:16:21.686Z - info: Site data built
2024-09-22T15:16:21.686Z - info: Pages rebuilt
2024-09-22T15:16:21.686Z - info: Website regeneration complete! Total build time: 1.784s
2024-09-22T15:46:29.954Z - info: [11:46:29 pm] Reload for file change: C:\repos\nus-cs2103\cs2103-website-base\admin\faq-fragment.md
2024-09-22T15:46:29.962Z - info: Synchronizing opened pages list before reload
2024-09-22T15:46:29.965Z - info: Current opened pages, from most-to-least recent:
2024-09-22T15:46:29.965Z - info: 1. schedule/week8/project
2024-09-22T15:46:30.989Z - info: Rebuilding 1 pages
2024-09-22T15:46:33.362Z - info: Site data built
2024-09-22T15:46:33.362Z - info: Pages rebuilt
2024-09-22T15:46:33.362Z - info: Website regeneration complete! Total build time: 2.382s
2024-09-22T15:49:34.385Z - info: [11:49:34 pm] Reload for file change: C:\repos\nus-cs2103\cs2103-website-base\admin\faq-fragment.md
2024-09-22T15:49:34.385Z - info: Synchronizing opened pages list before reload
2024-09-22T15:49:34.385Z - info: Current opened pages, from most-to-least recent:
2024-09-22T15:49:34.386Z - info: 1. schedule/week8/project
2024-09-22T15:49:35.399Z - info: Rebuilding 1 pages
2024-09-22T15:49:37.179Z - info: Site data built
2024-09-22T15:49:37.179Z - info: Pages rebuilt
2024-09-22T15:49:37.179Z - info: Website regeneration complete! Total build time: 1.782s
2024-09-22T15:49:39.053Z - info: Building C:\repos\nus-cs2103\cs2103-website-base\index as some of its dependencies were changed since the last visit
2024-09-22T15:49:40.066Z - info: Site data built
2024-09-22T15:49:40.067Z - info: Lazy website regeneration complete! Total build time: 1.013s
2024-09-22T15:49:44.608Z - info: Building C:\repos\nus-cs2103\cs2103-website-base\schedule\week6\index as some of its dependencies were changed since the last visit
2024-09-22T15:49:45.341Z - info: Site data built
2024-09-22T15:49:45.342Z - info: Lazy website regeneration complete! Total build time: 0.733s
2024-09-22T15:49:49.375Z - info: Building C:\repos\nus-cs2103\cs2103-website-base\schedule\week6\project as some of its dependencies were changed since the last visit
2024-09-22T15:49:51.732Z - info: Site data built
2024-09-22T15:49:51.732Z - info: Lazy website regeneration complete! Total build time: 2.358s
2024-09-22T15:52:11.976Z - info: [11:52:11 pm] Reload for file change: C:\repos\nus-cs2103\cs2103-website-base\admin\ip-tasks-fragment.md
2024-09-22T15:52:11.977Z - info: Synchronizing opened pages list before reload
2024-09-22T15:52:11.977Z - info: Current opened pages, from most-to-least recent:
2024-09-22T15:52:11.978Z - info: 1. schedule/week6/project
2024-09-22T15:52:12.011Z - info: [11:52:12 pm] Reload for file change: C:\repos\nus-cs2103\cs2103-website-base\admin\faq-fragment.md
2024-09-22T15:52:12.012Z - info: Synchronizing opened pages list before reload
2024-09-22T15:52:12.012Z - info: Current opened pages, from most-to-least recent:
2024-09-22T15:52:12.012Z - info: 1. schedule/week6/project
2024-09-22T15:52:12.997Z - info: Rebuilding 1 pages
2024-09-22T15:52:15.578Z - info: Site data built
2024-09-22T15:52:15.578Z - info: Pages rebuilt
2024-09-22T15:52:15.578Z - info: Website regeneration complete! Total build time: 2.582s
2024-09-22T15:53:36.812Z - info: [11:53:36 pm] Reload for file change: C:\repos\nus-cs2103\cs2103-website-base\admin\faq-fragment.md
2024-09-22T15:53:36.813Z - info: Synchronizing opened pages list before reload
2024-09-22T15:53:36.813Z - info: Current opened pages, from most-to-least recent:
2024-09-22T15:53:36.814Z - info: 1. schedule/week6/project
2024-09-22T15:53:37.823Z - info: Rebuilding 1 pages
2024-09-22T15:53:40.864Z - info: Site data built
2024-09-22T15:53:40.865Z - info: Pages rebuilt
2024-09-22T15:53:40.865Z - info: Website regeneration complete! Total build time: 3.043s
2024-09-22T15:53:50.743Z - info: [11:53:50 pm] Reload for file change: C:\repos\nus-cs2103\cs2103-website-base\admin\faq-fragment.md
2024-09-22T15:53:50.743Z - info: Synchronizing opened pages list before reload
2024-09-22T15:53:50.744Z - info: Current opened pages, from most-to-least recent:
2024-09-22T15:53:50.744Z - info: 1. schedule/week6/project
2024-09-22T15:53:51.763Z - info: Rebuilding 1 pages
2024-09-22T15:53:53.933Z - info: Site data built
2024-09-22T15:53:53.933Z - info: Pages rebuilt
2024-09-22T15:53:53.934Z - info: Website regeneration complete! Total build time: 2.171s
2024-09-22T15:55:01.072Z - info: [11:55:01 pm] Reload for file change: C:\repos\nus-cs2103\cs2103-website-base\admin\ip-tasks-fragment.md
2024-09-22T15:55:01.073Z - info: Synchronizing opened pages list before reload
2024-09-22T15:55:01.073Z - info: Current opened pages, from most-to-least recent:
2024-09-22T15:55:01.074Z - info: 1. schedule/week6/project
2024-09-22T15:55:02.082Z - info: Rebuilding 1 pages
2024-09-22T15:55:04.786Z - info: Site data built
2024-09-22T15:55:04.786Z - info: Pages rebuilt
2024-09-22T15:55:04.786Z - info: Website regeneration complete! Total build time: 2.705s
2024-09-22T15:57:19.295Z - info: Website generation started at 11:56:46 pm
2024-09-22T15:57:32.652Z - warn: ENOENT: no such file or directory, open 'C:\repos\nus-cs2103\cs2103-website-base\node_modules\.cache\gh-pages\https!github.com!nus-cs2103-AY2425S1!website.git\book\_markbind\variables.md'
2024-09-22T15:57:32.654Z - warn: ENOENT: no such file or directory, open 'C:\repos\nus-cs2103\cs2103-website-base\node_modules\.cache\gh-pages\https!github.com!nus-cs2103-AY2425S1!website.git\cache\gh-pages\https!github.com!nus-cs2103-AY2425S1!website.git\book\_markbind\variables.md'
2024-09-22T15:57:32.655Z - warn: ENOENT: no such file or directory, open 'C:\repos\nus-cs2103\cs2103-website-base\node_modules\.cache\gh-pages\https!github.com!nus-cs2103-AY2425S1!website.git\cache\gh-pages\https!github.com!nus-cs2103-AY2425S1!website.git\_markbind\variables.md'
2024-09-22T15:57:32.657Z - warn: ENOENT: no such file or directory, open 'C:\repos\nus-cs2103\cs2103-website-base\node_modules\.cache\gh-pages\https!github.com!nus-cs2103-AY2425S1!website.git\_markbind\variables.md'
2024-09-22T15:57:32.728Z - info: Building assets...
2024-09-22T15:58:40.847Z - info: Assets built
2024-09-22T15:58:40.849Z - info: Generating pages...
2024-09-22T15:59:01.368Z - debug:  
2024-09-22T15:59:01.371Z - debug:  
2024-09-22T15:59:01.372Z - debug:  
2024-09-22T15:59:01.372Z - debug:  
2024-09-22T15:59:01.373Z - debug:  
2024-09-22T15:59:01.373Z - debug:  
2024-09-22T15:59:01.377Z - debug:  
2024-09-22T15:59:01.412Z - debug:  
2024-09-22T15:59:01.465Z - debug:  
2024-09-22T15:59:01.510Z - debug:  
2024-09-22T15:59:01.520Z - debug:  
2024-09-22T15:59:01.545Z - debug:  
2024-09-22T15:59:01.546Z - debug:  
2024-09-22T15:59:01.546Z - debug:  
2024-09-22T15:59:01.556Z - debug:  
2024-09-22T15:59:03.821Z - debug:  
2024-09-22T15:59:03.821Z - debug:  
2024-09-22T15:59:32.659Z - debug:  
