2024-09-27T16:13:12.775Z - info: [12:13:12 am] Reload for file change: C:\repos\nus-cs2103\cs2103-website-base\_course-CS2103\mid-semester-survey-results.md
2024-09-27T16:13:12.804Z - info: Synchronizing opened pages list before reload
2024-09-27T16:13:12.806Z - info: Current opened pages, from most-to-least recent:
2024-09-27T16:13:12.806Z - info: 1. admin/mid-semester-survey-results
2024-09-27T16:13:13.834Z - info: Rebuilding 1 pages
2024-09-27T16:13:14.303Z - info: Site data built
2024-09-27T16:13:14.304Z - info: Pages rebuilt
2024-09-27T16:13:14.304Z - info: Website regeneration complete! Total build time: 0.476s
2024-09-27T17:22:05.585Z - info: [1:22:05 am] Reload for file change: C:\repos\nus-cs2103\cs2103-website-base\_course-CS2103\mid-semester-survey-results.md
2024-09-27T17:22:05.590Z - info: Synchronizing opened pages list before reload
2024-09-27T17:22:05.593Z - info: Current opened pages, from most-to-least recent:
2024-09-27T17:22:05.594Z - info: 1. admin/mid-semester-survey-results
2024-09-27T17:22:06.623Z - info: Rebuilding 1 pages
2024-09-27T17:22:07.118Z - info: Site data built
2024-09-27T17:22:07.118Z - info: Pages rebuilt
2024-09-27T17:22:07.118Z - info: Website regeneration complete! Total build time: 0.504s
2024-09-27T17:59:10.773Z - info: [1:59:10 am] Reload for file change: C:\repos\nus-cs2103\cs2103-website-base\_course-CS2103\mid-semester-survey-results.md
2024-09-27T17:59:10.778Z - info: Synchronizing opened pages list before reload
2024-09-27T17:59:10.781Z - info: Current opened pages, from most-to-least recent:
2024-09-27T17:59:10.782Z - info: 1. admin/mid-semester-survey-results
2024-09-27T17:59:11.799Z - info: Rebuilding 1 pages
2024-09-27T17:59:12.335Z - info: Site data built
2024-09-27T17:59:12.335Z - info: Pages rebuilt
2024-09-27T17:59:12.336Z - info: Website regeneration complete! Total build time: 0.543s
2024-09-27T18:00:08.152Z - info: [2:00:08 am] Reload for file change: C:\repos\nus-cs2103\cs2103-website-base\_course-CS2103\mid-semester-survey-results.md
2024-09-27T18:00:08.153Z - info: Synchronizing opened pages list before reload
2024-09-27T18:00:08.153Z - info: Current opened pages, from most-to-least recent:
2024-09-27T18:00:08.154Z - info: 1. admin/mid-semester-survey-results
2024-09-27T18:00:09.168Z - info: Rebuilding 1 pages
2024-09-27T18:00:09.488Z - info: Site data built
2024-09-27T18:00:09.489Z - info: Pages rebuilt
2024-09-27T18:00:09.489Z - info: Website regeneration complete! Total build time: 0.322s
2024-09-27T18:00:46.352Z - info: [2:00:46 am] Reload for file change: C:\repos\nus-cs2103\cs2103-website-base\_course-CS2103\mid-semester-survey-results.md
2024-09-27T18:00:46.352Z - info: Synchronizing opened pages list before reload
2024-09-27T18:00:46.353Z - info: Current opened pages, from most-to-least recent:
2024-09-27T18:00:46.353Z - info: 1. admin/mid-semester-survey-results
2024-09-27T18:00:47.360Z - info: Rebuilding 1 pages
2024-09-27T18:00:47.715Z - info: Site data built
2024-09-27T18:00:47.715Z - info: Pages rebuilt
2024-09-27T18:00:47.716Z - info: Website regeneration complete! Total build time: 0.358s
2024-09-27T18:01:40.410Z - info: [2:01:40 am] Reload for file change: C:\repos\nus-cs2103\cs2103-website-base\_course-CS2103\mid-semester-survey-results.md
2024-09-27T18:01:40.410Z - info: Synchronizing opened pages list before reload
2024-09-27T18:01:40.411Z - info: Current opened pages, from most-to-least recent:
2024-09-27T18:01:40.411Z - info: 1. admin/mid-semester-survey-results
2024-09-27T18:01:41.426Z - info: Rebuilding 1 pages
2024-09-27T18:01:41.721Z - info: Site data built
2024-09-27T18:01:41.721Z - info: Pages rebuilt
2024-09-27T18:01:41.721Z - info: Website regeneration complete! Total build time: 0.297s
2024-09-27T18:02:43.469Z - info: [2:02:43 am] Reload for file change: C:\repos\nus-cs2103\cs2103-website-base\_course-CS2103\mid-semester-survey-results.md
2024-09-27T18:02:43.469Z - info: Synchronizing opened pages list before reload
2024-09-27T18:02:43.469Z - info: Current opened pages, from most-to-least recent:
2024-09-27T18:02:43.470Z - info: 1. admin/mid-semester-survey-results
2024-09-27T18:02:44.471Z - info: Rebuilding 1 pages
2024-09-27T18:02:44.819Z - info: Site data built
2024-09-27T18:02:44.819Z - info: Pages rebuilt
2024-09-27T18:02:44.820Z - info: Website regeneration complete! Total build time: 0.348s
2024-09-27T18:27:44.122Z - info: [2:27:44 am] Reload for file change: C:\repos\nus-cs2103\cs2103-website-base\_course-CS2103\mid-semester-survey-results.md
2024-09-27T18:27:44.122Z - info: Synchronizing opened pages list before reload
2024-09-27T18:27:44.123Z - info: Current opened pages, from most-to-least recent:
2024-09-27T18:27:44.123Z - info: 1. admin/mid-semester-survey-results
2024-09-27T18:27:45.133Z - info: Rebuilding 1 pages
2024-09-27T18:27:45.486Z - info: Site data built
2024-09-27T18:27:45.487Z - info: Pages rebuilt
2024-09-27T18:27:45.487Z - info: Website regeneration complete! Total build time: 0.356s
2024-09-28T03:14:43.187Z - info: Website generation (lazy) started at 11:13:47 am
2024-09-28T03:15:07.312Z - warn: ENOENT: no such file or directory, open 'C:\repos\nus-cs2103\cs2103-website-base\cache\gh-pages\https!github.com!nus-cs2103-AY2425S1!website.git\book\_markbind\variables.md'
2024-09-28T03:15:07.314Z - warn: ENOENT: no such file or directory, open 'C:\repos\nus-cs2103\cs2103-website-base\cache\gh-pages\https!github.com!nus-cs2103-AY2425S1!website.git\_markbind\variables.md'
2024-09-28T03:15:07.316Z - warn: ENOENT: no such file or directory, open 'C:\repos\nus-cs2103\cs2103-website-base\node_modules\.cache\gh-pages\https!github.com!nus-cs2103-AY2425S1!website.git\book\_markbind\variables.md'
2024-09-28T03:15:07.317Z - warn: ENOENT: no such file or directory, open 'C:\repos\nus-cs2103\cs2103-website-base\node_modules\.cache\gh-pages\https!github.com!nus-cs2103-AY2425S1!website.git\cache\gh-pages\https!github.com!nus-cs2103-AY2425S1!website.git\book\_markbind\variables.md'
2024-09-28T03:15:07.319Z - warn: ENOENT: no such file or directory, open 'C:\repos\nus-cs2103\cs2103-website-base\node_modules\.cache\gh-pages\https!github.com!nus-cs2103-AY2425S1!website.git\cache\gh-pages\https!github.com!nus-cs2103-AY2425S1!website.git\_markbind\variables.md'
2024-09-28T03:15:07.321Z - warn: ENOENT: no such file or directory, open 'C:\repos\nus-cs2103\cs2103-website-base\node_modules\.cache\gh-pages\https!github.com!nus-cs2103-AY2425S1!website.git\_markbind\variables.md'
2024-09-28T03:15:07.417Z - info: Building assets...
2024-09-28T03:18:49.294Z - info: Assets built
2024-09-28T03:18:49.296Z - info: Generating landing page...
2024-09-28T03:18:51.474Z - info: Landing page built, other pages will be built as you navigate to them!
2024-09-28T03:18:53.330Z - info: Site data built
2024-09-28T03:18:53.331Z - info: Website generation (lazy) complete! Total build time: 305.771s
2024-09-28T03:18:53.972Z - info: Serving "C:\repos\nus-cs2103\cs2103-website-base\_site" at http://127.0.0.1:8080
2024-09-28T03:18:53.973Z - info: Press CTRL+C to stop ...
2024-09-28T03:23:40.758Z - info: Building C:\repos\nus-cs2103\cs2103-website-base\schedule\week8\index as some of its dependencies were changed since the last visit
2024-09-28T03:23:42.538Z - info: Site data built
2024-09-28T03:23:42.539Z - info: Lazy website regeneration complete! Total build time: 1.785s
2024-09-28T03:23:45.475Z - info: Building C:\repos\nus-cs2103\cs2103-website-base\schedule\week7\index as some of its dependencies were changed since the last visit
2024-09-28T03:23:47.263Z - info: Site data built
2024-09-28T03:23:47.263Z - info: Lazy website regeneration complete! Total build time: 1.788s
2024-09-28T03:23:49.985Z - info: Building C:\repos\nus-cs2103\cs2103-website-base\schedule\week7\tutorial as some of its dependencies were changed since the last visit
2024-09-28T03:23:50.439Z - info: Site data built
2024-09-28T03:23:50.440Z - info: Lazy website regeneration complete! Total build time: 0.455s
2024-09-28T03:25:33.556Z - info: [11:25:33 am] Reload for file change: C:\repos\nus-cs2103\cs2103-website-base\schedule\week8\commentary-cs2103-fragment.md
2024-09-28T03:25:33.557Z - info: Synchronizing opened pages list before reload
2024-09-28T03:25:33.558Z - info: Current opened pages, from most-to-least recent:
2024-09-28T03:25:33.559Z - info: 1. schedule/week7/tutorial
2024-09-28T03:25:34.578Z - info: Assets built
2024-09-28T03:25:46.648Z - info: Building C:\repos\nus-cs2103\cs2103-website-base\schedule\week8\topics as some of its dependencies were changed since the last visit
2024-09-28T03:26:02.020Z - debug:  
2024-09-28T03:26:02.023Z - debug:  
2024-09-28T03:26:02.029Z - debug:  
2024-09-28T03:26:02.030Z - debug:  
2024-09-28T03:26:02.049Z - debug:  
2024-09-28T03:26:02.067Z - debug:  
2024-09-28T03:26:02.163Z - debug:  
2024-09-28T03:26:02.240Z - debug:  
2024-09-28T03:26:02.299Z - debug:  
2024-09-28T03:26:02.314Z - debug:  
2024-09-28T03:26:02.460Z - debug:  
2024-09-28T03:26:02.651Z - debug:  
2024-09-28T03:26:02.803Z - debug:  
2024-09-28T03:26:02.955Z - debug:  
2024-09-28T03:26:03.315Z - debug:  
2024-09-28T03:26:03.752Z - info: Site data built
2024-09-28T03:26:03.753Z - info: Lazy website regeneration complete! Total build time: 17.104s
2024-09-28T03:53:32.329Z - info: Building C:\repos\nus-cs2103\cs2103-website-base\schedule\week8\project as some of its dependencies were changed since the last visit
2024-09-28T03:53:36.445Z - info: Site data built
2024-09-28T03:53:36.446Z - info: Lazy website regeneration complete! Total build time: 4.118s
2024-09-28T03:56:32.665Z - info: [11:56:32 am] Reload for file change: C:\repos\nus-cs2103\cs2103-website-base\admin\tp-expectations.md
2024-09-28T03:56:32.666Z - info: Synchronizing opened pages list before reload
2024-09-28T03:56:32.667Z - info: Current opened pages, from most-to-least recent:
2024-09-28T03:56:32.668Z - info: 1. schedule/week8/project
2024-09-28T03:56:33.685Z - info: Rebuilding 1 pages
2024-09-28T03:56:36.645Z - info: Site data built
2024-09-28T03:56:36.646Z - info: Pages rebuilt
2024-09-28T03:56:36.646Z - info: Website regeneration complete! Total build time: 2.963s
2024-09-28T03:58:38.605Z - info: [11:58:38 am] Reload for file change: C:\repos\nus-cs2103\cs2103-website-base\admin\tp-expectations.md
2024-09-28T03:58:38.607Z - info: Synchronizing opened pages list before reload
2024-09-28T03:58:38.607Z - info: Current opened pages, from most-to-least recent:
2024-09-28T03:58:38.608Z - info: 1. schedule/week8/project
2024-09-28T03:58:39.618Z - info: Rebuilding 1 pages
2024-09-28T03:58:42.515Z - info: Site data built
2024-09-28T03:58:42.515Z - info: Pages rebuilt
2024-09-28T03:58:42.515Z - info: Website regeneration complete! Total build time: 2.898s
2024-09-28T04:00:30.178Z - info: [12:00:30 pm] Reload for file change: C:\repos\nus-cs2103\cs2103-website-base\admin\tp-expectations.md
2024-09-28T04:00:30.179Z - info: Synchronizing opened pages list before reload
2024-09-28T04:00:30.179Z - info: Current opened pages, from most-to-least recent:
2024-09-28T04:00:30.180Z - info: 1. schedule/week8/project
2024-09-28T04:00:31.193Z - info: Rebuilding 1 pages
2024-09-28T04:00:34.485Z - info: Site data built
2024-09-28T04:00:34.486Z - info: Pages rebuilt
2024-09-28T04:00:34.486Z - info: Website regeneration complete! Total build time: 3.296s
2024-09-28T04:01:40.013Z - info: [12:01:40 pm] Reload for file change: C:\repos\nus-cs2103\cs2103-website-base\admin\tp-expectations.md
2024-09-28T04:01:40.014Z - info: Synchronizing opened pages list before reload
2024-09-28T04:01:40.014Z - info: Current opened pages, from most-to-least recent:
2024-09-28T04:01:40.015Z - info: 1. schedule/week8/project
2024-09-28T04:01:41.024Z - info: Rebuilding 1 pages
2024-09-28T04:01:44.201Z - info: Site data built
2024-09-28T04:01:44.201Z - info: Pages rebuilt
2024-09-28T04:01:44.202Z - info: Website regeneration complete! Total build time: 3.18s
2024-09-28T04:03:08.045Z - info: [12:03:08 pm] Reload for file change: C:\repos\nus-cs2103\cs2103-website-base\admin\tp-expectations.md
2024-09-28T04:03:08.046Z - info: Synchronizing opened pages list before reload
2024-09-28T04:03:08.046Z - info: Current opened pages, from most-to-least recent:
2024-09-28T04:03:08.046Z - info: 1. schedule/week8/project
2024-09-28T04:03:09.064Z - info: Rebuilding 1 pages
2024-09-28T04:03:14.513Z - info: Site data built
2024-09-28T04:03:14.513Z - info: Pages rebuilt
2024-09-28T04:03:14.513Z - info: Website regeneration complete! Total build time: 5.451s
2024-09-28T04:04:24.504Z - info: [12:04:24 pm] Reload for file change: C:\repos\nus-cs2103\cs2103-website-base\admin\faq-fragment.md
2024-09-28T04:04:24.505Z - info: Synchronizing opened pages list before reload
2024-09-28T04:04:24.507Z - info: Current opened pages, from most-to-least recent:
2024-09-28T04:04:24.508Z - info: 1. schedule/week8/project
2024-09-28T04:04:25.525Z - info: Rebuilding 1 pages
2024-09-28T04:04:29.705Z - info: Site data built
2024-09-28T04:04:29.706Z - info: Pages rebuilt
2024-09-28T04:04:29.706Z - info: Website regeneration complete! Total build time: 4.184s
2024-09-28T04:12:39.434Z - info: [12:12:39 pm] Reload for file change: C:\repos\nus-cs2103\cs2103-website-base\admin\tp-expectations.md
2024-09-28T04:12:39.434Z - info: Synchronizing opened pages list before reload
2024-09-28T04:12:39.435Z - info: Current opened pages, from most-to-least recent:
2024-09-28T04:12:39.435Z - info: 1. schedule/week8/project
2024-09-28T04:12:40.450Z - info: Rebuilding 1 pages
2024-09-28T04:12:42.853Z - info: Site data built
2024-09-28T04:12:42.853Z - info: Pages rebuilt
2024-09-28T04:12:42.854Z - info: Website regeneration complete! Total build time: 2.406s
2024-09-28T04:19:32.036Z - info: [12:19:32 pm] Reload for file change: C:\repos\nus-cs2103\cs2103-website-base\admin\tp-tasks-fragment.md
2024-09-28T04:19:32.036Z - info: Synchronizing opened pages list before reload
2024-09-28T04:19:32.036Z - info: Current opened pages, from most-to-least recent:
2024-09-28T04:19:32.036Z - info: 1. schedule/week8/project
2024-09-28T04:19:33.050Z - info: Rebuilding 1 pages
2024-09-28T04:19:35.659Z - info: Site data built
2024-09-28T04:19:35.659Z - info: Pages rebuilt
2024-09-28T04:19:35.660Z - info: Website regeneration complete! Total build time: 2.611s
2024-09-28T04:20:59.039Z - info: [12:20:59 pm] Reload for file change: C:\repos\nus-cs2103\cs2103-website-base\admin\tp-tasks-fragment.md
2024-09-28T04:20:59.040Z - info: Synchronizing opened pages list before reload
2024-09-28T04:20:59.040Z - info: Current opened pages, from most-to-least recent:
2024-09-28T04:20:59.040Z - info: 1. schedule/week8/project
2024-09-28T04:21:00.045Z - info: Rebuilding 1 pages
2024-09-28T04:21:02.057Z - info: Site data built
2024-09-28T04:21:02.058Z - info: Pages rebuilt
2024-09-28T04:21:02.058Z - info: Website regeneration complete! Total build time: 2.013s
2024-09-28T04:21:32.136Z - info: [12:21:32 pm] Reload for file change: C:\repos\nus-cs2103\cs2103-website-base\admin\tp-tasks-fragment.md
2024-09-28T04:21:32.137Z - info: Synchronizing opened pages list before reload
2024-09-28T04:21:32.137Z - info: Current opened pages, from most-to-least recent:
2024-09-28T04:21:32.137Z - info: 1. schedule/week8/project
2024-09-28T04:21:33.150Z - info: Rebuilding 1 pages
2024-09-28T04:21:35.441Z - info: Site data built
2024-09-28T04:21:35.442Z - info: Pages rebuilt
2024-09-28T04:21:35.442Z - info: Website regeneration complete! Total build time: 2.293s
2024-09-28T04:21:55.265Z - info: [12:21:55 pm] Reload for file change: C:\repos\nus-cs2103\cs2103-website-base\admin\tp-tasks-fragment.md
2024-09-28T04:21:55.265Z - info: Synchronizing opened pages list before reload
2024-09-28T04:21:55.266Z - info: Current opened pages, from most-to-least recent:
2024-09-28T04:21:55.266Z - info: 1. schedule/week8/project
2024-09-28T04:21:56.271Z - info: Rebuilding 1 pages
2024-09-28T04:21:58.591Z - info: Site data built
2024-09-28T04:21:58.591Z - info: Pages rebuilt
2024-09-28T04:21:58.591Z - info: Website regeneration complete! Total build time: 2.322s
2024-09-28T04:26:54.475Z - info: [12:26:54 pm] Reload for file change: C:\repos\nus-cs2103\cs2103-website-base\admin\tp-pe-bug-triaging-guidelines-fragment.md
2024-09-28T04:26:54.475Z - info: Synchronizing opened pages list before reload
2024-09-28T04:26:54.475Z - info: Current opened pages, from most-to-least recent:
2024-09-28T04:26:54.475Z - info: 1. schedule/week8/project
2024-09-28T04:26:55.490Z - info: Rebuilding 1 pages
2024-09-28T04:26:57.523Z - info: Site data built
2024-09-28T04:26:57.523Z - info: Pages rebuilt
2024-09-28T04:26:57.524Z - info: Website regeneration complete! Total build time: 2.035s
2024-09-28T04:34:59.359Z - info: [12:34:59 pm] Reload for file change: C:\repos\nus-cs2103\cs2103-website-base\admin\tp-pe-bug-triaging-guidelines-fragment.md
2024-09-28T04:34:59.360Z - info: Synchronizing opened pages list before reload
2024-09-28T04:34:59.362Z - info: Current opened pages, from most-to-least recent:
2024-09-28T04:34:59.362Z - info: 1. schedule/week8/project
2024-09-28T04:35:00.371Z - info: Rebuilding 1 pages
2024-09-28T04:35:02.173Z - info: Site data built
2024-09-28T04:35:02.174Z - info: Pages rebuilt
2024-09-28T04:35:02.174Z - info: Website regeneration complete! Total build time: 1.804s
2024-09-28T04:37:58.804Z - info: [12:37:58 pm] Reload for file change: C:\repos\nus-cs2103\cs2103-website-base\admin\tp-pe-bug-triaging-guidelines-fragment.md
2024-09-28T04:37:58.804Z - info: Synchronizing opened pages list before reload
2024-09-28T04:37:58.804Z - info: Current opened pages, from most-to-least recent:
2024-09-28T04:37:58.804Z - info: 1. schedule/week8/project
2024-09-28T04:37:59.813Z - info: Rebuilding 1 pages
2024-09-28T04:38:02.026Z - info: Site data built
2024-09-28T04:38:02.026Z - info: Pages rebuilt
2024-09-28T04:38:02.027Z - info: Website regeneration complete! Total build time: 2.215s
2024-09-28T04:38:43.887Z - info: [12:38:43 pm] Reload for file change: C:\repos\nus-cs2103\cs2103-website-base\admin\tp-pe-bug-triaging-guidelines-fragment.md
2024-09-28T04:38:43.888Z - info: Synchronizing opened pages list before reload
2024-09-28T04:38:43.888Z - info: Current opened pages, from most-to-least recent:
2024-09-28T04:38:43.888Z - info: 1. schedule/week8/project
2024-09-28T04:38:44.902Z - info: Rebuilding 1 pages
2024-09-28T04:38:46.841Z - info: Site data built
2024-09-28T04:38:46.841Z - info: Pages rebuilt
2024-09-28T04:38:46.841Z - info: Website regeneration complete! Total build time: 1.94s
2024-09-28T04:41:47.115Z - info: [12:41:47 pm] Reload for file change: C:\repos\nus-cs2103\cs2103-website-base\admin\tp-pe-bug-triaging-guidelines-fragment.md
2024-09-28T04:41:47.115Z - info: Synchronizing opened pages list before reload
2024-09-28T04:41:47.116Z - info: Current opened pages, from most-to-least recent:
2024-09-28T04:41:47.116Z - info: 1. schedule/week8/project
2024-09-28T04:41:48.125Z - info: Rebuilding 1 pages
2024-09-28T04:41:49.844Z - info: Site data built
2024-09-28T04:41:49.844Z - info: Pages rebuilt
2024-09-28T04:41:49.844Z - info: Website regeneration complete! Total build time: 1.72s
2024-09-28T04:43:43.338Z - info: [12:43:43 pm] Reload for file change: C:\repos\nus-cs2103\cs2103-website-base\admin\tp-pe-bug-triaging-guidelines-fragment.md
2024-09-28T04:43:43.338Z - info: Synchronizing opened pages list before reload
2024-09-28T04:43:43.339Z - info: Current opened pages, from most-to-least recent:
2024-09-28T04:43:43.339Z - info: 1. schedule/week8/project
2024-09-28T04:43:44.348Z - info: Rebuilding 1 pages
2024-09-28T04:43:46.741Z - info: Site data built
2024-09-28T04:43:46.741Z - info: Pages rebuilt
2024-09-28T04:43:46.741Z - info: Website regeneration complete! Total build time: 2.394s
2024-09-28T04:44:12.931Z - info: [12:44:12 pm] Reload for file change: C:\repos\nus-cs2103\cs2103-website-base\admin\tp-pe-bug-triaging-guidelines-fragment.md
2024-09-28T04:44:12.931Z - info: Synchronizing opened pages list before reload
2024-09-28T04:44:12.932Z - info: Current opened pages, from most-to-least recent:
2024-09-28T04:44:12.932Z - info: 1. schedule/week8/project
2024-09-28T04:44:13.949Z - info: Rebuilding 1 pages
2024-09-28T04:44:15.592Z - info: Site data built
2024-09-28T04:44:15.592Z - info: Pages rebuilt
2024-09-28T04:44:15.592Z - info: Website regeneration complete! Total build time: 1.646s
2024-09-28T04:44:49.193Z - info: [12:44:49 pm] Reload for file change: C:\repos\nus-cs2103\cs2103-website-base\admin\tp-pe-bug-triaging-guidelines-fragment.md
2024-09-28T04:44:49.194Z - info: Synchronizing opened pages list before reload
2024-09-28T04:44:49.194Z - info: Current opened pages, from most-to-least recent:
2024-09-28T04:44:49.194Z - info: 1. schedule/week8/project
2024-09-28T04:44:50.220Z - info: Rebuilding 1 pages
2024-09-28T04:44:52.397Z - info: Site data built
2024-09-28T04:44:52.398Z - info: Pages rebuilt
2024-09-28T04:44:52.398Z - info: Website regeneration complete! Total build time: 2.19s
2024-09-28T04:48:19.078Z - info: [12:48:19 pm] Reload for file change: C:\repos\nus-cs2103\cs2103-website-base\admin\tp-tasks-fragment.md
2024-09-28T04:48:19.079Z - info: Synchronizing opened pages list before reload
2024-09-28T04:48:19.079Z - info: Current opened pages, from most-to-least recent:
2024-09-28T04:48:19.079Z - info: 1. schedule/week8/project
2024-09-28T04:48:20.095Z - info: Rebuilding 1 pages
2024-09-28T04:48:22.109Z - info: Site data built
2024-09-28T04:48:22.109Z - info: Pages rebuilt
2024-09-28T04:48:22.110Z - info: Website regeneration complete! Total build time: 2.016s
2024-09-28T04:50:48.498Z - info: [12:50:48 pm] Reload for file change: C:\repos\nus-cs2103\cs2103-website-base\admin\tp-tasks-fragment.md
2024-09-28T04:50:48.498Z - info: Synchronizing opened pages list before reload
2024-09-28T04:50:48.498Z - info: Current opened pages, from most-to-least recent:
2024-09-28T04:50:48.499Z - info: 1. schedule/week8/project
2024-09-28T04:50:49.515Z - info: Rebuilding 1 pages
2024-09-28T04:50:50.996Z - info: Site data built
2024-09-28T04:50:50.996Z - info: Pages rebuilt
2024-09-28T04:50:50.996Z - info: Website regeneration complete! Total build time: 1.483s
2024-09-28T04:51:57.466Z - info: [12:51:57 pm] Reload for file change: C:\repos\nus-cs2103\cs2103-website-base\admin\tp-tasks-fragment.md
2024-09-28T04:51:57.466Z - info: Synchronizing opened pages list before reload
2024-09-28T04:51:57.467Z - info: Current opened pages, from most-to-least recent:
2024-09-28T04:51:57.467Z - info: 1. schedule/week8/project
2024-09-28T04:51:58.476Z - info: Rebuilding 1 pages
2024-09-28T04:52:00.157Z - info: Site data built
2024-09-28T04:52:00.157Z - info: Pages rebuilt
2024-09-28T04:52:00.157Z - info: Website regeneration complete! Total build time: 1.683s
2024-09-28T04:53:46.545Z - info: [12:53:46 pm] Reload for file change: C:\repos\nus-cs2103\cs2103-website-base\admin\faq-fragment.md
2024-09-28T04:53:46.546Z - info: Synchronizing opened pages list before reload
2024-09-28T04:53:46.546Z - info: Current opened pages, from most-to-least recent:
2024-09-28T04:53:46.546Z - info: 1. schedule/week8/project
2024-09-28T04:53:47.557Z - info: Rebuilding 1 pages
2024-09-28T04:53:49.064Z - info: Site data built
2024-09-28T04:53:49.064Z - info: Pages rebuilt
2024-09-28T04:53:49.064Z - info: Website regeneration complete! Total build time: 1.507s
2024-09-28T04:55:41.072Z - info: [12:55:41 pm] Reload for file change: C:\repos\nus-cs2103\cs2103-website-base\admin\faq-fragment.md
2024-09-28T04:55:41.072Z - info: Synchronizing opened pages list before reload
2024-09-28T04:55:41.072Z - info: Current opened pages, from most-to-least recent:
2024-09-28T04:55:41.073Z - info: 1. schedule/week8/project
2024-09-28T04:55:42.078Z - info: Rebuilding 1 pages
2024-09-28T04:55:43.537Z - info: Site data built
2024-09-28T04:55:43.537Z - info: Pages rebuilt
2024-09-28T04:55:43.537Z - info: Website regeneration complete! Total build time: 1.46s
2024-09-28T04:58:23.556Z - info: Building C:\repos\nus-cs2103\cs2103-website-base\schedule\week8\tutorial as some of its dependencies were changed since the last visit
2024-09-28T04:58:24.081Z - info: Site data built
2024-09-28T04:58:24.082Z - info: Lazy website regeneration complete! Total build time: 0.527s
2024-09-28T05:02:22.213Z - info: Building C:\repos\nus-cs2103\cs2103-website-base\schedule\week9\index as some of its dependencies were changed since the last visit
2024-09-28T05:02:23.160Z - info: Site data built
2024-09-28T05:02:23.160Z - info: Lazy website regeneration complete! Total build time: 0.948s
2024-09-28T05:02:28.877Z - info: Building C:\repos\nus-cs2103\cs2103-website-base\schedule\week9\project as some of its dependencies were changed since the last visit
2024-09-28T05:02:30.035Z - info: Site data built
2024-09-28T05:02:30.035Z - info: Lazy website regeneration complete! Total build time: 1.158s
2024-09-28T05:02:38.492Z - info: Building C:\repos\nus-cs2103\cs2103-website-base\admin\index as some of its dependencies were changed since the last visit
2024-09-28T05:02:38.758Z - info: Site data built
2024-09-28T05:02:38.759Z - info: Lazy website regeneration complete! Total build time: 0.267s
2024-09-28T05:02:43.036Z - info: Building C:\repos\nus-cs2103\cs2103-website-base\admin\tp-timeline as some of its dependencies were changed since the last visit
2024-09-28T05:02:46.615Z - debug:  
2024-09-28T05:02:46.643Z - debug:  
2024-09-28T05:02:46.774Z - info: Site data built
2024-09-28T05:02:46.774Z - info: Lazy website regeneration complete! Total build time: 3.738s
2024-09-28T05:04:07.812Z - info: [1:04:07 pm] Reload for file change: C:\repos\nus-cs2103\cs2103-website-base\admin\tp-tasks-fragment.md
2024-09-28T05:04:07.812Z - info: Synchronizing opened pages list before reload
2024-09-28T05:04:07.812Z - info: Current opened pages, from most-to-least recent:
2024-09-28T05:04:07.812Z - info: 1. schedule/week9/project
2024-09-28T05:04:08.818Z - info: Rebuilding 1 pages
2024-09-28T05:04:10.084Z - info: Site data built
2024-09-28T05:04:10.085Z - info: Pages rebuilt
2024-09-28T05:04:10.085Z - info: Website regeneration complete! Total build time: 1.268s
2024-09-28T05:22:03.306Z - info: [1:22:03 pm] Reload for file change: C:\repos\nus-cs2103\cs2103-website-base\admin\tp-tasks-fragment.md
2024-09-28T05:22:03.307Z - info: Synchronizing opened pages list before reload
2024-09-28T05:22:03.307Z - info: Current opened pages, from most-to-least recent:
2024-09-28T05:22:03.307Z - info: 1. schedule/week9/project
2024-09-28T05:22:04.318Z - info: Rebuilding 1 pages
2024-09-28T05:22:05.984Z - info: Site data built
2024-09-28T05:22:05.985Z - info: Pages rebuilt
2024-09-28T05:22:05.985Z - info: Website regeneration complete! Total build time: 1.668s
2024-09-28T05:26:51.531Z - info: [1:26:51 pm] Reload for file change: C:\repos\nus-cs2103\cs2103-website-base\admin\tp-tasks-fragment.md
2024-09-28T05:26:51.531Z - info: Synchronizing opened pages list before reload
2024-09-28T05:26:51.531Z - info: Current opened pages, from most-to-least recent:
2024-09-28T05:26:51.531Z - info: 1. schedule/week9/project
2024-09-28T05:26:52.544Z - info: Rebuilding 1 pages
2024-09-28T05:26:53.792Z - info: Site data built
2024-09-28T05:26:53.792Z - info: Pages rebuilt
2024-09-28T05:26:53.792Z - info: Website regeneration complete! Total build time: 1.25s
2024-09-28T05:28:54.598Z - info: [1:28:54 pm] Reload for file change: C:\repos\nus-cs2103\cs2103-website-base\admin\tp-tasks-fragment.md
2024-09-28T05:28:54.599Z - info: Synchronizing opened pages list before reload
2024-09-28T05:28:54.599Z - info: Current opened pages, from most-to-least recent:
2024-09-28T05:28:54.599Z - info: 1. schedule/week9/project
2024-09-28T05:28:55.604Z - info: Rebuilding 1 pages
2024-09-28T05:28:57.181Z - info: Site data built
2024-09-28T05:28:57.181Z - info: Pages rebuilt
2024-09-28T05:28:57.181Z - info: Website regeneration complete! Total build time: 1.578s
2024-09-28T05:34:48.713Z - info: [1:34:48 pm] Reload for file change: C:\repos\nus-cs2103\cs2103-website-base\admin\tp-tasks-fragment.md
2024-09-28T05:34:48.714Z - info: Synchronizing opened pages list before reload
2024-09-28T05:34:48.714Z - info: Current opened pages, from most-to-least recent:
2024-09-28T05:34:48.714Z - info: 1. schedule/week9/project
2024-09-28T05:34:49.720Z - info: Rebuilding 1 pages
2024-09-28T05:34:51.574Z - info: Site data built
2024-09-28T05:34:51.574Z - info: Pages rebuilt
2024-09-28T05:34:51.574Z - info: Website regeneration complete! Total build time: 1.856s
2024-09-28T05:37:21.438Z - info: [1:37:21 pm] Reload for file change: C:\repos\nus-cs2103\cs2103-website-base\admin\tp-tasks-fragment.md
2024-09-28T05:37:21.439Z - info: Synchronizing opened pages list before reload
2024-09-28T05:37:21.439Z - info: Current opened pages, from most-to-least recent:
2024-09-28T05:37:21.439Z - info: 1. schedule/week9/project
2024-09-28T05:37:22.448Z - info: Rebuilding 1 pages
2024-09-28T05:37:24.064Z - info: Site data built
2024-09-28T05:37:24.064Z - info: Pages rebuilt
2024-09-28T05:37:24.064Z - info: Website regeneration complete! Total build time: 1.619s
2024-09-28T05:38:08.169Z - info: [1:38:08 pm] Reload for file change: C:\repos\nus-cs2103\cs2103-website-base\admin\tp-tasks-fragment.md
2024-09-28T05:38:08.169Z - info: Synchronizing opened pages list before reload
2024-09-28T05:38:08.169Z - info: Current opened pages, from most-to-least recent:
2024-09-28T05:38:08.169Z - info: 1. schedule/week9/project
2024-09-28T05:38:09.187Z - info: Rebuilding 1 pages
2024-09-28T05:38:10.332Z - info: Site data built
2024-09-28T05:38:10.333Z - info: Pages rebuilt
2024-09-28T05:38:10.333Z - info: Website regeneration complete! Total build time: 1.147s
2024-09-28T05:38:34.803Z - info: [1:38:34 pm] Reload for file change: C:\repos\nus-cs2103\cs2103-website-base\admin\tp-tasks-fragment.md
2024-09-28T05:38:34.803Z - info: Synchronizing opened pages list before reload
2024-09-28T05:38:34.804Z - info: Current opened pages, from most-to-least recent:
2024-09-28T05:38:34.804Z - info: 1. schedule/week9/project
2024-09-28T05:38:35.820Z - info: Rebuilding 1 pages
2024-09-28T05:38:37.073Z - info: Site data built
2024-09-28T05:38:37.073Z - info: Pages rebuilt
2024-09-28T05:38:37.073Z - info: Website regeneration complete! Total build time: 1.254s
2024-09-28T05:39:56.886Z - info: [1:39:56 pm] Reload for file change: C:\repos\nus-cs2103\cs2103-website-base\admin\tp-tasks-fragment.md
2024-09-28T05:39:56.887Z - info: Synchronizing opened pages list before reload
2024-09-28T05:39:56.887Z - info: Current opened pages, from most-to-least recent:
2024-09-28T05:39:56.887Z - info: 1. schedule/week9/project
2024-09-28T05:39:57.907Z - info: Rebuilding 1 pages
2024-09-28T05:39:59.331Z - info: Site data built
2024-09-28T05:39:59.331Z - info: Pages rebuilt
2024-09-28T05:39:59.331Z - info: Website regeneration complete! Total build time: 1.425s
2024-09-28T05:40:11.310Z - info: [1:40:11 pm] Reload for file change: C:\repos\nus-cs2103\cs2103-website-base\admin\tp-tasks-fragment.md
2024-09-28T05:40:11.311Z - info: Synchronizing opened pages list before reload
2024-09-28T05:40:11.311Z - info: Current opened pages, from most-to-least recent:
2024-09-28T05:40:11.311Z - info: 1. schedule/week9/project
2024-09-28T05:40:12.315Z - info: Rebuilding 1 pages
2024-09-28T05:40:13.354Z - info: Site data built
2024-09-28T05:40:13.355Z - info: Pages rebuilt
2024-09-28T05:40:13.355Z - info: Website regeneration complete! Total build time: 1.041s
2024-09-28T05:41:24.648Z - info: [1:41:24 pm] Reload for file change: C:\repos\nus-cs2103\cs2103-website-base\admin\tp-tasks-fragment.md
2024-09-28T05:41:24.648Z - info: Synchronizing opened pages list before reload
2024-09-28T05:41:24.649Z - info: Current opened pages, from most-to-least recent:
2024-09-28T05:41:24.649Z - info: 1. schedule/week9/project
2024-09-28T05:41:25.655Z - info: Rebuilding 1 pages
2024-09-28T05:41:26.854Z - info: Site data built
2024-09-28T05:41:26.854Z - info: Pages rebuilt
2024-09-28T05:41:26.854Z - info: Website regeneration complete! Total build time: 1.2s
2024-09-28T05:44:05.503Z - info: Building C:\repos\nus-cs2103\cs2103-website-base\schedule\week10\project as some of its dependencies were changed since the last visit
2024-09-28T05:44:07.132Z - info: Site data built
2024-09-28T05:44:07.132Z - info: Lazy website regeneration complete! Total build time: 1.63s
2024-09-28T05:47:38.027Z - info: [1:47:38 pm] Reload for file change: C:\repos\nus-cs2103\cs2103-website-base\admin\tp-tasks-fragment.md
2024-09-28T05:47:38.027Z - info: Synchronizing opened pages list before reload
2024-09-28T05:47:38.027Z - info: Current opened pages, from most-to-least recent:
2024-09-28T05:47:38.027Z - info: 1. schedule/week9/project
2024-09-28T05:47:39.035Z - info: Rebuilding 1 pages
2024-09-28T05:47:40.387Z - info: Site data built
2024-09-28T05:47:40.387Z - info: Pages rebuilt
2024-09-28T05:47:40.387Z - info: Website regeneration complete! Total build time: 1.353s
2024-09-28T05:48:46.012Z - info: [1:48:46 pm] Reload for file change: C:\repos\nus-cs2103\cs2103-website-base\admin\tp-tasks-fragment.md
2024-09-28T05:48:46.013Z - info: Synchronizing opened pages list before reload
2024-09-28T05:48:46.013Z - info: Current opened pages, from most-to-least recent:
2024-09-28T05:48:46.013Z - info: 1. schedule/week9/project
2024-09-28T05:48:47.018Z - info: Rebuilding 1 pages
2024-09-28T05:48:48.220Z - info: Site data built
2024-09-28T05:48:48.221Z - info: Pages rebuilt
2024-09-28T05:48:48.221Z - info: Website regeneration complete! Total build time: 1.205s
2024-09-28T05:49:05.655Z - info: [1:49:05 pm] Reload for file change: C:\repos\nus-cs2103\cs2103-website-base\admin\tp-tasks-fragment.md
2024-09-28T05:49:05.656Z - info: Synchronizing opened pages list before reload
2024-09-28T05:49:05.656Z - info: Current opened pages, from most-to-least recent:
2024-09-28T05:49:05.656Z - info: 1. schedule/week9/project
2024-09-28T05:49:06.669Z - info: Rebuilding 1 pages
2024-09-28T05:49:07.850Z - info: Site data built
2024-09-28T05:49:07.851Z - info: Pages rebuilt
2024-09-28T05:49:07.851Z - info: Website regeneration complete! Total build time: 1.184s
2024-09-28T05:51:02.736Z - info: Website generation started at 1:50:28 pm
2024-09-28T05:51:15.891Z - warn: ENOENT: no such file or directory, open 'C:\repos\nus-cs2103\cs2103-website-base\node_modules\.cache\gh-pages\https!github.com!nus-cs2103-AY2425S1!website.git\book\_markbind\variables.md'
2024-09-28T05:51:15.893Z - warn: ENOENT: no such file or directory, open 'C:\repos\nus-cs2103\cs2103-website-base\node_modules\.cache\gh-pages\https!github.com!nus-cs2103-AY2425S1!website.git\cache\gh-pages\https!github.com!nus-cs2103-AY2425S1!website.git\book\_markbind\variables.md'
2024-09-28T05:51:15.895Z - warn: ENOENT: no such file or directory, open 'C:\repos\nus-cs2103\cs2103-website-base\node_modules\.cache\gh-pages\https!github.com!nus-cs2103-AY2425S1!website.git\cache\gh-pages\https!github.com!nus-cs2103-AY2425S1!website.git\_markbind\variables.md'
2024-09-28T05:51:15.896Z - warn: ENOENT: no such file or directory, open 'C:\repos\nus-cs2103\cs2103-website-base\node_modules\.cache\gh-pages\https!github.com!nus-cs2103-AY2425S1!website.git\_markbind\variables.md'
2024-09-28T05:51:15.963Z - info: Building assets...
2024-09-28T05:52:25.058Z - info: Assets built
2024-09-28T05:52:25.059Z - info: Generating pages...
2024-09-28T05:52:49.538Z - debug:  
2024-09-28T05:52:49.658Z - debug:  
2024-09-28T05:52:49.695Z - debug:  
2024-09-28T05:52:49.747Z - debug:  
2024-09-28T05:52:49.760Z - debug:  
2024-09-28T05:52:49.821Z - debug:  
2024-09-28T05:52:52.204Z - debug:  
2024-09-28T05:52:52.205Z - debug:  
2024-09-28T05:52:52.205Z - debug:  
2024-09-28T05:52:52.205Z - debug:  
2024-09-28T05:52:52.205Z - debug:  
2024-09-28T05:52:52.205Z - debug:  
2024-09-28T05:52:52.206Z - debug:  
2024-09-28T05:52:52.206Z - debug:  
2024-09-28T05:52:52.206Z - debug:  
2024-09-28T05:52:52.206Z - debug:  
2024-09-28T05:52:52.206Z - debug:  
2024-09-28T05:53:18.222Z - debug:  
2024-09-28T05:55:17.457Z - debug:  
2024-09-28T05:55:35.327Z - debug:  
2024-09-28T05:55:35.447Z - debug:  
2024-09-28T05:55:49.587Z - info: Pages built
2024-09-28T05:55:50.741Z - info: Site data built
2024-09-28T05:55:50.742Z - info: Website generation complete! Total build time: 322.492s
2024-09-28T05:55:50.742Z - info: Build success!
2024-09-28T06:03:35.319Z - info: The website has been deployed at: https://nus-cs2103-ay2425s1.github.io/website
2024-09-28T07:21:48.410Z - info: Website generation (lazy) started at 3:21:24 pm
2024-09-28T07:22:04.271Z - warn: ENOENT: no such file or directory, open 'C:\repos\nus-cs2103\cs2103-website-base\cache\gh-pages\https!github.com!nus-cs2103-AY2425S1!website.git\book\_markbind\variables.md'
2024-09-28T07:22:04.273Z - warn: ENOENT: no such file or directory, open 'C:\repos\nus-cs2103\cs2103-website-base\cache\gh-pages\https!github.com!nus-cs2103-AY2425S1!website.git\_markbind\variables.md'
2024-09-28T07:22:04.274Z - warn: ENOENT: no such file or directory, open 'C:\repos\nus-cs2103\cs2103-website-base\node_modules\.cache\gh-pages\https!github.com!nus-cs2103-AY2425S1!website.git\book\_markbind\variables.md'
2024-09-28T07:22:04.275Z - warn: ENOENT: no such file or directory, open 'C:\repos\nus-cs2103\cs2103-website-base\node_modules\.cache\gh-pages\https!github.com!nus-cs2103-AY2425S1!website.git\cache\gh-pages\https!github.com!nus-cs2103-AY2425S1!website.git\book\_markbind\variables.md'
2024-09-28T07:22:04.277Z - warn: ENOENT: no such file or directory, open 'C:\repos\nus-cs2103\cs2103-website-base\node_modules\.cache\gh-pages\https!github.com!nus-cs2103-AY2425S1!website.git\cache\gh-pages\https!github.com!nus-cs2103-AY2425S1!website.git\_markbind\variables.md'
2024-09-28T07:22:04.279Z - warn: ENOENT: no such file or directory, open 'C:\repos\nus-cs2103\cs2103-website-base\node_modules\.cache\gh-pages\https!github.com!nus-cs2103-AY2425S1!website.git\_markbind\variables.md'
2024-09-28T07:22:04.355Z - info: Building assets...
2024-09-28T07:24:15.120Z - info: Assets built
2024-09-28T07:24:15.132Z - info: Generating landing page...
2024-09-28T07:24:16.869Z - info: Landing page built, other pages will be built as you navigate to them!
2024-09-28T07:24:18.108Z - info: Site data built
2024-09-28T07:24:18.108Z - info: Website generation (lazy) complete! Total build time: 173.642s
2024-09-28T07:24:18.163Z - info: Serving "C:\repos\nus-cs2103\cs2103-website-base\_site" at http://127.0.0.1:8080
2024-09-28T07:24:18.163Z - info: Press CTRL+C to stop ...
2024-09-28T07:24:55.355Z - info: [3:24:55 pm] Reload for file change: C:\repos\nus-cs2103\cs2103-website-base\book\projectDuke\text.md
2024-09-28T07:24:55.355Z - info: Synchronizing opened pages list before reload
2024-09-28T07:24:55.356Z - info: Current opened pages, from most-to-least recent:
2024-09-28T07:24:55.357Z - info: 1. index
2024-09-28T07:24:56.373Z - info: Assets built
2024-09-28T07:25:03.535Z - info: Building C:\repos\nus-cs2103\cs2103-website-base\schedule\week4\index as some of its dependencies were changed since the last visit
2024-09-28T07:25:05.269Z - info: Site data built
2024-09-28T07:25:05.269Z - info: Lazy website regeneration complete! Total build time: 1.735s
2024-09-28T07:25:13.544Z - info: Building C:\repos\nus-cs2103\cs2103-website-base\schedule\week4\topics as some of its dependencies were changed since the last visit
2024-09-28T07:25:29.526Z - debug:  
2024-09-28T07:25:29.561Z - debug:  
2024-09-28T07:25:30.049Z - debug:  
2024-09-28T07:25:30.222Z - debug:  
2024-09-28T07:25:30.305Z - debug:  
2024-09-28T07:25:30.720Z - debug:  
2024-09-28T07:25:30.767Z - debug:  
2024-09-28T07:25:30.831Z - debug:  
2024-09-28T07:25:30.831Z - debug:  
2024-09-28T07:25:30.846Z - debug:  
2024-09-28T07:25:31.582Z - debug:  
2024-09-28T07:25:32.000Z - debug:  
2024-09-28T07:25:32.542Z - debug:  
2024-09-28T07:25:33.257Z - info: Site data built
2024-09-28T07:25:33.259Z - info: Lazy website regeneration complete! Total build time: 19.715s
2024-09-28T07:25:33.263Z - info: Building C:\repos\nus-cs2103\cs2103-website-base\schedule\week4\project as some of its dependencies were changed since the last visit
2024-09-28T07:25:39.397Z - info: Site data built
2024-09-28T07:25:39.397Z - info: Lazy website regeneration complete! Total build time: 6.135s
2024-09-28T07:25:58.283Z - info: [3:25:58 pm] Reload for file change: C:\repos\nus-cs2103\cs2103-website-base\book\projectDuke\text.md
2024-09-28T07:25:58.283Z - info: Synchronizing opened pages list before reload
2024-09-28T07:25:58.283Z - info: Current opened pages, from most-to-least recent:
2024-09-28T07:25:58.283Z - info: 1. schedule/week4/project
2024-09-28T07:25:59.289Z - info: Rebuilding 1 pages
2024-09-28T07:26:02.164Z - info: Site data built
2024-09-28T07:26:02.165Z - info: Pages rebuilt
2024-09-28T07:26:02.165Z - info: Website regeneration complete! Total build time: 2.877s
2024-09-28T07:26:23.887Z - info: [3:26:23 pm] Reload for file change: C:\repos\nus-cs2103\cs2103-website-base\book\projectDuke\text.md
2024-09-28T07:26:23.887Z - info: Synchronizing opened pages list before reload
2024-09-28T07:26:23.888Z - info: Current opened pages, from most-to-least recent:
2024-09-28T07:26:23.888Z - info: 1. schedule/week4/project
2024-09-28T07:26:24.891Z - info: Rebuilding 1 pages
2024-09-28T07:26:28.097Z - info: Site data built
2024-09-28T07:26:28.098Z - info: Pages rebuilt
2024-09-28T07:26:28.098Z - info: Website regeneration complete! Total build time: 3.208s
2024-09-28T08:56:01.068Z - info: Website generation started at 4:55:32 pm
2024-09-28T08:56:12.487Z - warn: ENOENT: no such file or directory, open 'C:\repos\nus-cs2103\cs2103-website-base\node_modules\.cache\gh-pages\https!github.com!nus-cs2103-AY2425S1!website.git\book\_markbind\variables.md'
2024-09-28T08:56:12.488Z - warn: ENOENT: no such file or directory, open 'C:\repos\nus-cs2103\cs2103-website-base\node_modules\.cache\gh-pages\https!github.com!nus-cs2103-AY2425S1!website.git\cache\gh-pages\https!github.com!nus-cs2103-AY2425S1!website.git\book\_markbind\variables.md'
2024-09-28T08:56:12.489Z - warn: ENOENT: no such file or directory, open 'C:\repos\nus-cs2103\cs2103-website-base\node_modules\.cache\gh-pages\https!github.com!nus-cs2103-AY2425S1!website.git\cache\gh-pages\https!github.com!nus-cs2103-AY2425S1!website.git\_markbind\variables.md'
2024-09-28T08:56:12.491Z - warn: ENOENT: no such file or directory, open 'C:\repos\nus-cs2103\cs2103-website-base\node_modules\.cache\gh-pages\https!github.com!nus-cs2103-AY2425S1!website.git\_markbind\variables.md'
2024-09-28T08:56:12.558Z - info: Building assets...
