2024-07-28T16:00:10.640Z - info: [12:00:10 am] Reload for file change: C:\repos\nus-cs2103\cs2103-website-base\book\gitAndGithub\branch\cli_1.md
2024-07-28T16:00:10.653Z - info: Synchronizing opened pages list before reload
2024-07-28T16:00:10.653Z - info: Current opened pages, from most-to-least recent:
2024-07-28T16:00:10.654Z - info: 1. se-book-adapted/chapters/gitAndGithub
2024-07-28T16:00:11.665Z - info: Rebuilding 1 pages
2024-07-28T16:00:12.860Z - info: Site data built
2024-07-28T16:00:12.860Z - info: Pages rebuilt
2024-07-28T16:00:12.861Z - info: Website regeneration complete! Total build time: 1.198s
2024-07-28T16:06:17.069Z - info: [12:06:17 am] Reload for file change: C:\repos\nus-cs2103\cs2103-website-base\book\gitAndGithub\branch\sourcetree_2.md
2024-07-28T16:06:17.070Z - info: Synchronizing opened pages list before reload
2024-07-28T16:06:17.071Z - info: Current opened pages, from most-to-least recent:
2024-07-28T16:06:17.071Z - info: 1. se-book-adapted/chapters/gitAndGithub
2024-07-28T16:06:18.086Z - info: Rebuilding 1 pages
2024-07-28T16:06:19.094Z - info: Site data built
2024-07-28T16:06:19.094Z - info: Pages rebuilt
2024-07-28T16:06:19.094Z - info: Website regeneration complete! Total build time: 1.009s
2024-07-28T16:07:37.410Z - info: [12:07:37 am] Reload for file change: C:\repos\nus-cs2103\cs2103-website-base\book\gitAndGithub\branch\sourcetree_2.md
2024-07-28T16:07:37.411Z - info: Synchronizing opened pages list before reload
2024-07-28T16:07:37.411Z - info: Current opened pages, from most-to-least recent:
2024-07-28T16:07:37.411Z - info: 1. se-book-adapted/chapters/gitAndGithub
2024-07-28T16:07:38.420Z - info: Rebuilding 1 pages
2024-07-28T16:07:39.497Z - info: Site data built
2024-07-28T16:07:39.498Z - info: Pages rebuilt
2024-07-28T16:07:39.498Z - info: Website regeneration complete! Total build time: 1.081s
2024-07-28T16:07:55.800Z - info: [12:07:55 am] Reload for file change: C:\repos\nus-cs2103\cs2103-website-base\book\gitAndGithub\branch\sourcetree_2.md
2024-07-28T16:07:55.800Z - info: Synchronizing opened pages list before reload
2024-07-28T16:07:55.801Z - info: Current opened pages, from most-to-least recent:
2024-07-28T16:07:55.801Z - info: 1. se-book-adapted/chapters/gitAndGithub
2024-07-28T16:07:56.818Z - info: Rebuilding 1 pages
2024-07-28T16:07:57.739Z - info: Site data built
2024-07-28T16:07:57.740Z - info: Pages rebuilt
2024-07-28T16:07:57.740Z - info: Website regeneration complete! Total build time: 0.923s
2024-07-28T16:09:40.049Z - info: [12:09:40 am] Reload for file change: C:\repos\nus-cs2103\cs2103-website-base\book\gitAndGithub\branch\sourcetree_2.md
2024-07-28T16:09:40.050Z - info: Synchronizing opened pages list before reload
2024-07-28T16:09:40.050Z - info: Current opened pages, from most-to-least recent:
2024-07-28T16:09:40.051Z - info: 1. se-book-adapted/chapters/gitAndGithub
2024-07-28T16:09:41.059Z - info: Rebuilding 1 pages
2024-07-28T16:09:42.362Z - info: Site data built
2024-07-28T16:09:42.362Z - info: Pages rebuilt
2024-07-28T16:09:42.362Z - info: Website regeneration complete! Total build time: 1.304s
2024-07-28T16:10:56.315Z - info: [12:10:56 am] Reload for file change: C:\repos\nus-cs2103\cs2103-website-base\book\gitAndGithub\branch\sourcetree_2.md
2024-07-28T16:10:56.316Z - info: Synchronizing opened pages list before reload
2024-07-28T16:10:56.316Z - info: Current opened pages, from most-to-least recent:
2024-07-28T16:10:56.317Z - info: 1. se-book-adapted/chapters/gitAndGithub
2024-07-28T16:10:57.335Z - info: Rebuilding 1 pages
2024-07-28T16:10:58.278Z - info: Site data built
2024-07-28T16:10:58.279Z - info: Pages rebuilt
2024-07-28T16:10:58.279Z - info: Website regeneration complete! Total build time: 0.945s
2024-07-28T16:14:18.628Z - info: [12:14:18 am] Reload for file change: C:\repos\nus-cs2103\cs2103-website-base\book\gitAndGithub\branch\sourcetree_2.md
2024-07-28T16:14:18.629Z - info: Synchronizing opened pages list before reload
2024-07-28T16:14:18.629Z - info: Current opened pages, from most-to-least recent:
2024-07-28T16:14:18.630Z - info: 1. se-book-adapted/chapters/gitAndGithub
2024-07-28T16:14:19.641Z - info: Rebuilding 1 pages
2024-07-28T16:14:20.704Z - info: Site data built
2024-07-28T16:14:20.704Z - info: Pages rebuilt
2024-07-28T16:14:20.704Z - info: Website regeneration complete! Total build time: 1.064s
2024-07-28T16:15:11.736Z - info: [12:15:11 am] Reload for file change: C:\repos\nus-cs2103\cs2103-website-base\book\gitAndGithub\branch\sourcetree_2.md
2024-07-28T16:15:11.736Z - info: Synchronizing opened pages list before reload
2024-07-28T16:15:11.736Z - info: Current opened pages, from most-to-least recent:
2024-07-28T16:15:11.737Z - info: 1. se-book-adapted/chapters/gitAndGithub
2024-07-28T16:15:12.745Z - info: Rebuilding 1 pages
2024-07-28T16:15:13.698Z - info: Site data built
2024-07-28T16:15:13.699Z - info: Pages rebuilt
2024-07-28T16:15:13.699Z - info: Website regeneration complete! Total build time: 0.954s
2024-07-28T16:20:15.297Z - info: [12:20:15 am] Reload for file change: C:\repos\nus-cs2103\cs2103-website-base\book\gitAndGithub\branch\sourcetree_2.md
2024-07-28T16:20:15.297Z - info: Synchronizing opened pages list before reload
2024-07-28T16:20:15.299Z - info: Current opened pages, from most-to-least recent:
2024-07-28T16:20:15.300Z - info: 1. se-book-adapted/chapters/gitAndGithub
2024-07-28T16:20:16.307Z - info: Rebuilding 1 pages
2024-07-28T16:20:17.491Z - info: Site data built
2024-07-28T16:20:17.491Z - info: Pages rebuilt
2024-07-28T16:20:17.492Z - info: Website regeneration complete! Total build time: 1.185s
2024-07-28T16:21:41.336Z - info: [12:21:41 am] Reload for file change: C:\repos\nus-cs2103\cs2103-website-base\book\gitAndGithub\pull\sourcetree_1.md
2024-07-28T16:21:41.336Z - info: Synchronizing opened pages list before reload
2024-07-28T16:21:41.337Z - info: Current opened pages, from most-to-least recent:
2024-07-28T16:21:41.337Z - info: 1. se-book-adapted/chapters/gitAndGithub
2024-07-28T16:21:42.352Z - info: Rebuilding 1 pages
2024-07-28T16:21:43.282Z - info: Site data built
2024-07-28T16:21:43.283Z - info: Pages rebuilt
2024-07-28T16:21:43.283Z - info: Website regeneration complete! Total build time: 0.932s
2024-07-28T16:22:02.513Z - info: [12:22:02 am] Reload for file change: C:\repos\nus-cs2103\cs2103-website-base\book\gitAndGithub\pull\sourcetree_1.md
2024-07-28T16:22:02.514Z - info: Synchronizing opened pages list before reload
2024-07-28T16:22:02.514Z - info: Current opened pages, from most-to-least recent:
2024-07-28T16:22:02.515Z - info: 1. se-book-adapted/chapters/gitAndGithub
2024-07-28T16:22:03.524Z - info: Rebuilding 1 pages
2024-07-28T16:22:04.564Z - info: Site data built
2024-07-28T16:22:04.565Z - info: Pages rebuilt
2024-07-28T16:22:04.565Z - info: Website regeneration complete! Total build time: 1.042s
2024-07-28T16:25:09.877Z - info: Building C:\repos\nus-cs2103\cs2103-website-base\se-book-adapted\chapters\revisionControl as some of its dependencies were changed since the last visit
2024-07-28T16:25:10.322Z - info: Site data built
2024-07-28T16:25:10.322Z - info: Lazy website regeneration complete! Total build time: 0.445s
2024-07-28T16:28:55.275Z - info: [12:28:55 am] Reload for file change: C:\repos\nus-cs2103\cs2103-website-base\book\revisionControl\drcsVsCrcs\text.md
2024-07-28T16:28:55.275Z - info: Synchronizing opened pages list before reload
2024-07-28T16:28:55.276Z - info: Current opened pages, from most-to-least recent:
2024-07-28T16:28:55.276Z - info: 1. se-book-adapted/chapters/revisionControl
2024-07-28T16:28:56.285Z - info: Rebuilding 1 pages
2024-07-28T16:28:56.762Z - info: Site data built
2024-07-28T16:28:56.763Z - info: Pages rebuilt
2024-07-28T16:28:56.763Z - info: Website regeneration complete! Total build time: 0.479s
2024-07-28T16:29:07.507Z - info: [12:29:07 am] Reload for file change: C:\repos\nus-cs2103\cs2103-website-base\book\revisionControl\drcsVsCrcs\text.md
2024-07-28T16:29:07.508Z - info: Synchronizing opened pages list before reload
2024-07-28T16:29:07.508Z - info: Current opened pages, from most-to-least recent:
2024-07-28T16:29:07.508Z - info: 1. se-book-adapted/chapters/revisionControl
2024-07-28T16:29:08.519Z - info: Rebuilding 1 pages
2024-07-28T16:29:08.813Z - info: Site data built
2024-07-28T16:29:08.813Z - info: Pages rebuilt
2024-07-28T16:29:08.814Z - info: Website regeneration complete! Total build time: 0.296s
2024-07-28T16:29:18.329Z - info: [12:29:18 am] Reload for file change: C:\repos\nus-cs2103\cs2103-website-base\book\revisionControl\drcsVsCrcs\text.md
2024-07-28T16:29:18.330Z - info: Synchronizing opened pages list before reload
2024-07-28T16:29:18.330Z - info: Current opened pages, from most-to-least recent:
2024-07-28T16:29:18.330Z - info: 1. se-book-adapted/chapters/revisionControl
2024-07-28T16:29:19.344Z - info: Rebuilding 1 pages
2024-07-28T16:29:19.655Z - info: Site data built
2024-07-28T16:29:19.655Z - info: Pages rebuilt
2024-07-28T16:29:19.655Z - info: Website regeneration complete! Total build time: 0.312s
2024-07-28T16:29:29.414Z - info: [12:29:29 am] Reload for file change: C:\repos\nus-cs2103\cs2103-website-base\book\revisionControl\drcsVsCrcs\text.md
2024-07-28T16:29:29.415Z - info: Synchronizing opened pages list before reload
2024-07-28T16:29:29.415Z - info: Current opened pages, from most-to-least recent:
2024-07-28T16:29:29.415Z - info: 1. se-book-adapted/chapters/revisionControl
2024-07-28T16:29:30.424Z - info: Rebuilding 1 pages
2024-07-28T16:29:30.791Z - info: Site data built
2024-07-28T16:29:30.791Z - info: Pages rebuilt
2024-07-28T16:29:30.791Z - info: Website regeneration complete! Total build time: 0.37s
2024-07-28T16:30:11.028Z - info: [12:30:11 am] Reload for file change: C:\repos\nus-cs2103\cs2103-website-base\book\revisionControl\drcsVsCrcs\text.md
2024-07-28T16:30:11.029Z - info: Synchronizing opened pages list before reload
2024-07-28T16:30:11.029Z - info: Current opened pages, from most-to-least recent:
2024-07-28T16:30:11.029Z - info: 1. se-book-adapted/chapters/revisionControl
2024-07-28T16:30:12.040Z - info: Rebuilding 1 pages
2024-07-28T16:30:12.410Z - info: Site data built
2024-07-28T16:30:12.410Z - info: Pages rebuilt
2024-07-28T16:30:12.411Z - info: Website regeneration complete! Total build time: 0.373s
2024-07-28T16:32:07.141Z - info: [12:32:07 am] Reload for file add: C:\repos\nus-cs2103\cs2103-website-base\book\diagrams\revisionControl\drcsVsCrcs\~$crcsDiagram.pptx
2024-07-28T16:32:07.141Z - info: Synchronizing opened pages list before reload
2024-07-28T16:32:07.141Z - info: Current opened pages, from most-to-least recent:
2024-07-28T16:32:07.142Z - info: 1. se-book-adapted/chapters/revisionControl
2024-07-28T16:32:13.018Z - info: Assets built
2024-07-28T16:34:07.048Z - info: [12:34:07 am] Reload for file add: C:\repos\nus-cs2103\cs2103-website-base\book\diagrams\revisionControl\drcsVsCrcs\pptDFEE.tmp
2024-07-28T16:34:07.048Z - info: Synchronizing opened pages list before reload
2024-07-28T16:34:07.049Z - info: Current opened pages, from most-to-least recent:
2024-07-28T16:34:07.049Z - info: 1. se-book-adapted/chapters/revisionControl
2024-07-28T16:34:09.654Z - info: [12:34:09 am] Reload for file change: C:\repos\nus-cs2103\cs2103-website-base\book\diagrams\revisionControl\drcsVsCrcs\crcsDiagram.pptx
2024-07-28T16:34:09.655Z - info: Synchronizing opened pages list before reload
2024-07-28T16:34:09.655Z - info: Current opened pages, from most-to-least recent:
2024-07-28T16:34:09.655Z - info: 1. se-book-adapted/chapters/revisionControl
2024-07-28T16:34:09.753Z - info: [12:34:09 am] Reload for file deletion: C:\repos\nus-cs2103\cs2103-website-base\book\diagrams\revisionControl\drcsVsCrcs\pptDFEE.tmp
2024-07-28T16:34:09.753Z - info: Synchronizing opened pages list before reload
2024-07-28T16:34:09.753Z - info: Current opened pages, from most-to-least recent:
2024-07-28T16:34:09.753Z - info: 1. se-book-adapted/chapters/revisionControl
2024-07-28T16:34:12.372Z - info: Assets built
2024-07-28T16:34:13.373Z - debug: Assets removed
2024-07-28T16:36:38.049Z - info: [12:36:38 am] Reload for file change: C:\repos\nus-cs2103\cs2103-website-base\book\revisionControl\drcsVsCrcs\images\crcsDiagram.png
2024-07-28T16:36:38.049Z - info: Synchronizing opened pages list before reload
2024-07-28T16:36:38.050Z - info: Current opened pages, from most-to-least recent:
2024-07-28T16:36:38.050Z - info: 1. se-book-adapted/chapters/revisionControl
2024-07-28T16:36:38.156Z - info: [12:36:38 am] Reload for file change: C:\repos\nus-cs2103\cs2103-website-base\book\revisionControl\drcsVsCrcs\images\crcsDiagram.png
2024-07-28T16:36:38.156Z - info: Synchronizing opened pages list before reload
2024-07-28T16:36:38.156Z - info: Current opened pages, from most-to-least recent:
2024-07-28T16:36:38.156Z - info: 1. se-book-adapted/chapters/revisionControl
2024-07-28T16:36:39.079Z - info: Assets built
2024-07-28T16:36:58.812Z - info: [12:36:58 am] Reload for file add: C:\repos\nus-cs2103\cs2103-website-base\book\diagrams\revisionControl\drcsVsCrcs\~$drcsDiagram.pptx
2024-07-28T16:36:58.812Z - info: Synchronizing opened pages list before reload
2024-07-28T16:36:58.812Z - info: Current opened pages, from most-to-least recent:
2024-07-28T16:36:58.812Z - info: 1. se-book-adapted/chapters/revisionControl
2024-07-28T16:37:03.522Z - info: Assets built
2024-07-28T16:38:56.751Z - info: [12:38:56 am] Reload for file add: C:\repos\nus-cs2103\cs2103-website-base\book\diagrams\revisionControl\drcsVsCrcs\ppt4B97.tmp
2024-07-28T16:38:56.751Z - info: Synchronizing opened pages list before reload
2024-07-28T16:38:56.751Z - info: Current opened pages, from most-to-least recent:
2024-07-28T16:38:56.751Z - info: 1. se-book-adapted/chapters/revisionControl
2024-07-28T16:38:59.366Z - info: [12:38:59 am] Reload for file change: C:\repos\nus-cs2103\cs2103-website-base\book\diagrams\revisionControl\drcsVsCrcs\drcsDiagram.pptx
2024-07-28T16:38:59.366Z - info: Synchronizing opened pages list before reload
2024-07-28T16:38:59.366Z - info: Current opened pages, from most-to-least recent:
2024-07-28T16:38:59.366Z - info: 1. se-book-adapted/chapters/revisionControl
2024-07-28T16:38:59.472Z - info: [12:38:59 am] Reload for file deletion: C:\repos\nus-cs2103\cs2103-website-base\book\diagrams\revisionControl\drcsVsCrcs\ppt4B97.tmp
2024-07-28T16:38:59.472Z - info: Synchronizing opened pages list before reload
2024-07-28T16:38:59.473Z - info: Current opened pages, from most-to-least recent:
2024-07-28T16:38:59.473Z - info: 1. se-book-adapted/chapters/revisionControl
2024-07-28T16:39:02.034Z - info: Assets built
2024-07-28T16:39:03.042Z - debug: Assets removed
2024-07-28T16:39:53.675Z - info: [12:39:53 am] Reload for file change: C:\repos\nus-cs2103\cs2103-website-base\book\revisionControl\drcsVsCrcs\images\drcsDiagram.png
2024-07-28T16:39:53.675Z - info: Synchronizing opened pages list before reload
2024-07-28T16:39:53.675Z - info: Current opened pages, from most-to-least recent:
2024-07-28T16:39:53.675Z - info: 1. se-book-adapted/chapters/revisionControl
2024-07-28T16:39:53.843Z - info: [12:39:53 am] Reload for file change: C:\repos\nus-cs2103\cs2103-website-base\book\revisionControl\drcsVsCrcs\images\drcsDiagram.png
2024-07-28T16:39:53.843Z - info: Synchronizing opened pages list before reload
2024-07-28T16:39:53.844Z - info: Current opened pages, from most-to-least recent:
2024-07-28T16:39:53.844Z - info: 1. se-book-adapted/chapters/revisionControl
2024-07-28T16:39:54.697Z - info: Assets built
2024-07-28T16:39:55.624Z - info: [12:39:55 am] Reload for file add: C:\repos\nus-cs2103\cs2103-website-base\book\diagrams\revisionControl\drcsVsCrcs\ppt3193.tmp
2024-07-28T16:39:55.624Z - info: Synchronizing opened pages list before reload
2024-07-28T16:39:55.624Z - info: Current opened pages, from most-to-least recent:
2024-07-28T16:39:55.624Z - info: 1. se-book-adapted/chapters/revisionControl
2024-07-28T16:39:58.225Z - info: [12:39:58 am] Reload for file change: C:\repos\nus-cs2103\cs2103-website-base\book\diagrams\revisionControl\drcsVsCrcs\drcsDiagram.pptx
2024-07-28T16:39:58.225Z - info: Synchronizing opened pages list before reload
2024-07-28T16:39:58.225Z - info: Current opened pages, from most-to-least recent:
2024-07-28T16:39:58.225Z - info: 1. se-book-adapted/chapters/revisionControl
2024-07-28T16:39:58.324Z - info: [12:39:58 am] Reload for file deletion: C:\repos\nus-cs2103\cs2103-website-base\book\diagrams\revisionControl\drcsVsCrcs\ppt3193.tmp
2024-07-28T16:39:58.324Z - info: Synchronizing opened pages list before reload
2024-07-28T16:39:58.325Z - info: Current opened pages, from most-to-least recent:
2024-07-28T16:39:58.325Z - info: 1. se-book-adapted/chapters/revisionControl
2024-07-28T16:40:00.962Z - info: Assets built
2024-07-28T16:40:01.156Z - info: [12:40:01 am] Reload for file add: C:\repos\nus-cs2103\cs2103-website-base\book\diagrams\revisionControl\drcsVsCrcs\ppt472F.tmp
2024-07-28T16:40:01.156Z - info: Synchronizing opened pages list before reload
2024-07-28T16:40:01.156Z - info: Current opened pages, from most-to-least recent:
2024-07-28T16:40:01.156Z - info: 1. se-book-adapted/chapters/revisionControl
2024-07-28T16:40:03.627Z - debug: Assets removed
2024-07-28T16:40:03.630Z - info: [12:40:03 am] Reload for file change: C:\repos\nus-cs2103\cs2103-website-base\book\diagrams\revisionControl\drcsVsCrcs\crcsDiagram.pptx
2024-07-28T16:40:03.630Z - info: Synchronizing opened pages list before reload
2024-07-28T16:40:03.631Z - info: Current opened pages, from most-to-least recent:
2024-07-28T16:40:03.631Z - info: 1. se-book-adapted/chapters/revisionControl
2024-07-28T16:40:03.731Z - info: [12:40:03 am] Reload for file deletion: C:\repos\nus-cs2103\cs2103-website-base\book\diagrams\revisionControl\drcsVsCrcs\ppt472F.tmp
2024-07-28T16:40:03.732Z - info: Synchronizing opened pages list before reload
2024-07-28T16:40:03.732Z - info: Current opened pages, from most-to-least recent:
2024-07-28T16:40:03.733Z - info: 1. se-book-adapted/chapters/revisionControl
2024-07-28T16:40:06.340Z - info: Assets built
2024-07-28T16:40:07.351Z - debug: Assets removed
2024-07-28T16:40:15.986Z - info: [12:40:15 am] Reload for file change: C:\repos\nus-cs2103\cs2103-website-base\book\revisionControl\drcsVsCrcs\text.md
2024-07-28T16:40:15.986Z - info: Synchronizing opened pages list before reload
2024-07-28T16:40:15.986Z - info: Current opened pages, from most-to-least recent:
2024-07-28T16:40:15.986Z - info: 1. se-book-adapted/chapters/revisionControl
2024-07-28T16:40:16.990Z - info: Rebuilding 1 pages
2024-07-28T16:40:17.441Z - info: Site data built
2024-07-28T16:40:17.441Z - info: Pages rebuilt
2024-07-28T16:40:17.441Z - info: Website regeneration complete! Total build time: 0.452s
2024-07-28T16:40:29.606Z - info: [12:40:29 am] Reload for file change: C:\repos\nus-cs2103\cs2103-website-base\book\revisionControl\drcsVsCrcs\text.md
2024-07-28T16:40:29.607Z - info: Synchronizing opened pages list before reload
2024-07-28T16:40:29.607Z - info: Current opened pages, from most-to-least recent:
2024-07-28T16:40:29.607Z - info: 1. se-book-adapted/chapters/revisionControl
2024-07-28T16:40:30.611Z - info: Rebuilding 1 pages
2024-07-28T16:40:30.922Z - info: Site data built
2024-07-28T16:40:30.922Z - info: Pages rebuilt
2024-07-28T16:40:30.922Z - info: Website regeneration complete! Total build time: 0.312s
2024-07-28T16:40:47.929Z - info: [12:40:47 am] Reload for file change: C:\repos\nus-cs2103\cs2103-website-base\book\revisionControl\drcsVsCrcs\text.md
2024-07-28T16:40:47.930Z - info: Synchronizing opened pages list before reload
2024-07-28T16:40:47.930Z - info: Current opened pages, from most-to-least recent:
2024-07-28T16:40:47.930Z - info: 1. se-book-adapted/chapters/revisionControl
2024-07-28T16:40:48.943Z - info: Rebuilding 1 pages
2024-07-28T16:40:49.221Z - info: Site data built
2024-07-28T16:40:49.221Z - info: Pages rebuilt
2024-07-28T16:40:49.221Z - info: Website regeneration complete! Total build time: 0.279s
2024-07-28T16:43:45.500Z - info: [12:43:45 am] Reload for file deletion: C:\repos\nus-cs2103\cs2103-website-base\book\diagrams\revisionControl\drcsVsCrcs\~$drcsDiagram.pptx
2024-07-28T16:43:45.504Z - info: Synchronizing opened pages list before reload
2024-07-28T16:43:45.505Z - info: Current opened pages, from most-to-least recent:
2024-07-28T16:43:45.507Z - info: 1. se-book-adapted/chapters/revisionControl
2024-07-28T16:43:50.049Z - info: [12:43:50 am] Reload for file deletion: C:\repos\nus-cs2103\cs2103-website-base\book\diagrams\revisionControl\drcsVsCrcs\~$crcsDiagram.pptx
2024-07-28T16:43:50.049Z - info: Synchronizing opened pages list before reload
2024-07-28T16:43:50.049Z - info: Current opened pages, from most-to-least recent:
2024-07-28T16:43:50.049Z - info: 1. se-book-adapted/chapters/revisionControl
2024-07-28T16:43:52.779Z - debug: Assets removed
2024-07-28T16:45:12.042Z - info: [12:45:12 am] Reload for file change: C:\repos\nus-cs2103\cs2103-website-base\book\gitAndGithub\branch\cli_1.md
2024-07-28T16:45:12.042Z - info: Synchronizing opened pages list before reload
2024-07-28T16:45:12.043Z - info: Current opened pages, from most-to-least recent:
2024-07-28T16:45:12.043Z - info: 1. se-book-adapted/chapters/revisionControl
2024-07-28T16:45:13.051Z - info: No pages needed to be rebuilt
2024-07-28T16:48:32.414Z - info: Website generation started at 12:48:20 am
2024-07-28T16:48:39.461Z - info: Building assets...
