2024-11-17T04:08:58.282Z - info: Website generation (lazy) started at 12:08:57
2024-11-17T04:08:58.578Z - warn: ENOENT: no such file or directory, open '/Users/damithch/Repos/nus-cs2103/cs2103-website-base/node_modules/.cache/gh-pages/https!github.com!nus-cs2103-AY2425S1!website.git/book/_markbind/variables.md'
2024-11-17T04:08:58.578Z - warn: ENOENT: no such file or directory, open '/Users/damithch/Repos/nus-cs2103/cs2103-website-base/node_modules/.cache/gh-pages/https!github.com!nus-cs2103-AY2425S1!website.git/_markbind/variables.md'
2024-11-17T04:08:58.596Z - info: Building assets...
2024-11-17T04:08:59.950Z - info: Assets built
2024-11-17T04:08:59.950Z - info: Generating landing page...
2024-11-17T04:09:00.384Z - info: Landing page built, other pages will be built as you navigate to them!
2024-11-17T04:09:00.447Z - info: Site data built
2024-11-17T04:09:00.447Z - info: Website generation (lazy) complete! Total build time: 3.032s
2024-11-17T04:09:00.457Z - info: Serving "/Users/damithch/Repos/nus-cs2103/cs2103-website-base/_site" at http://127.0.0.1:8080
2024-11-17T04:09:00.457Z - info: Press CTRL+C to stop ...
2024-11-17T04:09:04.681Z - info: Building /Users/damithch/Repos/nus-cs2103/cs2103-website-base/admin/tp-pe as some of its dependencies were changed since the last visit
2024-11-17T04:09:05.517Z - info: Site data built
2024-11-17T04:09:05.517Z - info: Lazy website regeneration complete! Total build time: 0.837s
2024-11-17T04:10:44.909Z - info: [12:10:44] Reload for file change: /Users/damithch/Repos/nus-cs2103/cs2103-website-base/admin/tp-pe-bug-triaging-guidelines-fragment.md
2024-11-17T04:10:44.915Z - info: Synchronizing opened pages list before reload
2024-11-17T04:10:44.917Z - info: Current opened pages, from most-to-least recent:
2024-11-17T04:10:44.917Z - info: 1. admin/tp-pe
2024-11-17T04:10:45.925Z - info: Rebuilding 1 pages
2024-11-17T04:10:46.566Z - info: Site data built
2024-11-17T04:10:46.566Z - info: Pages rebuilt
2024-11-17T04:10:46.566Z - info: Website regeneration complete! Total build time: 0.644s
2024-11-17T04:11:02.982Z - info: [12:11:02] Reload for file change: /Users/damithch/Repos/nus-cs2103/cs2103-website-base/admin/tp-pe-bug-triaging-guidelines-fragment.md
2024-11-17T04:11:02.982Z - info: Synchronizing opened pages list before reload
2024-11-17T04:11:02.983Z - info: Current opened pages, from most-to-least recent:
2024-11-17T04:11:02.983Z - info: 1. admin/tp-pe
2024-11-17T04:11:03.995Z - info: Rebuilding 1 pages
2024-11-17T04:11:04.603Z - info: Site data built
2024-11-17T04:11:04.604Z - info: Pages rebuilt
2024-11-17T04:11:04.604Z - info: Website regeneration complete! Total build time: 0.611s
2024-11-17T04:12:25.739Z - info: [12:12:25] Reload for file change: /Users/damithch/Repos/nus-cs2103/cs2103-website-base/admin/tp-pe-bug-triaging-guidelines-fragment.md
2024-11-17T04:12:25.742Z - info: Synchronizing opened pages list before reload
2024-11-17T04:12:25.743Z - info: Current opened pages, from most-to-least recent:
2024-11-17T04:12:25.743Z - info: 1. admin/tp-pe
2024-11-17T04:12:26.756Z - info: Rebuilding 1 pages
2024-11-17T04:12:27.382Z - info: Site data built
2024-11-17T04:12:27.382Z - info: Pages rebuilt
2024-11-17T04:12:27.382Z - info: Website regeneration complete! Total build time: 0.629s
2024-11-17T04:12:47.636Z - info: [12:12:47] Reload for file change: /Users/damithch/Repos/nus-cs2103/cs2103-website-base/admin/tp-pe-bug-triaging-guidelines-fragment.md
2024-11-17T04:12:47.636Z - info: Synchronizing opened pages list before reload
2024-11-17T04:12:47.636Z - info: Current opened pages, from most-to-least recent:
2024-11-17T04:12:47.636Z - info: 1. admin/tp-pe
2024-11-17T04:12:48.643Z - info: Rebuilding 1 pages
2024-11-17T04:12:49.260Z - info: Site data built
2024-11-17T04:12:49.260Z - info: Pages rebuilt
2024-11-17T04:12:49.260Z - info: Website regeneration complete! Total build time: 0.619s
2024-11-17T04:13:30.938Z - info: Building /Users/damithch/Repos/nus-cs2103/cs2103-website-base/schedule/week13/project as some of its dependencies were changed since the last visit
2024-11-17T04:13:32.634Z - info: Site data built
2024-11-17T04:13:32.634Z - info: Lazy website regeneration complete! Total build time: 1.697s
2024-11-17T04:16:47.297Z - info: [12:16:47] Reload for file change: /Users/damithch/Repos/nus-cs2103/cs2103-website-base/admin/tp-pe-fragment.md
2024-11-17T04:16:47.299Z - info: Synchronizing opened pages list before reload
2024-11-17T04:16:47.299Z - info: Current opened pages, from most-to-least recent:
2024-11-17T04:16:47.299Z - info: 1. schedule/week13/project
2024-11-17T04:16:48.322Z - info: Rebuilding 1 pages
2024-11-17T04:16:49.923Z - info: Site data built
2024-11-17T04:16:49.923Z - info: Pages rebuilt
2024-11-17T04:16:49.923Z - info: Website regeneration complete! Total build time: 1.604s
2024-11-17T04:17:03.803Z - info: Building /Users/damithch/Repos/nus-cs2103/cs2103-website-base/admin/tp-pe as some of its dependencies were changed since the last visit
2024-11-17T04:17:04.416Z - info: Site data built
2024-11-17T04:17:04.416Z - info: Lazy website regeneration complete! Total build time: 0.614s
2024-11-17T04:17:50.539Z - info: [12:17:50] Reload for file change: /Users/damithch/Repos/nus-cs2103/cs2103-website-base/admin/tp-pe-fragment.md
2024-11-17T04:17:50.539Z - info: Synchronizing opened pages list before reload
2024-11-17T04:17:50.540Z - info: Current opened pages, from most-to-least recent:
2024-11-17T04:17:50.540Z - info: 1. admin/tp-pe
2024-11-17T04:17:51.548Z - info: Rebuilding 1 pages
2024-11-17T04:17:52.172Z - info: Site data built
2024-11-17T04:17:52.172Z - info: Pages rebuilt
2024-11-17T04:17:52.172Z - info: Website regeneration complete! Total build time: 0.626s
2024-11-17T04:18:11.230Z - info: [12:18:11] Reload for file change: /Users/damithch/Repos/nus-cs2103/cs2103-website-base/admin/tp-pe-fragment.md
2024-11-17T04:18:11.231Z - info: Synchronizing opened pages list before reload
2024-11-17T04:18:11.231Z - info: Current opened pages, from most-to-least recent:
2024-11-17T04:18:11.231Z - info: 1. admin/tp-pe
2024-11-17T04:18:12.244Z - info: Rebuilding 1 pages
2024-11-17T04:18:12.868Z - info: Site data built
2024-11-17T04:18:12.868Z - info: Pages rebuilt
2024-11-17T04:18:12.868Z - info: Website regeneration complete! Total build time: 0.626s
2024-11-17T04:18:46.650Z - info: [12:18:46] Reload for file change: /Users/damithch/Repos/nus-cs2103/cs2103-website-base/admin/tp-pe-fragment.md
2024-11-17T04:18:46.651Z - info: Synchronizing opened pages list before reload
2024-11-17T04:18:46.651Z - info: Current opened pages, from most-to-least recent:
2024-11-17T04:18:46.651Z - info: 1. admin/tp-pe
2024-11-17T04:18:47.668Z - info: Rebuilding 1 pages
2024-11-17T04:18:48.065Z - error:  Error: No such segment '#additionalGuidelinesForBugTriaging' in file: /Users/damithch/Repos/nus-cs2103/cs2103-website-base/admin/tp-pe-fragment.md
Missing reference in /Users/damithch/Repos/nus-cs2103/cs2103-website-base/admin/tp-pe-fragment.md
    at processInclude (/opt/homebrew/lib/node_modules/markbind-cli/node_modules/@markbind/core/src/html/includePanelProcessor.js:238:27)
    at NodeProcessor.processNode (/opt/homebrew/lib/node_modules/markbind-cli/node_modules/@markbind/core/src/html/NodeProcessor.js:173:71)
    at NodeProcessor.traverse (/opt/homebrew/lib/node_modules/markbind-cli/node_modules/@markbind/core/src/html/NodeProcessor.js:342:24)
    at /opt/homebrew/lib/node_modules/markbind-cli/node_modules/@markbind/core/src/html/NodeProcessor.js:346:22
    at Array.forEach (<anonymous>)
    at NodeProcessor.traverse (/opt/homebrew/lib/node_modules/markbind-cli/node_modules/@markbind/core/src/html/NodeProcessor.js:345:27)
    at /opt/homebrew/lib/node_modules/markbind-cli/node_modules/@markbind/core/src/html/NodeProcessor.js:346:22
    at Array.forEach (<anonymous>)
    at NodeProcessor.traverse (/opt/homebrew/lib/node_modules/markbind-cli/node_modules/@markbind/core/src/html/NodeProcessor.js:345:27)
    at /opt/homebrew/lib/node_modules/markbind-cli/node_modules/@markbind/core/src/html/NodeProcessor.js:346:22
    at Array.forEach (<anonymous>)
    at NodeProcessor.traverse (/opt/homebrew/lib/node_modules/markbind-cli/node_modules/@markbind/core/src/html/NodeProcessor.js:345:27)
    at /opt/homebrew/lib/node_modules/markbind-cli/node_modules/@markbind/core/src/html/NodeProcessor.js:346:22
    at Array.forEach (<anonymous>)
    at NodeProcessor.traverse (/opt/homebrew/lib/node_modules/markbind-cli/node_modules/@markbind/core/src/html/NodeProcessor.js:345:27)
    at /opt/homebrew/lib/node_modules/markbind-cli/node_modules/@markbind/core/src/html/NodeProcessor.js:346:22
2024-11-17T04:18:48.279Z - info: Site data built
2024-11-17T04:18:48.280Z - info: Pages rebuilt
2024-11-17T04:18:48.280Z - info: Website regeneration complete! Total build time: 0.614s
2024-11-17T04:21:24.798Z - info: [12:21:24] Reload for file change: /Users/damithch/Repos/nus-cs2103/cs2103-website-base/admin/tp-pe-fragment.md
2024-11-17T04:21:24.800Z - info: Synchronizing opened pages list before reload
2024-11-17T04:21:24.800Z - info: Current opened pages, from most-to-least recent:
2024-11-17T04:21:24.800Z - info: 1. admin/tp-pe
2024-11-17T04:21:25.815Z - info: Rebuilding 1 pages
2024-11-17T04:21:26.435Z - info: Site data built
2024-11-17T04:21:26.435Z - info: Pages rebuilt
2024-11-17T04:21:26.435Z - info: Website regeneration complete! Total build time: 0.623s
2024-11-17T04:26:05.675Z - info: [12:26:05] Reload for file change: /Users/damithch/Repos/nus-cs2103/cs2103-website-base/admin/tp-pe-fragment.md
2024-11-17T04:26:05.677Z - info: Synchronizing opened pages list before reload
2024-11-17T04:26:05.677Z - info: Current opened pages, from most-to-least recent:
2024-11-17T04:26:05.677Z - info: 1. admin/tp-pe
2024-11-17T04:26:06.684Z - info: Rebuilding 1 pages
2024-11-17T04:26:07.334Z - info: Site data built
2024-11-17T04:26:07.334Z - info: Pages rebuilt
2024-11-17T04:26:07.334Z - info: Website regeneration complete! Total build time: 0.653s
2024-11-17T04:27:53.849Z - info: Website generation started at 12:27:53
2024-11-17T04:27:54.104Z - warn: ENOENT: no such file or directory, open '/Users/damithch/Repos/nus-cs2103/cs2103-website-base/node_modules/.cache/gh-pages/https!github.com!nus-cs2103-AY2425S1!website.git/book/_markbind/variables.md'
2024-11-17T04:27:54.105Z - warn: ENOENT: no such file or directory, open '/Users/damithch/Repos/nus-cs2103/cs2103-website-base/node_modules/.cache/gh-pages/https!github.com!nus-cs2103-AY2425S1!website.git/_markbind/variables.md'
2024-11-17T04:27:54.123Z - info: Building assets...
2024-11-17T04:27:55.602Z - info: Assets built
2024-11-17T04:27:55.603Z - info: Generating pages...
2024-11-17T04:28:00.950Z - debug:  
2024-11-17T04:28:00.950Z - debug:  
2024-11-17T04:28:00.951Z - debug:  
2024-11-17T04:28:00.951Z - debug: 2024-11-17 12:27:58.549 java[22502:5419851] +[IMKClient subclass]: chose IMKClient_Modern
2024-11-17 12:27:58.549 java[22502:5419851] +[IMKInputSession subclass]: chose IMKInputSession_Modern

2024-11-17T04:28:01.004Z - debug:  
2024-11-17T04:28:01.004Z - debug:  
2024-11-17T04:28:01.571Z - debug:  
2024-11-17T04:28:01.571Z - debug:  
2024-11-17T04:28:01.571Z - debug:  
2024-11-17T04:28:01.571Z - debug:  
2024-11-17T04:28:01.571Z - debug:  
2024-11-17T04:28:01.571Z - debug:  
2024-11-17T04:28:01.571Z - debug:  
2024-11-17T04:28:01.571Z - debug:  
2024-11-17T04:28:01.571Z - debug:  
2024-11-17T04:28:01.572Z - debug:  
2024-11-17T04:28:01.994Z - debug: 2024-11-17 12:28:01.270 java[22537:5420651] +[IMKClient subclass]: chose IMKClient_Modern
2024-11-17 12:28:01.270 java[22537:5420651] +[IMKInputSession subclass]: chose IMKInputSession_Modern

2024-11-17T04:28:09.685Z - debug: 2024-11-17 12:28:09.252 java[22571:5421287] +[IMKClient subclass]: chose IMKClient_Modern
2024-11-17 12:28:09.252 java[22571:5421287] +[IMKInputSession subclass]: chose IMKInputSession_Modern

2024-11-17T04:28:51.289Z - debug: 2024-11-17 12:28:49.060 java[22614:5422627] +[IMKClient subclass]: chose IMKClient_Modern
2024-11-17 12:28:49.060 java[22614:5422627] +[IMKInputSession subclass]: chose IMKInputSession_Modern

2024-11-17T04:29:01.970Z - debug: 2024-11-17 12:29:01.283 java[22622:5423050] +[IMKClient subclass]: chose IMKClient_Modern
2024-11-17 12:29:01.283 java[22622:5423050] +[IMKInputSession subclass]: chose IMKInputSession_Modern

2024-11-17T04:29:02.121Z - debug:  
2024-11-17T04:29:08.845Z - info: Pages built
2024-11-17T04:29:08.915Z - info: Site data built
2024-11-17T04:29:08.915Z - info: Website generation complete! Total build time: 75.686s
2024-11-17T04:29:08.915Z - info: Build success!
2024-11-17T04:29:29.958Z - info: The website has been deployed at: https://nus-cs2103-ay2425s1.github.io/website
2024-11-17T07:27:53.489Z - info: Website generation (lazy) started at 15:27:52
2024-11-17T07:27:53.798Z - warn: ENOENT: no such file or directory, open '/Users/damithch/Repos/nus-cs2103/cs2103-website-base/node_modules/.cache/gh-pages/https!github.com!nus-cs2103-AY2425S1!website.git/book/_markbind/variables.md'
2024-11-17T07:27:53.799Z - warn: ENOENT: no such file or directory, open '/Users/damithch/Repos/nus-cs2103/cs2103-website-base/node_modules/.cache/gh-pages/https!github.com!nus-cs2103-AY2425S1!website.git/_markbind/variables.md'
2024-11-17T07:27:53.818Z - info: Building assets...
2024-11-17T07:27:55.183Z - info: Assets built
2024-11-17T07:27:55.183Z - info: Generating landing page...
2024-11-17T07:27:55.615Z - info: Landing page built, other pages will be built as you navigate to them!
2024-11-17T07:27:55.674Z - info: Site data built
2024-11-17T07:27:55.675Z - info: Website generation (lazy) complete! Total build time: 2.962s
2024-11-17T07:27:55.683Z - info: Serving "/Users/damithch/Repos/nus-cs2103/cs2103-website-base/_site" at http://127.0.0.1:8080
2024-11-17T07:27:55.683Z - info: Press CTRL+C to stop ...
2024-11-17T07:28:00.866Z - info: Building /Users/damithch/Repos/nus-cs2103/cs2103-website-base/admin/tp-pe as some of its dependencies were changed since the last visit
2024-11-17T07:28:01.649Z - info: Site data built
2024-11-17T07:28:01.649Z - info: Lazy website regeneration complete! Total build time: 0.783s
2024-11-17T07:29:00.635Z - info: [15:29:00] Reload for file change: /Users/damithch/Repos/nus-cs2103/cs2103-website-base/admin/faq-fragment.md
2024-11-17T07:29:00.637Z - info: Synchronizing opened pages list before reload
2024-11-17T07:29:00.638Z - info: Current opened pages, from most-to-least recent:
2024-11-17T07:29:00.639Z - info: 1. admin/tp-pe
2024-11-17T07:29:01.651Z - info: Rebuilding 1 pages
2024-11-17T07:29:02.300Z - info: Site data built
2024-11-17T07:29:02.300Z - info: Pages rebuilt
2024-11-17T07:29:02.300Z - info: Website regeneration complete! Total build time: 0.655s
2024-11-17T07:29:08.555Z - info: Website generation started at 15:29:07
2024-11-17T07:29:08.821Z - warn: ENOENT: no such file or directory, open '/Users/damithch/Repos/nus-cs2103/cs2103-website-base/node_modules/.cache/gh-pages/https!github.com!nus-cs2103-AY2425S1!website.git/book/_markbind/variables.md'
2024-11-17T07:29:08.821Z - warn: ENOENT: no such file or directory, open '/Users/damithch/Repos/nus-cs2103/cs2103-website-base/node_modules/.cache/gh-pages/https!github.com!nus-cs2103-AY2425S1!website.git/_markbind/variables.md'
2024-11-17T07:29:08.841Z - info: Building assets...
2024-11-17T07:29:10.245Z - info: Assets built
2024-11-17T07:29:10.245Z - info: Generating pages...
2024-11-17T07:29:15.183Z - debug:  
2024-11-17T07:29:15.183Z - debug:  
2024-11-17T07:29:15.183Z - debug:  
2024-11-17T07:29:15.183Z - debug:  
2024-11-17T07:29:15.183Z - debug:  
2024-11-17T07:29:15.183Z - debug:  
2024-11-17T07:29:15.183Z - debug:  
2024-11-17T07:29:15.184Z - debug:  
2024-11-17T07:29:15.184Z - debug:  
2024-11-17T07:29:15.458Z - debug: 2024-11-17 15:29:12.181 java[31555:5659796] +[IMKClient subclass]: chose IMKClient_Modern
2024-11-17 15:29:12.181 java[31555:5659796] +[IMKInputSession subclass]: chose IMKInputSession_Modern

2024-11-17T07:29:15.458Z - debug:  
2024-11-17T07:29:15.458Z - debug:  
2024-11-17T07:29:15.458Z - debug:  
2024-11-17T07:29:15.458Z - debug:  
2024-11-17T07:29:15.458Z - debug: 2024-11-17 15:29:13.246 java[31585:5660079] +[IMKClient subclass]: chose IMKClient_Modern
2024-11-17 15:29:13.246 java[31585:5660079] +[IMKInputSession subclass]: chose IMKInputSession_Modern

2024-11-17T07:29:15.458Z - debug:  
2024-11-17T07:29:16.469Z - debug: 2024-11-17 15:29:15.748 java[31620:5660828] +[IMKClient subclass]: chose IMKClient_Modern
2024-11-17 15:29:15.748 java[31620:5660828] +[IMKInputSession subclass]: chose IMKInputSession_Modern

2024-11-17T07:29:24.031Z - debug: 2024-11-17 15:29:23.592 java[31645:5661167] +[IMKClient subclass]: chose IMKClient_Modern
2024-11-17 15:29:23.592 java[31645:5661167] +[IMKInputSession subclass]: chose IMKInputSession_Modern

2024-11-17T07:30:05.829Z - debug: 2024-11-17 15:30:03.547 java[31693:5662538] +[IMKClient subclass]: chose IMKClient_Modern
2024-11-17 15:30:03.547 java[31693:5662538] +[IMKInputSession subclass]: chose IMKInputSession_Modern

2024-11-17T07:30:15.443Z - debug: 2024-11-17 15:30:14.754 java[31709:5662875] +[IMKClient subclass]: chose IMKClient_Modern
2024-11-17 15:30:14.754 java[31709:5662875] +[IMKInputSession subclass]: chose IMKInputSession_Modern

2024-11-17T07:30:15.545Z - debug:  
2024-11-17T07:30:22.184Z - info: Pages built
2024-11-17T07:30:22.255Z - info: Site data built
2024-11-17T07:30:22.255Z - info: Website generation complete! Total build time: 74.299s
2024-11-17T07:30:22.255Z - info: Build success!
2024-11-17T07:30:42.739Z - info: The website has been deployed at: https://nus-cs2103-ay2425s1.github.io/website
