2024-10-23T11:52:59.721Z - info: Website generation started at 19:52:58
2024-10-23T11:52:59.992Z - warn: ENOENT: no such file or directory, open '/Users/damithch/Repos/nus-cs2103/cs2103-website-base/node_modules/.cache/gh-pages/https!github.com!nus-cs2103-AY2425S1!website.git/book/_markbind/variables.md'
2024-10-23T11:52:59.992Z - warn: ENOENT: no such file or directory, open '/Users/damithch/Repos/nus-cs2103/cs2103-website-base/node_modules/.cache/gh-pages/https!github.com!nus-cs2103-AY2425S1!website.git/_markbind/variables.md'
2024-10-23T11:53:00.011Z - info: Building assets...
2024-10-23T11:53:01.425Z - info: Assets built
2024-10-23T11:53:01.426Z - info: Generating pages...
2024-10-23T11:53:05.133Z - debug:  
2024-10-23T11:53:05.349Z - debug:  
2024-10-23T11:53:05.452Z - debug:  
2024-10-23T11:53:05.630Z - debug:  
2024-10-23T11:53:05.659Z - debug:  
2024-10-23T11:53:05.788Z - debug:  
2024-10-23T11:53:05.806Z - debug:  
2024-10-23T11:53:05.837Z - debug:  
2024-10-23T11:53:05.853Z - debug:  
2024-10-23T11:53:05.855Z - debug:  
2024-10-23T11:53:05.864Z - debug:  
2024-10-23T11:53:05.884Z - debug:  
2024-10-23T11:53:08.038Z - debug:  
2024-10-23T11:53:08.040Z - debug:  
2024-10-23T11:53:09.417Z - debug:  
2024-10-23T11:53:14.164Z - debug:  
2024-10-23T11:53:16.227Z - debug:  
2024-10-23T11:53:20.006Z - debug:  
2024-10-23T11:53:35.384Z - info: Pages built
2024-10-23T11:53:35.447Z - info: Site data built
2024-10-23T11:53:35.447Z - info: Website generation complete! Total build time: 36.6s
2024-10-23T11:53:35.447Z - info: Build success!
2024-10-23T11:53:53.842Z - info: The website has been deployed at: https://nus-tee3201.github.io/2024
