2024-07-31T12:07:10.542Z - info: Website generation (lazy) started at 8:07:03 pm
2024-07-31T12:07:22.769Z - warn: ENOENT: no such file or directory, open 'C:\repos\nus-cs2103\cs2103-website-base\cache\gh-pages\https!github.com!nus-cs2113-AY2425S1!website.git\book\_markbind\variables.md'
2024-07-31T12:07:22.770Z - warn: ENOENT: no such file or directory, open 'C:\repos\nus-cs2103\cs2103-website-base\cache\gh-pages\https!github.com!nus-cs2113-AY2425S1!website.git\_markbind\variables.md'
2024-07-31T12:07:22.841Z - info: Building assets...
2024-07-31T12:08:12.036Z - info: Assets built
2024-07-31T12:08:12.038Z - info: Generating landing page...
2024-07-31T12:08:12.818Z - info: Landing page built, other pages will be built as you navigate to them!
2024-07-31T12:08:14.035Z - info: Site data built
2024-07-31T12:08:14.035Z - info: Website generation (lazy) complete! Total build time: 70.398s
2024-07-31T12:08:15.112Z - info: Serving "C:\repos\nus-cs2103\cs2103-website-base\_site" at http://127.0.0.1:54314
2024-07-31T12:08:15.113Z - info: Press CTRL+C to stop ...
2024-07-31T12:08:37.245Z - info: Building C:\repos\nus-cs2103\cs2103-website-base\admin\tutorials as some of its dependencies were changed since the last visit
2024-07-31T12:08:39.739Z - info: Site data built
2024-07-31T12:08:39.739Z - info: Lazy website regeneration complete! Total build time: 2.495s
2024-07-31T12:11:50.230Z - info: [8:11:50 pm] Reload for file change: C:\repos\nus-cs2103\cs2103-website-base\_course-CS2113\timetables-fragment.md
2024-07-31T12:11:50.232Z - info: Synchronizing opened pages list before reload
2024-07-31T12:11:50.232Z - info: Current opened pages, from most-to-least recent:
2024-07-31T12:11:50.233Z - info: 1. admin/tutorials
2024-07-31T12:11:51.243Z - info: Rebuilding 1 pages
2024-07-31T12:11:51.690Z - info: Site data built
2024-07-31T12:11:51.691Z - info: Pages rebuilt
2024-07-31T12:11:51.692Z - info: Website regeneration complete! Total build time: 0.449s
2024-07-31T12:13:34.679Z - info: [8:13:34 pm] Reload for file change: C:\repos\nus-cs2103\cs2103-website-base\admin\tutorials.md
2024-07-31T12:13:34.680Z - info: Synchronizing opened pages list before reload
2024-07-31T12:13:34.681Z - info: Current opened pages, from most-to-least recent:
2024-07-31T12:13:34.681Z - info: 1. admin/tutorials
2024-07-31T12:13:35.692Z - info: Rebuilding 1 pages
2024-07-31T12:13:36.051Z - info: Site data built
2024-07-31T12:13:36.052Z - info: Pages rebuilt
2024-07-31T12:13:36.052Z - info: Website regeneration complete! Total build time: 0.363s
2024-07-31T12:14:48.514Z - info: Website generation (lazy) started at 8:14:33 pm
2024-07-31T12:15:01.381Z - warn: ENOENT: no such file or directory, open 'C:\repos\nus-cs2103\cs2103-website-base\cache\gh-pages\https!github.com!nus-cs2113-AY2425S1!website.git\book\_markbind\variables.md'
2024-07-31T12:15:01.383Z - warn: ENOENT: no such file or directory, open 'C:\repos\nus-cs2103\cs2103-website-base\cache\gh-pages\https!github.com!nus-cs2113-AY2425S1!website.git\_markbind\variables.md'
2024-07-31T12:15:01.447Z - info: Building assets...
2024-07-31T12:15:49.283Z - info: Assets built
2024-07-31T12:15:49.284Z - info: Generating landing page...
2024-07-31T12:15:50.163Z - info: Landing page built, other pages will be built as you navigate to them!
2024-07-31T12:15:51.448Z - info: Site data built
2024-07-31T12:15:51.449Z - info: Website generation (lazy) complete! Total build time: 77.9s
2024-07-31T12:15:51.493Z - info: Serving "C:\repos\nus-cs2103\cs2103-website-base\_site" at http://127.0.0.1:8080
2024-07-31T12:15:51.493Z - info: Press CTRL+C to stop ...
2024-07-31T12:16:15.867Z - info: Building C:\repos\nus-cs2103\cs2103-website-base\admin\tutorials as some of its dependencies were changed since the last visit
2024-07-31T12:16:18.429Z - info: Site data built
2024-07-31T12:16:18.430Z - info: Lazy website regeneration complete! Total build time: 2.563s
2024-07-31T12:18:34.626Z - info: Website generation started at 8:18:21 pm
2024-07-31T12:18:42.972Z - info: Building assets...
