2024-09-24T14:44:42.106Z - info: Website generation (lazy) started at 10:43:38 pm
2024-09-24T14:45:15.659Z - warn: ENOENT: no such file or directory, open 'C:\repos\nus-cs2103\cs2103-website-base\cache\gh-pages\https!github.com!nus-cs2103-AY2425S1!website.git\book\_markbind\variables.md'
2024-09-24T14:45:15.662Z - warn: ENOENT: no such file or directory, open 'C:\repos\nus-cs2103\cs2103-website-base\cache\gh-pages\https!github.com!nus-cs2103-AY2425S1!website.git\_markbind\variables.md'
2024-09-24T14:45:15.664Z - warn: ENOENT: no such file or directory, open 'C:\repos\nus-cs2103\cs2103-website-base\node_modules\.cache\gh-pages\https!github.com!nus-cs2103-AY2425S1!website.git\book\_markbind\variables.md'
2024-09-24T14:45:15.666Z - warn: ENOENT: no such file or directory, open 'C:\repos\nus-cs2103\cs2103-website-base\node_modules\.cache\gh-pages\https!github.com!nus-cs2103-AY2425S1!website.git\cache\gh-pages\https!github.com!nus-cs2103-AY2425S1!website.git\book\_markbind\variables.md'
2024-09-24T14:45:15.667Z - warn: ENOENT: no such file or directory, open 'C:\repos\nus-cs2103\cs2103-website-base\node_modules\.cache\gh-pages\https!github.com!nus-cs2103-AY2425S1!website.git\cache\gh-pages\https!github.com!nus-cs2103-AY2425S1!website.git\_markbind\variables.md'
2024-09-24T14:45:15.669Z - warn: ENOENT: no such file or directory, open 'C:\repos\nus-cs2103\cs2103-website-base\node_modules\.cache\gh-pages\https!github.com!nus-cs2103-AY2425S1!website.git\_markbind\variables.md'
2024-09-24T14:45:15.819Z - info: Building assets...
2024-09-24T14:49:22.536Z - info: Assets built
2024-09-24T14:49:22.540Z - info: Generating landing page...
2024-09-24T14:49:25.716Z - info: Landing page built, other pages will be built as you navigate to them!
2024-09-24T14:49:28.035Z - info: Site data built
2024-09-24T14:49:28.037Z - info: Website generation (lazy) complete! Total build time: 349.544s
2024-09-24T14:49:28.813Z - info: Serving "C:\repos\nus-cs2103\cs2103-website-base\_site" at http://127.0.0.1:8080
2024-09-24T14:49:28.813Z - info: Press CTRL+C to stop ...
2024-09-24T14:50:16.495Z - info: Building C:\repos\nus-cs2103\cs2103-website-base\schedule\week7\project as some of its dependencies were changed since the last visit
2024-09-24T14:50:19.712Z - info: Site data built
2024-09-24T14:50:19.713Z - info: Lazy website regeneration complete! Total build time: 3.217s
2024-09-24T14:51:22.828Z - info: Building C:\repos\nus-cs2103\cs2103-website-base\schedule\week7\index as some of its dependencies were changed since the last visit
2024-09-24T14:51:24.366Z - info: Site data built
2024-09-24T14:51:24.367Z - info: Lazy website regeneration complete! Total build time: 1.54s
2024-09-24T14:53:17.150Z - info: Website generation started at 10:52:31 pm
2024-09-24T14:53:33.578Z - warn: ENOENT: no such file or directory, open 'C:\repos\nus-cs2103\cs2103-website-base\node_modules\.cache\gh-pages\https!github.com!nus-cs2103-AY2425S1!website.git\book\_markbind\variables.md'
2024-09-24T14:53:33.580Z - warn: ENOENT: no such file or directory, open 'C:\repos\nus-cs2103\cs2103-website-base\node_modules\.cache\gh-pages\https!github.com!nus-cs2103-AY2425S1!website.git\cache\gh-pages\https!github.com!nus-cs2103-AY2425S1!website.git\book\_markbind\variables.md'
2024-09-24T14:53:33.583Z - warn: ENOENT: no such file or directory, open 'C:\repos\nus-cs2103\cs2103-website-base\node_modules\.cache\gh-pages\https!github.com!nus-cs2103-AY2425S1!website.git\cache\gh-pages\https!github.com!nus-cs2103-AY2425S1!website.git\_markbind\variables.md'
2024-09-24T14:53:33.585Z - warn: ENOENT: no such file or directory, open 'C:\repos\nus-cs2103\cs2103-website-base\node_modules\.cache\gh-pages\https!github.com!nus-cs2103-AY2425S1!website.git\_markbind\variables.md'
2024-09-24T14:53:33.686Z - info: Building assets...
2024-09-24T14:54:41.233Z - info: Assets built
2024-09-24T14:54:41.234Z - info: Generating pages...
2024-09-24T14:55:05.184Z - debug:  
2024-09-24T14:55:05.186Z - debug:  
2024-09-24T14:55:05.196Z - debug:  
2024-09-24T14:55:05.210Z - debug:  
2024-09-24T14:55:05.239Z - debug:  
2024-09-24T14:55:05.247Z - debug:  
2024-09-24T14:55:05.248Z - debug:  
2024-09-24T14:55:05.281Z - debug:  
2024-09-24T14:55:05.281Z - debug:  
2024-09-24T14:55:05.323Z - debug:  
2024-09-24T14:55:05.329Z - debug:  
2024-09-24T14:55:05.356Z - debug:  
2024-09-24T14:55:05.356Z - debug:  
2024-09-24T14:55:05.367Z - debug:  
2024-09-24T14:55:05.377Z - debug:  
2024-09-24T14:55:08.354Z - debug:  
2024-09-24T14:55:08.354Z - debug:  
2024-09-24T14:55:44.202Z - debug:  
2024-09-24T14:58:16.878Z - debug:  
2024-09-24T14:58:38.494Z - debug:  
2024-09-24T14:58:38.518Z - debug:  
2024-09-24T14:58:55.508Z - info: Pages built
2024-09-24T14:58:56.931Z - info: Site data built
2024-09-24T14:58:56.932Z - info: Website generation complete! Total build time: 385.425s
2024-09-24T14:58:56.932Z - info: Build success!
2024-09-24T15:02:50.330Z - info: The website has been deployed at: https://nus-cs2103-ay2425s1.github.io/website
