2024-09-16T16:00:07.365Z - info: Assets built
2024-09-16T16:00:43.806Z - info: [12:00:43 am] Reload for file change: C:\repos\nus-cs2103\cs2103-website-base\book\intellij\debuggingBasic\text.md
2024-09-16T16:00:43.806Z - info: Synchronizing opened pages list before reload
2024-09-16T16:00:43.807Z - info: Current opened pages, from most-to-least recent:
2024-09-16T16:00:43.808Z - info: 1. schedule/week6/topics
2024-09-16T16:00:43.836Z - info: [12:00:43 am] Reload for file change: C:\repos\nus-cs2103\cs2103-website-base\book\intellij\debuggingBasic\resources.md
2024-09-16T16:00:43.836Z - info: Synchronizing opened pages list before reload
2024-09-16T16:00:43.837Z - info: Current opened pages, from most-to-least recent:
2024-09-16T16:00:43.837Z - info: 1. schedule/week6/topics
2024-09-16T16:00:44.819Z - info: Rebuilding 1 pages
2024-09-16T16:00:46.212Z - info: Assets built
2024-09-16T16:00:46.836Z - info: Site data built
2024-09-16T16:00:46.837Z - info: Pages rebuilt
2024-09-16T16:00:46.837Z - info: Website regeneration complete! Total build time: 2.021s
2024-09-16T16:04:28.795Z - info: [12:04:28 am] Reload for file change: C:\repos\nus-cs2103\cs2103-website-base\schedule\week6\tutorial-cs2103-fragment.md
2024-09-16T16:04:28.798Z - info: Synchronizing opened pages list before reload
2024-09-16T16:04:28.800Z - info: Current opened pages, from most-to-least recent:
2024-09-16T16:04:28.801Z - info: 1. schedule/week6/tutorial
2024-09-16T16:04:29.818Z - info: Rebuilding 1 pages
2024-09-16T16:04:30.612Z - info: Site data built
2024-09-16T16:04:30.613Z - info: Pages rebuilt
2024-09-16T16:04:30.613Z - info: Website regeneration complete! Total build time: 0.797s
2024-09-16T16:05:21.770Z - info: [12:05:21 am] Reload for file change: C:\repos\nus-cs2103\cs2103-website-base\schedule\week6\tutorial-cs2103-fragment.md
2024-09-16T16:05:21.771Z - info: Synchronizing opened pages list before reload
2024-09-16T16:05:21.771Z - info: Current opened pages, from most-to-least recent:
2024-09-16T16:05:21.771Z - info: 1. schedule/week6/tutorial
2024-09-16T16:05:22.788Z - info: Rebuilding 1 pages
2024-09-16T16:05:23.363Z - info: Site data built
2024-09-16T16:05:23.363Z - info: Pages rebuilt
2024-09-16T16:05:23.364Z - info: Website regeneration complete! Total build time: 0.578s
2024-09-16T16:05:33.363Z - info: [12:05:33 am] Reload for file change: C:\repos\nus-cs2103\cs2103-website-base\schedule\week6\tutorial-cs2103-fragment.md
2024-09-16T16:05:33.364Z - info: Synchronizing opened pages list before reload
2024-09-16T16:05:33.364Z - info: Current opened pages, from most-to-least recent:
2024-09-16T16:05:33.364Z - info: 1. schedule/week6/tutorial
2024-09-16T16:05:34.379Z - info: Rebuilding 1 pages
2024-09-16T16:05:34.783Z - info: Site data built
2024-09-16T16:05:34.784Z - info: Pages rebuilt
2024-09-16T16:05:34.784Z - info: Website regeneration complete! Total build time: 0.406s
2024-09-16T16:06:46.850Z - info: [12:06:46 am] Reload for file change: C:\repos\nus-cs2103\cs2103-website-base\schedule\week6\tutorial-cs2103-fragment.md
2024-09-16T16:06:46.850Z - info: Synchronizing opened pages list before reload
2024-09-16T16:06:46.851Z - info: Current opened pages, from most-to-least recent:
2024-09-16T16:06:46.851Z - info: 1. schedule/week6/tutorial
2024-09-16T16:06:47.856Z - info: Rebuilding 1 pages
2024-09-16T16:06:48.238Z - error:  Error: No such segment '#main' in file: C:\repos\nus-cs2103\cs2103-website-base\book\intellij\debuggingBasic\text.md
Missing reference in C:\repos\nus-cs2103\cs2103-website-base\schedule\week6\tutorial-cs2103-fragment.md
    at processInclude (C:\Users\dcsdcr\AppData\Roaming\npm\node_modules\markbind-cli\node_modules\@markbind\core\src\html\includePanelProcessor.js:238:27)
    at NodeProcessor.processNode (C:\Users\dcsdcr\AppData\Roaming\npm\node_modules\markbind-cli\node_modules\@markbind\core\src\html\NodeProcessor.js:173:71)
    at NodeProcessor.traverse (C:\Users\dcsdcr\AppData\Roaming\npm\node_modules\markbind-cli\node_modules\@markbind\core\src\html\NodeProcessor.js:342:24)
    at C:\Users\dcsdcr\AppData\Roaming\npm\node_modules\markbind-cli\node_modules\@markbind\core\src\html\NodeProcessor.js:346:22
    at Array.forEach (<anonymous>)
    at NodeProcessor.traverse (C:\Users\dcsdcr\AppData\Roaming\npm\node_modules\markbind-cli\node_modules\@markbind\core\src\html\NodeProcessor.js:345:27)
    at C:\Users\dcsdcr\AppData\Roaming\npm\node_modules\markbind-cli\node_modules\@markbind\core\src\html\NodeProcessor.js:346:22
    at Array.forEach (<anonymous>)
    at NodeProcessor.traverse (C:\Users\dcsdcr\AppData\Roaming\npm\node_modules\markbind-cli\node_modules\@markbind\core\src\html\NodeProcessor.js:345:27)
    at C:\Users\dcsdcr\AppData\Roaming\npm\node_modules\markbind-cli\node_modules\@markbind\core\src\html\NodeProcessor.js:346:22
    at Array.forEach (<anonymous>)
    at NodeProcessor.traverse (C:\Users\dcsdcr\AppData\Roaming\npm\node_modules\markbind-cli\node_modules\@markbind\core\src\html\NodeProcessor.js:345:27)
    at C:\Users\dcsdcr\AppData\Roaming\npm\node_modules\markbind-cli\node_modules\@markbind\core\src\html\NodeProcessor.js:346:22
    at Array.forEach (<anonymous>)
    at NodeProcessor.traverse (C:\Users\dcsdcr\AppData\Roaming\npm\node_modules\markbind-cli\node_modules\@markbind\core\src\html\NodeProcessor.js:345:27)
    at C:\Users\dcsdcr\AppData\Roaming\npm\node_modules\markbind-cli\node_modules\@markbind\core\src\html\NodeProcessor.js:346:22
2024-09-16T16:06:48.492Z - info: Site data built
2024-09-16T16:06:48.493Z - info: Pages rebuilt
2024-09-16T16:06:48.495Z - info: Website regeneration complete! Total build time: 0.638s
2024-09-16T16:07:21.998Z - info: [12:07:21 am] Reload for file change: C:\repos\nus-cs2103\cs2103-website-base\schedule\week6\tutorial-cs2103-fragment.md
2024-09-16T16:07:21.999Z - info: Synchronizing opened pages list before reload
2024-09-16T16:07:22.000Z - info: Current opened pages, from most-to-least recent:
2024-09-16T16:07:22.000Z - info: 1. schedule/week6/tutorial
2024-09-16T16:07:23.015Z - info: Rebuilding 1 pages
2024-09-16T16:07:23.579Z - info: Site data built
2024-09-16T16:07:23.580Z - info: Pages rebuilt
2024-09-16T16:07:23.580Z - info: Website regeneration complete! Total build time: 0.566s
2024-09-16T16:10:24.462Z - info: [12:10:24 am] Reload for file change: C:\repos\nus-cs2103\cs2103-website-base\schedule\week6\tutorial-cs2103-fragment.md
2024-09-16T16:10:24.463Z - info: Synchronizing opened pages list before reload
2024-09-16T16:10:24.464Z - info: Current opened pages, from most-to-least recent:
2024-09-16T16:10:24.464Z - info: 1. schedule/week6/tutorial
2024-09-16T16:10:24.499Z - info: [12:10:24 am] Reload for file change: C:\repos\nus-cs2103\cs2103-website-base\book\intellij\debuggingBasic\text.md
2024-09-16T16:10:24.500Z - info: Synchronizing opened pages list before reload
2024-09-16T16:10:24.500Z - info: Current opened pages, from most-to-least recent:
2024-09-16T16:10:24.500Z - info: 1. schedule/week6/tutorial
2024-09-16T16:10:25.477Z - info: Rebuilding 1 pages
2024-09-16T16:10:26.004Z - info: Site data built
2024-09-16T16:10:26.005Z - info: Pages rebuilt
2024-09-16T16:10:26.005Z - info: Website regeneration complete! Total build time: 0.529s
2024-09-16T16:12:04.613Z - info: [12:12:04 am] Reload for file change: C:\repos\nus-cs2103\cs2103-website-base\schedule\week6\tutorial-cs2103-fragment.md
2024-09-16T16:12:04.614Z - info: Synchronizing opened pages list before reload
2024-09-16T16:12:04.615Z - info: Current opened pages, from most-to-least recent:
2024-09-16T16:12:04.616Z - info: 1. schedule/week6/tutorial
2024-09-16T16:12:05.631Z - info: Rebuilding 1 pages
2024-09-16T16:12:06.050Z - info: Site data built
2024-09-16T16:12:06.050Z - info: Pages rebuilt
2024-09-16T16:12:06.050Z - info: Website regeneration complete! Total build time: 0.421s
2024-09-16T16:14:31.060Z - info: [12:14:31 am] Reload for file change: C:\repos\nus-cs2103\cs2103-website-base\schedule\week6\tutorial-cs2103-fragment.md
2024-09-16T16:14:31.061Z - info: Synchronizing opened pages list before reload
2024-09-16T16:14:31.061Z - info: Current opened pages, from most-to-least recent:
2024-09-16T16:14:31.062Z - info: 1. schedule/week6/tutorial
2024-09-16T16:14:31.092Z - info: [12:14:31 am] Reload for file change: C:\repos\nus-cs2103\cs2103-website-base\book\intellij\debuggingBasic\resources.md
2024-09-16T16:14:31.092Z - info: Synchronizing opened pages list before reload
2024-09-16T16:14:31.092Z - info: Current opened pages, from most-to-least recent:
2024-09-16T16:14:31.093Z - info: 1. schedule/week6/tutorial
2024-09-16T16:14:32.079Z - info: Rebuilding 1 pages
2024-09-16T16:14:32.616Z - info: Site data built
2024-09-16T16:14:32.617Z - info: Pages rebuilt
2024-09-16T16:14:32.617Z - info: Website regeneration complete! Total build time: 0.539s
2024-09-16T16:15:00.547Z - info: [12:15:00 am] Reload for file change: C:\repos\nus-cs2103\cs2103-website-base\schedule\week6\tutorial-cs2103-fragment.md
2024-09-16T16:15:00.548Z - info: Synchronizing opened pages list before reload
2024-09-16T16:15:00.548Z - info: Current opened pages, from most-to-least recent:
2024-09-16T16:15:00.549Z - info: 1. schedule/week6/tutorial
2024-09-16T16:15:00.585Z - info: [12:15:00 am] Reload for file change: C:\repos\nus-cs2103\cs2103-website-base\book\intellij\debuggingBasic\resources.md
2024-09-16T16:15:00.586Z - info: Synchronizing opened pages list before reload
2024-09-16T16:15:00.587Z - info: Current opened pages, from most-to-least recent:
2024-09-16T16:15:00.589Z - info: 1. schedule/week6/tutorial
2024-09-16T16:15:01.561Z - info: Rebuilding 1 pages
2024-09-16T16:15:02.017Z - info: Site data built
2024-09-16T16:15:02.018Z - info: Pages rebuilt
2024-09-16T16:15:02.018Z - info: Website regeneration complete! Total build time: 0.458s
2024-09-16T16:15:09.659Z - info: [12:15:09 am] Reload for file change: C:\repos\nus-cs2103\cs2103-website-base\schedule\week6\tutorial-cs2103-fragment.md
2024-09-16T16:15:09.659Z - info: Synchronizing opened pages list before reload
2024-09-16T16:15:09.660Z - info: Current opened pages, from most-to-least recent:
2024-09-16T16:15:09.660Z - info: 1. schedule/week6/tutorial
2024-09-16T16:15:10.663Z - info: Rebuilding 1 pages
2024-09-16T16:15:10.980Z - info: Site data built
2024-09-16T16:15:10.981Z - info: Pages rebuilt
2024-09-16T16:15:10.981Z - info: Website regeneration complete! Total build time: 0.319s
2024-09-16T16:15:19.680Z - info: [12:15:19 am] Reload for file change: C:\repos\nus-cs2103\cs2103-website-base\schedule\week6\tutorial-cs2103-fragment.md
2024-09-16T16:15:19.680Z - info: Synchronizing opened pages list before reload
2024-09-16T16:15:19.681Z - info: Current opened pages, from most-to-least recent:
2024-09-16T16:15:19.681Z - info: 1. schedule/week6/tutorial
2024-09-16T16:15:20.696Z - info: Rebuilding 1 pages
2024-09-16T16:15:20.948Z - info: Site data built
2024-09-16T16:15:20.948Z - info: Pages rebuilt
2024-09-16T16:15:20.948Z - info: Website regeneration complete! Total build time: 0.254s
2024-09-16T16:15:28.935Z - info: [12:15:28 am] Reload for file change: C:\repos\nus-cs2103\cs2103-website-base\schedule\week6\tutorial-cs2103-fragment.md
2024-09-16T16:15:28.936Z - info: Synchronizing opened pages list before reload
2024-09-16T16:15:28.936Z - info: Current opened pages, from most-to-least recent:
2024-09-16T16:15:28.936Z - info: 1. schedule/week6/tutorial
2024-09-16T16:15:29.952Z - info: Rebuilding 1 pages
2024-09-16T16:15:30.224Z - info: Site data built
2024-09-16T16:15:30.224Z - info: Pages rebuilt
2024-09-16T16:15:30.225Z - info: Website regeneration complete! Total build time: 0.274s
2024-09-16T16:16:41.933Z - info: [12:16:41 am] Reload for file change: C:\repos\nus-cs2103\cs2103-website-base\schedule\week6\tutorial-cs2103-fragment.md
2024-09-16T16:16:41.933Z - info: Synchronizing opened pages list before reload
2024-09-16T16:16:41.934Z - info: Current opened pages, from most-to-least recent:
2024-09-16T16:16:41.934Z - info: 1. schedule/week6/tutorial
2024-09-16T16:16:42.948Z - info: Rebuilding 1 pages
2024-09-16T16:16:43.641Z - info: Site data built
2024-09-16T16:16:43.642Z - info: Pages rebuilt
2024-09-16T16:16:43.642Z - info: Website regeneration complete! Total build time: 0.696s
2024-09-16T16:17:00.004Z - info: [12:17:00 am] Reload for file change: C:\repos\nus-cs2103\cs2103-website-base\schedule\week6\tutorial-cs2103-fragment.md
2024-09-16T16:17:00.005Z - info: Synchronizing opened pages list before reload
2024-09-16T16:17:00.005Z - info: Current opened pages, from most-to-least recent:
2024-09-16T16:17:00.006Z - info: 1. schedule/week6/tutorial
2024-09-16T16:17:01.019Z - info: Rebuilding 1 pages
2024-09-16T16:17:01.490Z - info: Site data built
2024-09-16T16:17:01.490Z - info: Pages rebuilt
2024-09-16T16:17:01.490Z - info: Website regeneration complete! Total build time: 0.472s
2024-09-16T16:17:19.078Z - info: [12:17:19 am] Reload for file change: C:\repos\nus-cs2103\cs2103-website-base\schedule\week6\tutorial-cs2103-fragment.md
2024-09-16T16:17:19.079Z - info: Synchronizing opened pages list before reload
2024-09-16T16:17:19.079Z - info: Current opened pages, from most-to-least recent:
2024-09-16T16:17:19.080Z - info: 1. schedule/week6/tutorial
2024-09-16T16:17:20.091Z - info: Rebuilding 1 pages
2024-09-16T16:17:20.474Z - info: Site data built
2024-09-16T16:17:20.475Z - info: Pages rebuilt
2024-09-16T16:17:20.476Z - info: Website regeneration complete! Total build time: 0.385s
2024-09-16T16:17:53.545Z - info: [12:17:53 am] Reload for file change: C:\repos\nus-cs2103\cs2103-website-base\schedule\week6\tutorial-cs2103-fragment.md
2024-09-16T16:17:53.546Z - info: Synchronizing opened pages list before reload
2024-09-16T16:17:53.547Z - info: Current opened pages, from most-to-least recent:
2024-09-16T16:17:53.547Z - info: 1. schedule/week6/tutorial
2024-09-16T16:17:54.550Z - info: Rebuilding 1 pages
2024-09-16T16:17:55.062Z - info: Site data built
2024-09-16T16:17:55.062Z - info: Pages rebuilt
2024-09-16T16:17:55.063Z - info: Website regeneration complete! Total build time: 0.514s
2024-09-16T16:17:58.551Z - info: [12:17:58 am] Reload for file change: C:\repos\nus-cs2103\cs2103-website-base\schedule\week6\tutorial-cs2103-fragment.md
2024-09-16T16:17:58.551Z - info: Synchronizing opened pages list before reload
2024-09-16T16:17:58.551Z - info: Current opened pages, from most-to-least recent:
2024-09-16T16:17:58.552Z - info: 1. schedule/week6/tutorial
2024-09-16T16:17:59.561Z - info: Rebuilding 1 pages
2024-09-16T16:17:59.908Z - info: Site data built
2024-09-16T16:17:59.909Z - info: Pages rebuilt
2024-09-16T16:17:59.909Z - info: Website regeneration complete! Total build time: 0.35s
2024-09-16T16:18:57.465Z - info: [12:18:57 am] Reload for file change: C:\repos\nus-cs2103\cs2103-website-base\schedule\week6\tutorial-cs2103-fragment.md
2024-09-16T16:18:57.465Z - info: Synchronizing opened pages list before reload
2024-09-16T16:18:57.466Z - info: Current opened pages, from most-to-least recent:
2024-09-16T16:18:57.467Z - info: 1. schedule/week6/tutorial
2024-09-16T16:18:58.478Z - info: Rebuilding 1 pages
2024-09-16T16:18:58.852Z - info: Site data built
2024-09-16T16:18:58.854Z - info: Pages rebuilt
2024-09-16T16:18:58.854Z - info: Website regeneration complete! Total build time: 0.377s
2024-09-16T16:21:33.456Z - info: Website generation started at 12:20:37 am
2024-09-16T16:21:59.396Z - warn: ENOENT: no such file or directory, open 'C:\repos\nus-cs2103\cs2103-website-base\node_modules\.cache\gh-pages\https!github.com!nus-cs2103-AY2425S1!website.git\book\_markbind\variables.md'
2024-09-16T16:21:59.399Z - warn: ENOENT: no such file or directory, open 'C:\repos\nus-cs2103\cs2103-website-base\node_modules\.cache\gh-pages\https!github.com!nus-cs2103-AY2425S1!website.git\cache\gh-pages\https!github.com!nus-cs2103-AY2425S1!website.git\book\_markbind\variables.md'
2024-09-16T16:21:59.402Z - warn: ENOENT: no such file or directory, open 'C:\repos\nus-cs2103\cs2103-website-base\node_modules\.cache\gh-pages\https!github.com!nus-cs2103-AY2425S1!website.git\cache\gh-pages\https!github.com!nus-cs2103-AY2425S1!website.git\_markbind\variables.md'
2024-09-16T16:21:59.405Z - warn: ENOENT: no such file or directory, open 'C:\repos\nus-cs2103\cs2103-website-base\node_modules\.cache\gh-pages\https!github.com!nus-cs2103-AY2425S1!website.git\_markbind\variables.md'
2024-09-16T16:21:59.530Z - info: Building assets...
