2024-10-24T16:00:03.191Z - info: [00:00:03] Reload for file change: /Users/damithch/Repos/nus-cs2103/cs2103-website-base/admin/tp-tasks-fragment.md
2024-10-24T16:00:03.206Z - info: Synchronizing opened pages list before reload
2024-10-24T16:00:03.207Z - info: Current opened pages, from most-to-least recent:
2024-10-24T16:00:03.208Z - info: 1. schedule/week10/project
2024-10-24T16:00:04.216Z - info: Rebuilding 1 pages
2024-10-24T16:00:05.106Z - info: Site data built
2024-10-24T16:00:05.106Z - info: Pages rebuilt
2024-10-24T16:00:05.106Z - info: Website regeneration complete! Total build time: 0.894s
2024-10-24T16:00:41.662Z - info: [00:00:41] Reload for file change: /Users/damithch/Repos/nus-cs2103/cs2103-website-base/admin/tp-tasks-fragment.md
2024-10-24T16:00:41.663Z - info: Synchronizing opened pages list before reload
2024-10-24T16:00:41.663Z - info: Current opened pages, from most-to-least recent:
2024-10-24T16:00:41.663Z - info: 1. schedule/week10/project
2024-10-24T16:00:42.667Z - info: Rebuilding 1 pages
2024-10-24T16:00:43.574Z - info: Site data built
2024-10-24T16:00:43.574Z - info: Pages rebuilt
2024-10-24T16:00:43.574Z - info: Website regeneration complete! Total build time: 0.91s
2024-10-24T16:01:07.235Z - info: Website generation started at 00:01:06
2024-10-24T16:01:07.495Z - warn: ENOENT: no such file or directory, open '/Users/damithch/Repos/nus-cs2103/cs2103-website-base/node_modules/.cache/gh-pages/https!github.com!nus-cs2103-AY2425S1!website.git/book/_markbind/variables.md'
2024-10-24T16:01:07.496Z - warn: ENOENT: no such file or directory, open '/Users/damithch/Repos/nus-cs2103/cs2103-website-base/node_modules/.cache/gh-pages/https!github.com!nus-cs2103-AY2425S1!website.git/_markbind/variables.md'
2024-10-24T16:01:07.514Z - info: Building assets...
