2024-11-20T12:03:01.473Z - info: Website generation (lazy) started at 20:03:00
2024-11-20T12:03:01.819Z - warn: ENOENT: no such file or directory, open '/Users/damithch/Repos/nus-cs2103/cs2103-website-base/node_modules/.cache/gh-pages/https!github.com!nus-cs2103-AY2425S1!website.git/book/_markbind/variables.md'
2024-11-20T12:03:01.820Z - warn: ENOENT: no such file or directory, open '/Users/damithch/Repos/nus-cs2103/cs2103-website-base/node_modules/.cache/gh-pages/https!github.com!nus-cs2103-AY2425S1!website.git/_markbind/variables.md'
2024-11-20T12:03:01.841Z - info: Building assets...
2024-11-20T12:03:03.263Z - info: Assets built
2024-11-20T12:03:03.263Z - info: Generating landing page...
2024-11-20T12:03:04.246Z - info: Landing page built, other pages will be built as you navigate to them!
2024-11-20T12:03:04.314Z - info: Site data built
2024-11-20T12:03:04.315Z - info: Website generation (lazy) complete! Total build time: 3.583s
2024-11-20T12:03:04.329Z - info: Serving "/Users/damithch/Repos/nus-cs2103/cs2103-website-base/_site" at http://127.0.0.1:8080
2024-11-20T12:03:04.329Z - info: Press CTRL+C to stop ...
2024-11-20T12:04:33.556Z - info: [20:04:33] Reload for file change: /Users/damithch/Repos/nus-cs2103/cs2103-website-base/admin/tp-pe-fragment.md
2024-11-20T12:04:33.557Z - info: Synchronizing opened pages list before reload
2024-11-20T12:04:33.557Z - info: Current opened pages, from most-to-least recent:
2024-11-20T12:04:33.557Z - info: 1. index
2024-11-20T12:04:34.568Z - info: Assets built
2024-11-20T12:04:36.438Z - info: Building /Users/damithch/Repos/nus-cs2103/cs2103-website-base/admin/tp-pe as some of its dependencies were changed since the last visit
2024-11-20T12:04:37.173Z - info: Site data built
2024-11-20T12:04:37.173Z - info: Lazy website regeneration complete! Total build time: 0.735s
2024-11-20T12:05:30.938Z - info: Website generation started at 20:05:30
2024-11-20T12:05:31.205Z - warn: ENOENT: no such file or directory, open '/Users/damithch/Repos/nus-cs2103/cs2103-website-base/node_modules/.cache/gh-pages/https!github.com!nus-cs2103-AY2425S1!website.git/book/_markbind/variables.md'
2024-11-20T12:05:31.205Z - warn: ENOENT: no such file or directory, open '/Users/damithch/Repos/nus-cs2103/cs2103-website-base/node_modules/.cache/gh-pages/https!github.com!nus-cs2103-AY2425S1!website.git/_markbind/variables.md'
2024-11-20T12:05:31.224Z - info: Building assets...
